distributed.nanny - INFO -         Start Nanny at: 'tcp://10.7.0.2:38463'
distributed.nanny - INFO -         Start Nanny at: 'tcp://10.7.0.2:36077'
distributed.nanny - INFO -         Start Nanny at: 'tcp://10.7.0.2:46488'
distributed.nanny - INFO -         Start Nanny at: 'tcp://10.7.0.2:46520'
distributed.nanny - INFO -         Start Nanny at: 'tcp://10.7.0.2:37364'
distributed.nanny - INFO -         Start Nanny at: 'tcp://10.7.0.2:39326'
distributed.nanny - INFO -         Start Nanny at: 'tcp://10.7.0.2:35726'
distributed.nanny - INFO -         Start Nanny at: 'tcp://10.7.0.2:36390'
distributed.nanny - INFO -         Start Nanny at: 'tcp://10.7.0.2:33237'
distributed.nanny - INFO -         Start Nanny at: 'tcp://10.7.0.2:42961'
distributed.nanny - INFO -         Start Nanny at: 'tcp://10.7.0.14:33790'
distributed.nanny - INFO -         Start Nanny at: 'tcp://10.7.0.2:36105'
distributed.nanny - INFO -         Start Nanny at: 'tcp://10.7.0.2:38694'
distributed.nanny - INFO -         Start Nanny at: 'tcp://10.7.0.2:34923'
distributed.nanny - INFO -         Start Nanny at: 'tcp://10.7.0.2:34596'
distributed.nanny - INFO -         Start Nanny at: 'tcp://10.7.0.2:43820'
distributed.nanny - INFO -         Start Nanny at: 'tcp://10.7.0.2:39897'
distributed.nanny - INFO -         Start Nanny at: 'tcp://10.7.0.2:37861'
distributed.nanny - INFO -         Start Nanny at: 'tcp://10.7.0.2:46118'
distributed.nanny - INFO -         Start Nanny at: 'tcp://10.7.0.2:36467'
distributed.nanny - INFO -         Start Nanny at: 'tcp://10.7.0.2:39794'
distributed.nanny - INFO -         Start Nanny at: 'tcp://10.7.0.2:42280'
distributed.nanny - INFO -         Start Nanny at: 'tcp://10.7.0.2:46508'
distributed.nanny - INFO -         Start Nanny at: 'tcp://10.7.0.2:42945'
distributed.nanny - INFO -         Start Nanny at: 'tcp://10.7.0.2:37789'
distributed.nanny - INFO -         Start Nanny at: 'tcp://10.7.0.2:36328'
distributed.nanny - INFO -         Start Nanny at: 'tcp://10.7.0.2:42376'
distributed.nanny - INFO -         Start Nanny at: 'tcp://10.7.0.2:37962'
distributed.nanny - INFO -         Start Nanny at: 'tcp://10.7.0.14:41551'
distributed.nanny - INFO -         Start Nanny at: 'tcp://10.7.0.17:39684'
distributed.nanny - INFO -         Start Nanny at: 'tcp://10.7.0.14:43204'
distributed.nanny - INFO -         Start Nanny at: 'tcp://10.7.0.14:40123'
distributed.nanny - INFO -         Start Nanny at: 'tcp://10.7.0.14:38022'
distributed.nanny - INFO -         Start Nanny at: 'tcp://10.7.0.2:34364'
distributed.nanny - INFO -         Start Nanny at: 'tcp://10.7.0.14:45988'
distributed.nanny - INFO -         Start Nanny at: 'tcp://10.7.0.2:42165'
distributed.nanny - INFO -         Start Nanny at: 'tcp://10.7.0.14:33486'
distributed.nanny - INFO -         Start Nanny at: 'tcp://10.7.0.14:42691'
distributed.nanny - INFO -         Start Nanny at: 'tcp://10.7.0.14:39231'
distributed.nanny - INFO -         Start Nanny at: 'tcp://10.7.0.14:43687'
distributed.nanny - INFO -         Start Nanny at: 'tcp://10.7.0.14:36819'
distributed.nanny - INFO -         Start Nanny at: 'tcp://10.7.0.14:42049'
distributed.nanny - INFO -         Start Nanny at: 'tcp://10.7.0.14:34300'
distributed.nanny - INFO -         Start Nanny at: 'tcp://10.7.0.14:39178'
distributed.nanny - INFO -         Start Nanny at: 'tcp://10.7.0.14:44711'
distributed.nanny - INFO -         Start Nanny at: 'tcp://10.7.0.14:37204'
distributed.nanny - INFO -         Start Nanny at: 'tcp://10.7.0.14:39210'
distributed.nanny - INFO -         Start Nanny at: 'tcp://10.7.0.14:38402'
distributed.nanny - INFO -         Start Nanny at: 'tcp://10.7.0.17:44171'
distributed.nanny - INFO -         Start Nanny at: 'tcp://10.7.0.17:37919'
distributed.nanny - INFO -         Start Nanny at: 'tcp://10.7.0.17:37866'
distributed.nanny - INFO -         Start Nanny at: 'tcp://10.7.0.14:46709'
distributed.nanny - INFO -         Start Nanny at: 'tcp://10.7.0.17:42049'
distributed.nanny - INFO -         Start Nanny at: 'tcp://10.7.0.17:46002'
distributed.nanny - INFO -         Start Nanny at: 'tcp://10.7.0.17:45664'
distributed.nanny - INFO -         Start Nanny at: 'tcp://10.7.0.17:36843'
distributed.nanny - INFO -         Start Nanny at: 'tcp://10.7.0.14:44287'
distributed.nanny - INFO -         Start Nanny at: 'tcp://10.7.0.2:32895'
distributed.nanny - INFO -         Start Nanny at: 'tcp://10.7.0.17:40449'
distributed.nanny - INFO -         Start Nanny at: 'tcp://10.7.0.17:43745'
distributed.nanny - INFO -         Start Nanny at: 'tcp://10.7.0.17:44880'
distributed.nanny - INFO -         Start Nanny at: 'tcp://10.7.0.14:38916'
distributed.nanny - INFO -         Start Nanny at: 'tcp://10.7.0.17:39813'
distributed.nanny - INFO -         Start Nanny at: 'tcp://10.7.0.14:45320'
distributed.nanny - INFO -         Start Nanny at: 'tcp://10.7.0.17:37247'
distributed.nanny - INFO -         Start Nanny at: 'tcp://10.7.0.14:33961'
distributed.nanny - INFO -         Start Nanny at: 'tcp://10.7.0.17:35314'
distributed.nanny - INFO -         Start Nanny at: 'tcp://10.7.0.14:38804'
distributed.nanny - INFO -         Start Nanny at: 'tcp://10.7.0.17:41527'
distributed.nanny - INFO -         Start Nanny at: 'tcp://10.7.0.14:41315'
distributed.nanny - INFO -         Start Nanny at: 'tcp://10.7.0.17:40840'
distributed.nanny - INFO -         Start Nanny at: 'tcp://10.7.0.14:32953'
distributed.nanny - INFO -         Start Nanny at: 'tcp://10.7.0.17:41472'
distributed.nanny - INFO -         Start Nanny at: 'tcp://10.7.0.14:34615'
distributed.nanny - INFO -         Start Nanny at: 'tcp://10.7.0.17:34369'
distributed.nanny - INFO -         Start Nanny at: 'tcp://10.7.0.14:38946'
distributed.nanny - INFO -         Start Nanny at: 'tcp://10.7.0.17:36040'
distributed.nanny - INFO -         Start Nanny at: 'tcp://10.7.0.14:44477'
distributed.nanny - INFO -         Start Nanny at: 'tcp://10.7.0.17:42343'
distributed.nanny - INFO -         Start Nanny at: 'tcp://10.7.0.14:38708'
distributed.nanny - INFO -         Start Nanny at: 'tcp://10.7.0.13:45027'
distributed.nanny - INFO -         Start Nanny at: 'tcp://10.7.0.13:34814'
distributed.nanny - INFO -         Start Nanny at: 'tcp://10.7.0.13:38537'
distributed.nanny - INFO -         Start Nanny at: 'tcp://10.7.0.13:41092'
distributed.nanny - INFO -         Start Nanny at: 'tcp://10.7.0.13:39627'
distributed.nanny - INFO -         Start Nanny at: 'tcp://10.7.0.13:33100'
distributed.nanny - INFO -         Start Nanny at: 'tcp://10.7.0.13:33330'
distributed.nanny - INFO -         Start Nanny at: 'tcp://10.7.0.13:44949'
distributed.nanny - INFO -         Start Nanny at: 'tcp://10.7.0.13:33284'
distributed.nanny - INFO -         Start Nanny at: 'tcp://10.7.0.13:39473'
distributed.nanny - INFO -         Start Nanny at: 'tcp://10.7.0.13:34719'
distributed.nanny - INFO -         Start Nanny at: 'tcp://10.7.0.13:38508'
distributed.nanny - INFO -         Start Nanny at: 'tcp://10.7.0.13:34224'
distributed.nanny - INFO -         Start Nanny at: 'tcp://10.7.0.13:37376'
distributed.nanny - INFO -         Start Nanny at: 'tcp://10.7.0.13:34537'
distributed.nanny - INFO -         Start Nanny at: 'tcp://10.7.0.13:36293'
distributed.nanny - INFO -         Start Nanny at: 'tcp://10.7.0.13:37308'
distributed.nanny - INFO -         Start Nanny at: 'tcp://10.7.0.13:35254'
distributed.nanny - INFO -         Start Nanny at: 'tcp://10.7.0.13:39061'
distributed.nanny - INFO -         Start Nanny at: 'tcp://10.7.0.13:42585'
distributed.nanny - INFO -         Start Nanny at: 'tcp://10.7.0.17:36786'
distributed.nanny - INFO -         Start Nanny at: 'tcp://10.7.0.17:43072'
distributed.nanny - INFO -         Start Nanny at: 'tcp://10.7.0.17:36659'
distributed.nanny - INFO -         Start Nanny at: 'tcp://10.7.0.17:35805'
distributed.nanny - INFO -         Start Nanny at: 'tcp://10.7.0.17:45232'
distributed.nanny - INFO -         Start Nanny at: 'tcp://10.7.0.17:39547'
distributed.nanny - INFO -         Start Nanny at: 'tcp://10.7.0.17:39414'
distributed.nanny - INFO -         Start Nanny at: 'tcp://10.7.0.17:38029'
distributed.nanny - INFO -         Start Nanny at: 'tcp://10.7.0.17:39669'
distributed.nanny - INFO -         Start Nanny at: 'tcp://10.7.0.17:37863'
distributed.nanny - INFO -         Start Nanny at: 'tcp://10.7.0.13:37955'
distributed.nanny - INFO -         Start Nanny at: 'tcp://10.7.0.13:35651'
distributed.nanny - INFO -         Start Nanny at: 'tcp://10.7.0.13:36535'
distributed.nanny - INFO -         Start Nanny at: 'tcp://10.7.0.13:41406'
distributed.nanny - INFO -         Start Nanny at: 'tcp://10.7.0.13:37363'
distributed.nanny - INFO -         Start Nanny at: 'tcp://10.7.0.13:37619'
distributed.nanny - INFO -         Start Nanny at: 'tcp://10.7.0.13:33738'
distributed.nanny - INFO -         Start Nanny at: 'tcp://10.7.0.13:40586'
distributed.nanny - INFO -         Start Nanny at: 'tcp://10.7.0.13:41858'
distributed.nanny - INFO -         Start Nanny at: 'tcp://10.7.0.13:35758'
distributed.worker - INFO -       Start worker at:       tcp://10.7.0.2:36280
distributed.worker - INFO -          Listening to:       tcp://10.7.0.2:36280
distributed.worker - INFO -          dashboard at:             10.7.0.2:33395
distributed.worker - INFO - Waiting to connect to:        tcp://10.7.0.1:8786
distributed.worker - INFO - -------------------------------------------------
distributed.worker - INFO -               Threads:                         40
distributed.worker - INFO -                Memory:                 160.00 GiB
distributed.worker - INFO -       Local Directory: /tmp/dask-worker-space/worker-e40sq1ww
distributed.worker - INFO - -------------------------------------------------
distributed.worker - INFO -       Start worker at:       tcp://10.7.0.2:34764
distributed.worker - INFO -          Listening to:       tcp://10.7.0.2:34764
distributed.worker - INFO -          dashboard at:             10.7.0.2:35361
distributed.worker - INFO - Waiting to connect to:        tcp://10.7.0.1:8786
distributed.worker - INFO - -------------------------------------------------
distributed.worker - INFO -               Threads:                         40
distributed.worker - INFO -                Memory:                 160.00 GiB
distributed.worker - INFO -       Local Directory: /tmp/dask-worker-space/worker-mf2kmmom
distributed.worker - INFO - -------------------------------------------------
distributed.worker - INFO -       Start worker at:      tcp://10.7.0.17:37934
distributed.worker - INFO -          Listening to:      tcp://10.7.0.17:37934
distributed.worker - INFO -       Start worker at:      tcp://10.7.0.17:42996
distributed.worker - INFO -          Listening to:      tcp://10.7.0.17:42996
distributed.worker - INFO -          dashboard at:            10.7.0.17:33135
distributed.worker - INFO -          dashboard at:            10.7.0.17:42555
distributed.worker - INFO - Waiting to connect to:        tcp://10.7.0.1:8786
distributed.worker - INFO -       Start worker at:       tcp://10.7.0.2:35033
distributed.worker - INFO - Waiting to connect to:        tcp://10.7.0.1:8786
distributed.worker - INFO - -------------------------------------------------
distributed.worker - INFO - -------------------------------------------------
distributed.worker - INFO -               Threads:                         40
distributed.worker - INFO -               Threads:                         40
distributed.worker - INFO -                Memory:                 160.00 GiB
distributed.worker - INFO -                Memory:                 160.00 GiB
distributed.worker - INFO -       Local Directory: /tmp/dask-worker-space/worker-g55clr3y
distributed.worker - INFO -       Start worker at:       tcp://10.7.0.2:42098
distributed.worker - INFO -       Start worker at:      tcp://10.7.0.17:36373
distributed.worker - INFO -       Local Directory: /tmp/dask-worker-space/worker-78eau9cp
distributed.worker - INFO -          Listening to:       tcp://10.7.0.2:42098
distributed.worker - INFO - -------------------------------------------------
distributed.worker - INFO -       Start worker at:       tcp://10.7.0.2:32844
distributed.worker - INFO -          Listening to:      tcp://10.7.0.17:36373
distributed.worker - INFO -          dashboard at:            10.7.0.17:38215
distributed.worker - INFO -          Listening to:       tcp://10.7.0.2:32844
distributed.worker - INFO -          dashboard at:             10.7.0.2:46722
distributed.worker - INFO - -------------------------------------------------
distributed.worker - INFO - Waiting to connect to:        tcp://10.7.0.1:8786
distributed.worker - INFO - Waiting to connect to:        tcp://10.7.0.1:8786
distributed.worker - INFO - -------------------------------------------------
distributed.worker - INFO -               Threads:                         40
distributed.worker - INFO - -------------------------------------------------
distributed.worker - INFO -               Threads:                         40
distributed.worker - INFO -                Memory:                 160.00 GiB
distributed.worker - INFO -       Local Directory: /tmp/dask-worker-space/worker-k6qtwxus
distributed.worker - INFO -          dashboard at:             10.7.0.2:33917
distributed.worker - INFO - Waiting to connect to:        tcp://10.7.0.1:8786
distributed.worker - INFO - -------------------------------------------------
distributed.worker - INFO -                Memory:                 160.00 GiB
distributed.worker - INFO -       Local Directory: /tmp/dask-worker-space/worker-qf213au9
distributed.worker - INFO - -------------------------------------------------
distributed.worker - INFO -               Threads:                         40
distributed.worker - INFO -                Memory:                 160.00 GiB
distributed.worker - INFO -       Local Directory: /tmp/dask-worker-space/worker-17cq6vs8
distributed.worker - INFO - -------------------------------------------------
distributed.worker - INFO - -------------------------------------------------
distributed.worker - INFO -       Start worker at:       tcp://10.7.0.2:35641
distributed.worker - INFO -       Start worker at:       tcp://10.7.0.2:33944
distributed.worker - INFO -       Start worker at:      tcp://10.7.0.17:46375
distributed.worker - INFO -          Listening to:      tcp://10.7.0.17:46375
distributed.worker - INFO -          dashboard at:            10.7.0.17:34036
distributed.worker - INFO -       Start worker at:       tcp://10.7.0.2:40907
distributed.worker - INFO - Waiting to connect to:        tcp://10.7.0.1:8786
distributed.worker - INFO -          Listening to:       tcp://10.7.0.2:35033
distributed.worker - INFO - -------------------------------------------------
distributed.worker - INFO -               Threads:                         40
distributed.worker - INFO -          Listening to:       tcp://10.7.0.2:35641
distributed.worker - INFO -       Start worker at:      tcp://10.7.0.17:35151
distributed.worker - INFO -          Listening to:      tcp://10.7.0.17:35151
distributed.worker - INFO -                Memory:                 160.00 GiB
distributed.worker - INFO -       Local Directory: /tmp/dask-worker-space/worker-tzr6yj4v
distributed.worker - INFO -          dashboard at:            10.7.0.17:41853
distributed.worker - INFO -          Listening to:       tcp://10.7.0.2:40907
distributed.worker - INFO - Waiting to connect to:        tcp://10.7.0.1:8786
distributed.worker - INFO - -------------------------------------------------
distributed.worker - INFO -          Listening to:       tcp://10.7.0.2:33944
distributed.worker - INFO -          dashboard at:             10.7.0.2:45392
distributed.worker - INFO - -------------------------------------------------
distributed.worker - INFO -               Threads:                         40
distributed.worker - INFO -                Memory:                 160.00 GiB
distributed.worker - INFO -       Local Directory: /tmp/dask-worker-space/worker-7xekh4y9
distributed.worker - INFO - -------------------------------------------------
distributed.worker - INFO -          dashboard at:             10.7.0.2:33784
distributed.worker - INFO - Waiting to connect to:        tcp://10.7.0.1:8786
distributed.worker - INFO -       Start worker at:      tcp://10.7.0.17:41161
distributed.worker - INFO -          Listening to:      tcp://10.7.0.17:41161
distributed.worker - INFO -          dashboard at:             10.7.0.2:36773
distributed.worker - INFO - Waiting to connect to:        tcp://10.7.0.1:8786
distributed.worker - INFO - -------------------------------------------------
distributed.worker - INFO -          dashboard at:            10.7.0.17:43676
distributed.worker - INFO - Waiting to connect to:        tcp://10.7.0.1:8786
distributed.worker - INFO - -------------------------------------------------
distributed.worker - INFO -          dashboard at:             10.7.0.2:42168
distributed.worker - INFO -               Threads:                         40
distributed.worker - INFO - Waiting to connect to:        tcp://10.7.0.1:8786
distributed.worker - INFO - -------------------------------------------------
distributed.worker - INFO -       Start worker at:      tcp://10.7.0.17:37774
distributed.worker - INFO -       Start worker at:      tcp://10.7.0.17:44709
distributed.worker - INFO -       Start worker at:       tcp://10.7.0.2:44735
distributed.worker - INFO -                Memory:                 160.00 GiB
distributed.worker - INFO -          Listening to:      tcp://10.7.0.17:44709
distributed.worker - INFO - -------------------------------------------------
distributed.worker - INFO -               Threads:                         40
distributed.worker - INFO -       Local Directory: /tmp/dask-worker-space/worker-xgzvog9z
distributed.worker - INFO -               Threads:                         40
distributed.worker - INFO -                Memory:                 160.00 GiB
distributed.worker - INFO -       Local Directory: /tmp/dask-worker-space/worker-s5exe4xu
distributed.worker - INFO -       Start worker at:      tcp://10.7.0.17:35056
distributed.worker - INFO -          dashboard at:            10.7.0.17:43198
distributed.worker - INFO -       Start worker at:      tcp://10.7.0.14:40802
distributed.worker - INFO - -------------------------------------------------
distributed.worker - INFO -       Start worker at:       tcp://10.7.0.2:42976
distributed.worker - INFO -          Listening to:      tcp://10.7.0.17:35056
distributed.worker - INFO - Waiting to connect to:        tcp://10.7.0.1:8786
distributed.worker - INFO -       Start worker at:       tcp://10.7.0.2:38448
distributed.worker - INFO -          dashboard at:            10.7.0.17:34073
distributed.worker - INFO -       Start worker at:      tcp://10.7.0.14:39759
distributed.worker - INFO - -------------------------------------------------
distributed.worker - INFO - Waiting to connect to:        tcp://10.7.0.1:8786
distributed.worker - INFO - -------------------------------------------------
distributed.worker - INFO -          Listening to:      tcp://10.7.0.14:39759
distributed.worker - INFO -          Listening to:      tcp://10.7.0.17:37774
distributed.worker - INFO -          dashboard at:            10.7.0.14:41145
distributed.worker - INFO -               Threads:                         40
distributed.worker - INFO -                Memory:                 160.00 GiB
distributed.worker - INFO -       Local Directory: /tmp/dask-worker-space/worker-69o250wz
distributed.worker - INFO -               Threads:                         40
distributed.worker - INFO - Waiting to connect to:        tcp://10.7.0.1:8786
distributed.worker - INFO -          Listening to:       tcp://10.7.0.2:44735
distributed.worker - INFO - Waiting to connect to:        tcp://10.7.0.1:8786
distributed.worker - INFO - -------------------------------------------------
distributed.worker - INFO -                Memory:                 160.00 GiB
distributed.worker - INFO -               Threads:                         40
distributed.worker - INFO - -------------------------------------------------
distributed.worker - INFO -               Threads:                         40
distributed.worker - INFO -       Start worker at:      tcp://10.7.0.14:44415
distributed.worker - INFO -                Memory:                 160.00 GiB
distributed.worker - INFO -       Local Directory: /tmp/dask-worker-space/worker-9jb1fjq6
distributed.worker - INFO - -------------------------------------------------
distributed.worker - INFO -          dashboard at:            10.7.0.17:46797
distributed.worker - INFO -       Start worker at:      tcp://10.7.0.14:34237
distributed.worker - INFO -                Memory:                 160.00 GiB
distributed.worker - INFO -       Start worker at:      tcp://10.7.0.14:34136
distributed.worker - INFO -                Memory:                 160.00 GiB
distributed.worker - INFO -          Listening to:       tcp://10.7.0.2:42976
distributed.worker - INFO -          dashboard at:             10.7.0.2:37069
distributed.worker - INFO -       Start worker at:      tcp://10.7.0.17:46832
distributed.worker - INFO -       Local Directory: /tmp/dask-worker-space/worker-wjgm_02t
distributed.worker - INFO -       Start worker at:      tcp://10.7.0.14:39259
distributed.worker - INFO -       Start worker at:      tcp://10.7.0.17:34888
distributed.worker - INFO -          Listening to:      tcp://10.7.0.14:44415
distributed.worker - INFO -       Start worker at:       tcp://10.7.0.2:39230
distributed.worker - INFO -       Local Directory: /tmp/dask-worker-space/worker-q3b9w4tb
distributed.worker - INFO -       Start worker at:      tcp://10.7.0.17:46241
distributed.worker - INFO -          Listening to:      tcp://10.7.0.17:46241
distributed.worker - INFO -          Listening to:      tcp://10.7.0.14:39259
distributed.worker - INFO -          Listening to:      tcp://10.7.0.14:34136
distributed.worker - INFO -          Listening to:       tcp://10.7.0.2:38448
distributed.worker - INFO -          Listening to:      tcp://10.7.0.17:46832
distributed.worker - INFO -          dashboard at:            10.7.0.14:45273
distributed.worker - INFO -          dashboard at:            10.7.0.14:43688
distributed.worker - INFO -               Threads:                         40
distributed.worker - INFO -          Listening to:      tcp://10.7.0.14:34237
distributed.worker - INFO -          dashboard at:            10.7.0.14:38252
distributed.worker - INFO - Waiting to connect to:        tcp://10.7.0.1:8786
distributed.worker - INFO - -------------------------------------------------
distributed.worker - INFO - -------------------------------------------------
distributed.worker - INFO - Waiting to connect to:        tcp://10.7.0.1:8786
distributed.worker - INFO - Waiting to connect to:        tcp://10.7.0.1:8786
distributed.worker - INFO -          dashboard at:            10.7.0.14:42168
distributed.worker - INFO -          dashboard at:             10.7.0.2:46741
distributed.worker - INFO -       Start worker at:      tcp://10.7.0.17:42020
distributed.worker - INFO -          Listening to:      tcp://10.7.0.17:42020
distributed.worker - INFO - Waiting to connect to:        tcp://10.7.0.1:8786
distributed.worker - INFO - -------------------------------------------------
distributed.worker - INFO -               Threads:                         40
distributed.worker - INFO - -------------------------------------------------
distributed.worker - INFO - Waiting to connect to:        tcp://10.7.0.1:8786
distributed.worker - INFO - -------------------------------------------------
distributed.worker - INFO -          Listening to:      tcp://10.7.0.17:34888
distributed.worker - INFO -          dashboard at:            10.7.0.17:42750
distributed.worker - INFO - -------------------------------------------------
distributed.worker - INFO -               Threads:                         40
distributed.worker - INFO - -------------------------------------------------
distributed.worker - INFO - Waiting to connect to:        tcp://10.7.0.1:8786
distributed.worker - INFO - -------------------------------------------------
distributed.worker - INFO -               Threads:                         40
distributed.worker - INFO -          dashboard at:            10.7.0.17:33343
distributed.worker - INFO -               Threads:                         40
distributed.worker - INFO -          dashboard at:             10.7.0.2:43123
distributed.worker - INFO - Waiting to connect to:        tcp://10.7.0.1:8786
distributed.worker - INFO -                Memory:                 160.00 GiB
distributed.worker - INFO -       Local Directory: /tmp/dask-worker-space/worker-nr0421dy
distributed.worker - INFO -                Memory:                 160.00 GiB
distributed.worker - INFO -               Threads:                         40
distributed.worker - INFO -       Start worker at:       tcp://10.7.0.2:41486
distributed.worker - INFO -          dashboard at:            10.7.0.17:46841
distributed.worker - INFO - Waiting to connect to:        tcp://10.7.0.1:8786
distributed.worker - INFO -                Memory:                 160.00 GiB
distributed.worker - INFO -                Memory:                 160.00 GiB
distributed.worker - INFO -       Local Directory: /tmp/dask-worker-space/worker-xpu8kleg
distributed.worker - INFO -       Local Directory: /tmp/dask-worker-space/worker-bl9at6pw
distributed.worker - INFO - Waiting to connect to:        tcp://10.7.0.1:8786
distributed.worker - INFO - -------------------------------------------------
distributed.worker - INFO -                Memory:                 160.00 GiB
distributed.worker - INFO -       Local Directory: /tmp/dask-worker-space/worker-zs3thh4c
distributed.worker - INFO -       Local Directory: /tmp/dask-worker-space/worker-g4qmanns
distributed.worker - INFO - -------------------------------------------------
distributed.worker - INFO -                Memory:                 160.00 GiB
distributed.worker - INFO -       Local Directory: /tmp/dask-worker-space/worker-trtu4src
distributed.worker - INFO - -------------------------------------------------
distributed.worker - INFO -       Start worker at:      tcp://10.7.0.14:45538
distributed.worker - INFO -       Start worker at:      tcp://10.7.0.14:37538
distributed.worker - INFO - -------------------------------------------------
distributed.worker - INFO -          Listening to:       tcp://10.7.0.2:39230
distributed.worker - INFO -          dashboard at:             10.7.0.2:45982
distributed.worker - INFO - Waiting to connect to:        tcp://10.7.0.1:8786
distributed.worker - INFO - -------------------------------------------------
distributed.worker - INFO -       Start worker at:       tcp://10.7.0.2:35296
distributed.worker - INFO -          Listening to:       tcp://10.7.0.2:35296
distributed.worker - INFO -          dashboard at:             10.7.0.2:46237
distributed.worker - INFO - -------------------------------------------------
distributed.worker - INFO -          Listening to:      tcp://10.7.0.14:40802
distributed.worker - INFO -       Start worker at:      tcp://10.7.0.14:44133
distributed.worker - INFO - -------------------------------------------------
distributed.worker - INFO -               Threads:                         40
distributed.worker - INFO -          dashboard at:            10.7.0.17:42591
distributed.worker - INFO - Waiting to connect to:        tcp://10.7.0.1:8786
distributed.worker - INFO - -------------------------------------------------
distributed.worker - INFO -       Start worker at:      tcp://10.7.0.14:35171
distributed.worker - INFO -          Listening to:       tcp://10.7.0.2:41486
distributed.worker - INFO -          dashboard at:             10.7.0.2:42972
distributed.worker - INFO - Waiting to connect to:        tcp://10.7.0.1:8786
distributed.worker - INFO -          Listening to:      tcp://10.7.0.14:45538
distributed.worker - INFO - -------------------------------------------------
distributed.worker - INFO - -------------------------------------------------
distributed.worker - INFO -          dashboard at:            10.7.0.14:33441
distributed.worker - INFO -               Threads:                         40
distributed.worker - INFO -                Memory:                 160.00 GiB
distributed.worker - INFO -       Start worker at:      tcp://10.7.0.13:40042
distributed.worker - INFO -          Listening to:      tcp://10.7.0.14:35171
distributed.worker - INFO - -------------------------------------------------
distributed.worker - INFO -               Threads:                         40
distributed.worker - INFO -       Local Directory: /tmp/dask-worker-space/worker-0wa5ya5r
distributed.worker - INFO -          Listening to:      tcp://10.7.0.13:40042
distributed.worker - INFO - Waiting to connect to:        tcp://10.7.0.1:8786
distributed.worker - INFO - Waiting to connect to:        tcp://10.7.0.1:8786
distributed.worker - INFO -          dashboard at:            10.7.0.13:37979
distributed.worker - INFO - Waiting to connect to:        tcp://10.7.0.1:8786
distributed.worker - INFO - -------------------------------------------------
distributed.worker - INFO -               Threads:                         40
distributed.worker - INFO - Waiting to connect to:        tcp://10.7.0.1:8786
distributed.worker - INFO - -------------------------------------------------
distributed.worker - INFO - Waiting to connect to:        tcp://10.7.0.1:8786
distributed.worker - INFO - -------------------------------------------------
distributed.worker - INFO -               Threads:                         40
distributed.worker - INFO - -------------------------------------------------
distributed.worker - INFO -               Threads:                         40
distributed.worker - INFO - -------------------------------------------------
distributed.worker - INFO -          dashboard at:            10.7.0.14:39466
distributed.worker - INFO -       Start worker at:       tcp://10.7.0.2:38600
distributed.worker - INFO -               Threads:                         40
distributed.worker - INFO -               Threads:                         40
distributed.worker - INFO -                Memory:                 160.00 GiB
distributed.worker - INFO -       Local Directory: /tmp/dask-worker-space/worker-neuw1ab3
distributed.worker - INFO -               Threads:                         40
distributed.worker - INFO -                Memory:                 160.00 GiB
distributed.worker - INFO - Waiting to connect to:        tcp://10.7.0.1:8786
distributed.worker - INFO - -------------------------------------------------
distributed.worker - INFO -               Threads:                         40
distributed.worker - INFO -                Memory:                 160.00 GiB
distributed.worker - INFO -               Threads:                         40
distributed.worker - INFO -                Memory:                 160.00 GiB
distributed.worker - INFO -          Listening to:      tcp://10.7.0.14:44133
distributed.worker - INFO -       Start worker at:       tcp://10.7.0.2:45308
distributed.worker - INFO -          Listening to:       tcp://10.7.0.2:45308
distributed.worker - INFO - -------------------------------------------------
distributed.worker - INFO -       Start worker at:      tcp://10.7.0.14:33984
distributed.worker - INFO -       Local Directory: /tmp/dask-worker-space/worker-snc7dhh1
distributed.worker - INFO - -------------------------------------------------
distributed.worker - INFO -               Threads:                         40
distributed.worker - INFO -       Local Directory: /tmp/dask-worker-space/worker-zph98rh9
distributed.worker - INFO -                Memory:                 160.00 GiB
distributed.worker - INFO -                Memory:                 160.00 GiB
distributed.worker - INFO -       Local Directory: /tmp/dask-worker-space/worker-j44qbfg4
distributed.worker - INFO - -------------------------------------------------
distributed.worker - INFO -       Start worker at:       tcp://10.7.0.2:43492
distributed.worker - INFO -          Listening to:       tcp://10.7.0.2:43492
distributed.worker - INFO -          dashboard at:             10.7.0.2:43166
distributed.worker - INFO -                Memory:                 160.00 GiB
distributed.worker - INFO - -------------------------------------------------
distributed.worker - INFO -          Listening to:      tcp://10.7.0.14:33984
distributed.worker - INFO - -------------------------------------------------
distributed.worker - INFO -       Local Directory: /tmp/dask-worker-space/worker-oxg9otv9
distributed.worker - INFO -       Local Directory: /tmp/dask-worker-space/worker-czoha1vc
distributed.worker - INFO -                Memory:                 160.00 GiB
distributed.worker - INFO -       Local Directory: /tmp/dask-worker-space/worker-pab3nk0z
distributed.worker - INFO -                Memory:                 160.00 GiB
distributed.worker - INFO -       Local Directory: /tmp/dask-worker-space/worker-l918qmjh
distributed.worker - INFO -          dashboard at:            10.7.0.14:42288
distributed.worker - INFO -                Memory:                 160.00 GiB
distributed.worker - INFO -       Local Directory: /tmp/dask-worker-space/worker-1qdw9zyv
distributed.worker - INFO - -------------------------------------------------
distributed.worker - INFO -                Memory:                 160.00 GiB
distributed.worker - INFO -       Local Directory: /tmp/dask-worker-space/worker-s01sn8hk
distributed.worker - INFO -               Threads:                         40
distributed.worker - INFO -       Local Directory: /tmp/dask-worker-space/worker-myxndw_d
distributed.worker - INFO -       Local Directory: /tmp/dask-worker-space/worker-60grj9vs
distributed.worker - INFO -       Start worker at:      tcp://10.7.0.14:38387
distributed.worker - INFO - -------------------------------------------------
distributed.worker - INFO -       Start worker at:      tcp://10.7.0.17:36617
distributed.worker - INFO -          dashboard at:             10.7.0.2:36236
distributed.worker - INFO - Waiting to connect to:        tcp://10.7.0.1:8786
distributed.worker - INFO - -------------------------------------------------
distributed.worker - INFO - -------------------------------------------------
distributed.worker - INFO -          dashboard at:            10.7.0.14:42062
distributed.worker - INFO - Waiting to connect to:        tcp://10.7.0.1:8786
distributed.worker - INFO - -------------------------------------------------
distributed.worker - INFO -               Threads:                         40
distributed.worker - INFO -       Start worker at:      tcp://10.7.0.17:46883
distributed.worker - INFO - -------------------------------------------------
distributed.worker - INFO -       Start worker at:       tcp://10.7.0.2:36137
distributed.worker - INFO -          Listening to:       tcp://10.7.0.2:36137
distributed.worker - INFO -          dashboard at:             10.7.0.2:41055
distributed.worker - INFO - Waiting to connect to:        tcp://10.7.0.1:8786
distributed.worker - INFO -          Listening to:       tcp://10.7.0.2:38600
distributed.worker - INFO -          dashboard at:             10.7.0.2:40130
distributed.worker - INFO - Waiting to connect to:        tcp://10.7.0.1:8786
distributed.worker - INFO -                Memory:                 160.00 GiB
distributed.worker - INFO -          Listening to:      tcp://10.7.0.17:36617
distributed.worker - INFO -       Local Directory: /tmp/dask-worker-space/worker-6qmgpvkr
distributed.worker - INFO -          dashboard at:            10.7.0.17:45841
distributed.worker - INFO - -------------------------------------------------
distributed.worker - INFO -       Start worker at:      tcp://10.7.0.17:43966
distributed.worker - INFO -          Listening to:      tcp://10.7.0.14:38387
distributed.worker - INFO - -------------------------------------------------
distributed.worker - INFO - Waiting to connect to:        tcp://10.7.0.1:8786
distributed.worker - INFO - Waiting to connect to:        tcp://10.7.0.1:8786
distributed.worker - INFO - -------------------------------------------------
distributed.worker - INFO - -------------------------------------------------
distributed.worker - INFO - -------------------------------------------------
distributed.worker - INFO -                Memory:                 160.00 GiB
distributed.worker - INFO -       Local Directory: /tmp/dask-worker-space/worker-u1wmf97w
distributed.worker - INFO - Waiting to connect to:        tcp://10.7.0.1:8786
distributed.worker - INFO - -------------------------------------------------
distributed.worker - INFO - -------------------------------------------------
distributed.worker - INFO -          dashboard at:            10.7.0.14:39688
distributed.worker - INFO - -------------------------------------------------
distributed.worker - INFO -               Threads:                         40
distributed.worker - INFO -                Memory:                 160.00 GiB
distributed.worker - INFO - -------------------------------------------------
distributed.worker - INFO -          dashboard at:            10.7.0.14:41418
distributed.worker - INFO - -------------------------------------------------
distributed.worker - INFO -               Threads:                         40
distributed.worker - INFO -                Memory:                 160.00 GiB
distributed.worker - INFO -          Listening to:      tcp://10.7.0.17:43966
distributed.worker - INFO -          dashboard at:            10.7.0.17:35388
distributed.worker - INFO - -------------------------------------------------
distributed.worker - INFO -       Start worker at:       tcp://10.7.0.2:41793
distributed.worker - INFO -          Listening to:       tcp://10.7.0.2:41793
distributed.worker - INFO -          dashboard at:             10.7.0.2:33372
distributed.worker - INFO -          Listening to:      tcp://10.7.0.17:46883
distributed.worker - INFO -          dashboard at:            10.7.0.17:44469
distributed.worker - INFO - -------------------------------------------------
distributed.worker - INFO -       Start worker at:       tcp://10.7.0.2:46731
distributed.worker - INFO -          Listening to:       tcp://10.7.0.2:46731
distributed.worker - INFO -          dashboard at:             10.7.0.2:33649
distributed.worker - INFO -       Start worker at:      tcp://10.7.0.17:39876
distributed.worker - INFO -       Start worker at:      tcp://10.7.0.13:36005
distributed.worker - INFO - -------------------------------------------------
distributed.worker - INFO - -------------------------------------------------
distributed.worker - INFO -               Threads:                         40
distributed.worker - INFO -                Memory:                 160.00 GiB
distributed.worker - INFO -          Listening to:      tcp://10.7.0.13:36005
distributed.worker - INFO -          Listening to:      tcp://10.7.0.14:37538
distributed.worker - INFO -       Local Directory: /tmp/dask-worker-space/worker-7mjv_6w0
distributed.worker - INFO - -------------------------------------------------
distributed.worker - INFO - Waiting to connect to:        tcp://10.7.0.1:8786
distributed.worker - INFO - -------------------------------------------------
distributed.worker - INFO -               Threads:                         40
distributed.worker - INFO -       Local Directory: /tmp/dask-worker-space/worker-np0s9ec2
distributed.worker - INFO -       Start worker at:      tcp://10.7.0.17:44814
distributed.worker - INFO -          dashboard at:            10.7.0.14:43063
distributed.worker - INFO - Waiting to connect to:        tcp://10.7.0.1:8786
distributed.worker - INFO - -------------------------------------------------
distributed.worker - INFO -               Threads:                         40
distributed.worker - INFO - Waiting to connect to:        tcp://10.7.0.1:8786
distributed.worker - INFO - -------------------------------------------------
distributed.worker - INFO -               Threads:                         40
distributed.worker - INFO -          dashboard at:            10.7.0.13:37523
distributed.worker - INFO - Waiting to connect to:        tcp://10.7.0.1:8786
distributed.worker - INFO - Waiting to connect to:        tcp://10.7.0.1:8786
distributed.worker - INFO - -------------------------------------------------
distributed.worker - INFO -               Threads:                         40
distributed.worker - INFO -          Listening to:      tcp://10.7.0.17:39876
distributed.worker - INFO -          dashboard at:            10.7.0.17:38388
distributed.worker - INFO -               Threads:                         40
distributed.worker - INFO -                Memory:                 160.00 GiB
distributed.worker - INFO -       Local Directory: /tmp/dask-worker-space/worker-aox_vgvy
distributed.worker - INFO -       Local Directory: /tmp/dask-worker-space/worker-5pb0eo7i
distributed.worker - INFO - -------------------------------------------------
distributed.worker - INFO -               Threads:                         40
distributed.worker - INFO -       Start worker at:      tcp://10.7.0.17:34286
distributed.worker - INFO -          Listening to:      tcp://10.7.0.17:34286
distributed.worker - INFO -          dashboard at:            10.7.0.17:36326
distributed.worker - INFO - Waiting to connect to:        tcp://10.7.0.1:8786
distributed.worker - INFO - Waiting to connect to:        tcp://10.7.0.1:8786
distributed.worker - INFO -       Start worker at:       tcp://10.7.0.2:46293
distributed.worker - INFO -          Listening to:       tcp://10.7.0.2:46293
distributed.worker - INFO -               Threads:                         40
distributed.worker - INFO - -------------------------------------------------
distributed.worker - INFO -       Start worker at:      tcp://10.7.0.14:37249
distributed.worker - INFO -                Memory:                 160.00 GiB
distributed.worker - INFO -       Local Directory: /tmp/dask-worker-space/worker-ueazjd80
distributed.worker - INFO -                Memory:                 160.00 GiB
distributed.worker - INFO -       Local Directory: /tmp/dask-worker-space/worker-5wp4fcju
distributed.worker - INFO -       Start worker at:      tcp://10.7.0.14:44721
distributed.worker - INFO -                Memory:                 160.00 GiB
distributed.worker - INFO -       Local Directory: /tmp/dask-worker-space/worker-lgwerfdh
distributed.worker - INFO -          dashboard at:             10.7.0.2:36242
distributed.worker - INFO - Waiting to connect to:        tcp://10.7.0.1:8786
distributed.worker - INFO - -------------------------------------------------
distributed.worker - INFO - -------------------------------------------------
distributed.worker - INFO -               Threads:                         40
distributed.worker - INFO -               Threads:                         40
distributed.worker - INFO -                Memory:                 160.00 GiB
distributed.worker - INFO -       Local Directory: /tmp/dask-worker-space/worker-n6eno4z7
distributed.worker - INFO - Waiting to connect to:        tcp://10.7.0.1:8786
distributed.worker - INFO - -------------------------------------------------
distributed.worker - INFO -       Start worker at:      tcp://10.7.0.13:33942
distributed.worker - INFO -                Memory:                 160.00 GiB
distributed.worker - INFO -       Local Directory: /tmp/dask-worker-space/worker-9q3qikoz
distributed.worker - INFO -       Start worker at:      tcp://10.7.0.13:38449
distributed.worker - INFO - Waiting to connect to:        tcp://10.7.0.1:8786
distributed.worker - INFO - -------------------------------------------------
distributed.worker - INFO -               Threads:                         40
distributed.worker - INFO -          Listening to:      tcp://10.7.0.13:33942
distributed.worker - INFO -                Memory:                 160.00 GiB
distributed.worker - INFO -       Start worker at:      tcp://10.7.0.13:44213
distributed.worker - INFO -          Listening to:      tcp://10.7.0.14:37249
distributed.worker - INFO -       Start worker at:       tcp://10.7.0.2:46369
distributed.worker - INFO -          dashboard at:            10.7.0.13:38898
distributed.worker - INFO - -------------------------------------------------
distributed.worker - INFO -       Start worker at:       tcp://10.7.0.2:38655
distributed.worker - INFO -          Listening to:       tcp://10.7.0.2:38655
distributed.worker - INFO - Waiting to connect to:        tcp://10.7.0.1:8786
distributed.worker - INFO -                Memory:                 160.00 GiB
distributed.worker - INFO -       Local Directory: /tmp/dask-worker-space/worker-7_4u8bn1
distributed.worker - INFO - -------------------------------------------------
distributed.worker - INFO -          Listening to:      tcp://10.7.0.14:44721
distributed.worker - INFO - -------------------------------------------------
distributed.worker - INFO -       Local Directory: /tmp/dask-worker-space/worker-fhgx6qpe
distributed.worker - INFO - Waiting to connect to:        tcp://10.7.0.1:8786
distributed.worker - INFO -                Memory:                 160.00 GiB
distributed.worker - INFO -          Listening to:      tcp://10.7.0.13:44213
distributed.worker - INFO -                Memory:                 160.00 GiB
distributed.worker - INFO -       Local Directory: /tmp/dask-worker-space/worker-fbpeglw7
distributed.worker - INFO -          Listening to:       tcp://10.7.0.2:46369
distributed.worker - INFO -          dashboard at:             10.7.0.2:34682
distributed.worker - INFO -          dashboard at:             10.7.0.2:41000
distributed.worker - INFO - Waiting to connect to:        tcp://10.7.0.1:8786
distributed.worker - INFO - -------------------------------------------------
distributed.worker - INFO -               Threads:                         40
distributed.worker - INFO - -------------------------------------------------
distributed.worker - INFO -          dashboard at:            10.7.0.14:46588
distributed.worker - INFO -       Local Directory: /tmp/dask-worker-space/worker-bnqtjgyk
distributed.worker - INFO -          dashboard at:            10.7.0.14:35347
distributed.worker - INFO - -------------------------------------------------
distributed.worker - INFO - -------------------------------------------------
distributed.worker - INFO - -------------------------------------------------
distributed.worker - INFO -               Threads:                         40
distributed.worker - INFO -       Start worker at:       tcp://10.7.0.2:37984
distributed.worker - INFO -          Listening to:       tcp://10.7.0.2:37984
distributed.worker - INFO - Waiting to connect to:        tcp://10.7.0.1:8786
distributed.worker - INFO - -------------------------------------------------
distributed.worker - INFO -               Threads:                         40
distributed.worker - INFO - -------------------------------------------------
distributed.worker - INFO -               Threads:                         40
distributed.worker - INFO - -------------------------------------------------
distributed.worker - INFO - -------------------------------------------------
distributed.worker - INFO -               Threads:                         40
distributed.worker - INFO - -------------------------------------------------
distributed.worker - INFO - Waiting to connect to:        tcp://10.7.0.1:8786
distributed.worker - INFO -               Threads:                         40
distributed.worker - INFO - -------------------------------------------------
distributed.worker - INFO -          dashboard at:            10.7.0.13:34149
distributed.worker - INFO - -------------------------------------------------
distributed.worker - INFO -       Start worker at:       tcp://10.7.0.2:44684
distributed.worker - INFO -          Listening to:       tcp://10.7.0.2:44684
distributed.worker - INFO -          Listening to:      tcp://10.7.0.13:38449
distributed.worker - INFO -          dashboard at:             10.7.0.2:39796
distributed.worker - INFO - Waiting to connect to:        tcp://10.7.0.1:8786
distributed.worker - INFO - -------------------------------------------------
distributed.worker - INFO -                Memory:                 160.00 GiB
distributed.worker - INFO -       Local Directory: /tmp/dask-worker-space/worker-p8tbkomi
distributed.worker - INFO -                Memory:                 160.00 GiB
distributed.worker - INFO -       Local Directory: /tmp/dask-worker-space/worker-63hbumi6
distributed.worker - INFO -          Listening to:      tcp://10.7.0.17:44814
distributed.worker - INFO -          dashboard at:            10.7.0.17:45737
distributed.worker - INFO - Waiting to connect to:        tcp://10.7.0.1:8786
distributed.worker - INFO -                Memory:                 160.00 GiB
distributed.worker - INFO -       Local Directory: /tmp/dask-worker-space/worker-ss7z6sy4
distributed.worker - INFO -                Memory:                 160.00 GiB
distributed.worker - INFO -       Local Directory: /tmp/dask-worker-space/worker-tw4qvgl6
distributed.worker - INFO - -------------------------------------------------
distributed.worker - INFO - -------------------------------------------------
distributed.worker - INFO -               Threads:                         40
distributed.worker - INFO -       Start worker at:      tcp://10.7.0.14:36666
distributed.worker - INFO -               Threads:                         40
distributed.worker - INFO -          dashboard at:             10.7.0.2:32910
distributed.worker - INFO - Waiting to connect to:        tcp://10.7.0.1:8786
distributed.worker - INFO -               Threads:                         40
distributed.worker - INFO -                Memory:                 160.00 GiB
distributed.worker - INFO -       Local Directory: /tmp/dask-worker-space/worker-41j_say2
distributed.worker - INFO -       Start worker at:       tcp://10.7.0.2:43271
distributed.worker - INFO -          Listening to:       tcp://10.7.0.2:43271
distributed.worker - INFO -       Start worker at:      tcp://10.7.0.17:44328
distributed.worker - INFO - -------------------------------------------------
distributed.worker - INFO -               Threads:                         40
distributed.worker - INFO -                Memory:                 160.00 GiB
distributed.worker - INFO -                Memory:                 160.00 GiB
distributed.worker - INFO -                Memory:                 160.00 GiB
distributed.worker - INFO -       Local Directory: /tmp/dask-worker-space/worker-sv6dfqdd
distributed.worker - INFO -                Memory:                 160.00 GiB
distributed.worker - INFO -       Local Directory: /tmp/dask-worker-space/worker-sxo0vy6z
distributed.worker - INFO -          dashboard at:            10.7.0.13:44805
distributed.worker - INFO - Waiting to connect to:        tcp://10.7.0.1:8786
distributed.worker - INFO - -------------------------------------------------
distributed.worker - INFO -               Threads:                         40
distributed.worker - INFO -       Start worker at:      tcp://10.7.0.13:35420
distributed.worker - INFO -       Start worker at:       tcp://10.7.0.2:36803
distributed.worker - INFO -          dashboard at:             10.7.0.2:42104
distributed.worker - INFO -                Memory:                 160.00 GiB
distributed.worker - INFO -       Local Directory: /tmp/dask-worker-space/worker-0bnsub02
distributed.worker - INFO -                Memory:                 160.00 GiB
distributed.worker - INFO -       Start worker at:      tcp://10.7.0.17:36184
distributed.worker - INFO - -------------------------------------------------
distributed.worker - INFO -               Threads:                         40
distributed.worker - INFO -       Start worker at:      tcp://10.7.0.17:36318
distributed.worker - INFO - -------------------------------------------------
distributed.worker - INFO -       Local Directory: /tmp/dask-worker-space/worker-hlnyhj06
distributed.worker - INFO -       Start worker at:      tcp://10.7.0.14:35615
distributed.worker - INFO -       Start worker at:      tcp://10.7.0.13:34047
distributed.worker - INFO -       Start worker at:      tcp://10.7.0.14:45695
distributed.worker - INFO -          Listening to:       tcp://10.7.0.2:36803
distributed.worker - INFO -       Local Directory: /tmp/dask-worker-space/worker-jgn36hbu
distributed.worker - INFO - -------------------------------------------------
distributed.worker - INFO - Waiting to connect to:        tcp://10.7.0.1:8786
distributed.worker - INFO - -------------------------------------------------
distributed.worker - INFO -               Threads:                         40
distributed.worker - INFO - -------------------------------------------------
distributed.worker - INFO -       Start worker at:      tcp://10.7.0.17:46461
distributed.worker - INFO -       Local Directory: /tmp/dask-worker-space/worker-lzxj9zjx
distributed.worker - INFO -       Start worker at:      tcp://10.7.0.17:39211
distributed.worker - INFO -          Listening to:      tcp://10.7.0.17:39211
distributed.worker - INFO -          Listening to:      tcp://10.7.0.14:45695
distributed.worker - INFO -       Start worker at:      tcp://10.7.0.14:45345
distributed.worker - INFO -          dashboard at:             10.7.0.2:42028
distributed.worker - INFO - Waiting to connect to:        tcp://10.7.0.1:8786
distributed.worker - INFO - -------------------------------------------------
distributed.worker - INFO -                Memory:                 160.00 GiB
distributed.worker - INFO -       Local Directory: /tmp/dask-worker-space/worker-qgyftlw8
distributed.worker - INFO - -------------------------------------------------
distributed.worker - INFO - -------------------------------------------------
distributed.worker - INFO -          Listening to:      tcp://10.7.0.17:46461
distributed.worker - INFO -          dashboard at:            10.7.0.17:43758
distributed.worker - INFO -          Listening to:      tcp://10.7.0.14:35615
distributed.worker - INFO - Waiting to connect to:        tcp://10.7.0.1:8786
distributed.worker - INFO - Waiting to connect to:        tcp://10.7.0.1:8786
distributed.worker - INFO - -------------------------------------------------
distributed.worker - INFO -          Listening to:      tcp://10.7.0.13:35420
distributed.worker - INFO -               Threads:                         40
distributed.worker - INFO - -------------------------------------------------
distributed.worker - INFO -                Memory:                 160.00 GiB
distributed.worker - INFO -       Start worker at:      tcp://10.7.0.13:33405
distributed.worker - INFO - -------------------------------------------------
distributed.worker - INFO -          Listening to:      tcp://10.7.0.17:44328
distributed.worker - INFO -          dashboard at:            10.7.0.17:38436
distributed.worker - INFO - -------------------------------------------------
distributed.worker - INFO -          Listening to:      tcp://10.7.0.17:36184
distributed.worker - INFO -          Listening to:      tcp://10.7.0.14:36666
distributed.worker - INFO - -------------------------------------------------
distributed.worker - INFO -          Listening to:      tcp://10.7.0.14:45345
distributed.worker - INFO -       Start worker at:      tcp://10.7.0.13:40809
distributed.worker - INFO -       Local Directory: /tmp/dask-worker-space/worker-o9f91lh4
distributed.worker - INFO - -------------------------------------------------
distributed.worker - INFO -       Start worker at:       tcp://10.7.0.2:45608
distributed.worker - INFO -          Listening to:      tcp://10.7.0.17:36318
distributed.worker - INFO -          dashboard at:            10.7.0.17:33116
distributed.worker - INFO - Waiting to connect to:        tcp://10.7.0.1:8786
distributed.worker - INFO -          Listening to:       tcp://10.7.0.2:45608
distributed.worker - INFO -       Start worker at:      tcp://10.7.0.17:46363
distributed.worker - INFO -          dashboard at:             10.7.0.2:40880
distributed.worker - INFO -          dashboard at:            10.7.0.14:38175
distributed.worker - INFO - Waiting to connect to:        tcp://10.7.0.1:8786
distributed.worker - INFO -          dashboard at:            10.7.0.14:35671
distributed.worker - INFO - -------------------------------------------------
distributed.worker - INFO - -------------------------------------------------
distributed.worker - INFO - Waiting to connect to:        tcp://10.7.0.1:8786
distributed.worker - INFO - -------------------------------------------------
distributed.worker - INFO - Waiting to connect to:        tcp://10.7.0.1:8786
distributed.worker - INFO - -------------------------------------------------
distributed.worker - INFO -               Threads:                         40
distributed.worker - INFO -       Start worker at:      tcp://10.7.0.17:44119
distributed.worker - INFO -          Listening to:      tcp://10.7.0.17:44119
distributed.worker - INFO -          dashboard at:            10.7.0.17:38150
distributed.worker - INFO - Waiting to connect to:        tcp://10.7.0.1:8786
distributed.worker - INFO -          dashboard at:            10.7.0.14:43771
distributed.worker - INFO - Waiting to connect to:        tcp://10.7.0.1:8786
distributed.worker - INFO -          dashboard at:            10.7.0.14:33042
distributed.worker - INFO - Waiting to connect to:        tcp://10.7.0.1:8786
distributed.worker - INFO - -------------------------------------------------
distributed.worker - INFO - -------------------------------------------------
distributed.worker - INFO - -------------------------------------------------
distributed.worker - INFO -                Memory:                 160.00 GiB
distributed.worker - INFO -               Threads:                         40
distributed.worker - INFO -                Memory:                 160.00 GiB
distributed.worker - INFO -       Local Directory: /tmp/dask-worker-space/worker-hugy_3i7
distributed.worker - INFO -          dashboard at:            10.7.0.17:43068
distributed.worker - INFO - Waiting to connect to:        tcp://10.7.0.1:8786
distributed.worker - INFO - -------------------------------------------------
distributed.worker - INFO -       Start worker at:       tcp://10.7.0.2:39589
distributed.worker - INFO -          dashboard at:            10.7.0.17:36828
distributed.worker - INFO - Waiting to connect to:        tcp://10.7.0.1:8786
distributed.worker - INFO - -------------------------------------------------
distributed.worker - INFO - Waiting to connect to:        tcp://10.7.0.1:8786
distributed.worker - INFO - -------------------------------------------------
distributed.worker - INFO -       Start worker at:      tcp://10.7.0.17:39201
distributed.worker - INFO -          Listening to:      tcp://10.7.0.17:39201
distributed.worker - INFO - Waiting to connect to:        tcp://10.7.0.1:8786
distributed.worker - INFO - -------------------------------------------------
distributed.worker - INFO - -------------------------------------------------
distributed.worker - INFO -               Threads:                         40
distributed.worker - INFO -                Memory:                 160.00 GiB
distributed.worker - INFO -       Local Directory: /tmp/dask-worker-space/worker-vpduawre
distributed.worker - INFO -               Threads:                         40
distributed.worker - INFO -       Start worker at:      tcp://10.7.0.14:34508
distributed.worker - INFO -          Listening to:       tcp://10.7.0.2:39589
distributed.worker - INFO -          Listening to:      tcp://10.7.0.13:34047
distributed.worker - INFO - -------------------------------------------------
distributed.worker - INFO -          dashboard at:             10.7.0.2:40136
distributed.worker - INFO - Waiting to connect to:        tcp://10.7.0.1:8786
distributed.worker - INFO -       Start worker at:       tcp://10.7.0.2:34646
distributed.worker - INFO - -------------------------------------------------
distributed.worker - INFO - -------------------------------------------------
distributed.worker - INFO -               Threads:                         40
distributed.worker - INFO -               Threads:                         40
distributed.worker - INFO -       Start worker at:      tcp://10.7.0.14:41673
distributed.worker - INFO -          Listening to:      tcp://10.7.0.14:41673
distributed.worker - INFO -          Listening to:       tcp://10.7.0.2:34646
distributed.worker - INFO -                Memory:                 160.00 GiB
distributed.worker - INFO -       Local Directory: /tmp/dask-worker-space/worker-k_kfpxl8
distributed.worker - INFO -               Threads:                         40
distributed.worker - INFO -               Threads:                         40
distributed.worker - INFO -       Local Directory: /tmp/dask-worker-space/worker-mkrrp5l5
distributed.worker - INFO -          Listening to:      tcp://10.7.0.17:46363
distributed.worker - INFO -          dashboard at:            10.7.0.17:34631
distributed.worker - INFO - Waiting to connect to:        tcp://10.7.0.1:8786
distributed.worker - INFO -          dashboard at:            10.7.0.13:34039
distributed.worker - INFO -               Threads:                         40
distributed.worker - INFO -                Memory:                 160.00 GiB
distributed.worker - INFO -       Local Directory: /tmp/dask-worker-space/worker-_j8ga6cg
distributed.worker - INFO -                Memory:                 160.00 GiB
distributed.worker - INFO -       Local Directory: /tmp/dask-worker-space/worker-klgmxhn4
distributed.worker - INFO -          Listening to:      tcp://10.7.0.14:34508
distributed.worker - INFO -          dashboard at:            10.7.0.14:39300
distributed.worker - INFO - -------------------------------------------------
distributed.worker - INFO -               Threads:                         40
distributed.worker - INFO -                Memory:                 160.00 GiB
distributed.worker - INFO -       Local Directory: /tmp/dask-worker-space/worker-ilhtis6v
distributed.worker - INFO -               Threads:                         40
distributed.worker - INFO -                Memory:                 160.00 GiB
distributed.worker - INFO -               Threads:                         40
distributed.worker - INFO -                Memory:                 160.00 GiB
distributed.worker - INFO -       Local Directory: /tmp/dask-worker-space/worker-tpp0l419
distributed.worker - INFO -               Threads:                         40
distributed.worker - INFO -                Memory:                 160.00 GiB
distributed.worker - INFO -          dashboard at:            10.7.0.14:43450
distributed.worker - INFO -                Memory:                 160.00 GiB
distributed.worker - INFO -       Local Directory: /tmp/dask-worker-space/worker-4v610ci1
distributed.worker - INFO -          dashboard at:             10.7.0.2:45348
distributed.worker - INFO - Waiting to connect to:        tcp://10.7.0.1:8786
distributed.worker - INFO -          Listening to:      tcp://10.7.0.13:40809
distributed.worker - INFO -       Start worker at:      tcp://10.7.0.17:44176
distributed.worker - INFO -          Listening to:      tcp://10.7.0.17:44176
distributed.worker - INFO -               Threads:                         40
distributed.worker - INFO -                Memory:                 160.00 GiB
distributed.worker - INFO -       Local Directory: /tmp/dask-worker-space/worker-h4neqwo0
distributed.worker - INFO - -------------------------------------------------
distributed.worker - INFO -       Start worker at:      tcp://10.7.0.14:37311
distributed.worker - INFO -          Listening to:      tcp://10.7.0.14:37311
distributed.worker - INFO -          dashboard at:            10.7.0.17:39078
distributed.worker - INFO - Waiting to connect to:        tcp://10.7.0.1:8786
distributed.worker - INFO - -------------------------------------------------
distributed.worker - INFO -               Threads:                         40
distributed.worker - INFO -                Memory:                 160.00 GiB
distributed.worker - INFO -       Local Directory: /tmp/dask-worker-space/worker-0jvm8peo
distributed.worker - INFO - -------------------------------------------------
distributed.worker - INFO -       Local Directory: /tmp/dask-worker-space/worker-iawarik9
distributed.worker - INFO - -------------------------------------------------
distributed.worker - INFO -               Threads:                         40
distributed.worker - INFO -                Memory:                 160.00 GiB
distributed.worker - INFO -       Local Directory: /tmp/dask-worker-space/worker-a_m8kvm8
distributed.worker - INFO - Waiting to connect to:        tcp://10.7.0.1:8786
distributed.worker - INFO - -------------------------------------------------
distributed.worker - INFO - -------------------------------------------------
distributed.worker - INFO - -------------------------------------------------
distributed.worker - INFO -          dashboard at:            10.7.0.17:44038
distributed.worker - INFO - Waiting to connect to:        tcp://10.7.0.1:8786
distributed.worker - INFO - -------------------------------------------------
distributed.worker - INFO -               Threads:                         40
distributed.worker - INFO -                Memory:                 160.00 GiB
distributed.worker - INFO -       Local Directory: /tmp/dask-worker-space/worker-sfcea06r
distributed.worker - INFO - -------------------------------------------------
distributed.worker - INFO -                Memory:                 160.00 GiB
distributed.worker - INFO -                Memory:                 160.00 GiB
distributed.worker - INFO - -------------------------------------------------
distributed.worker - INFO - Waiting to connect to:        tcp://10.7.0.1:8786
distributed.worker - INFO -                Memory:                 160.00 GiB
distributed.worker - INFO -       Local Directory: /tmp/dask-worker-space/worker-cg2ofucj
distributed.worker - INFO - -------------------------------------------------
distributed.worker - INFO - -------------------------------------------------
distributed.worker - INFO - Waiting to connect to:        tcp://10.7.0.1:8786
distributed.worker - INFO - -------------------------------------------------
distributed.worker - INFO -               Threads:                         40
distributed.worker - INFO - -------------------------------------------------
distributed.worker - INFO - -------------------------------------------------
distributed.worker - INFO -       Local Directory: /tmp/dask-worker-space/worker-0rb5s7hq
distributed.worker - INFO -       Start worker at:      tcp://10.7.0.14:38960
distributed.worker - INFO -       Start worker at:      tcp://10.7.0.13:45991
distributed.worker - INFO -               Threads:                         40
distributed.worker - INFO -                Memory:                 160.00 GiB
distributed.worker - INFO -       Local Directory: /tmp/dask-worker-space/worker-0iephjwi
distributed.worker - INFO - -------------------------------------------------
distributed.worker - INFO - -------------------------------------------------
distributed.worker - INFO - -------------------------------------------------
distributed.worker - INFO -               Threads:                         40
distributed.worker - INFO -       Local Directory: /tmp/dask-worker-space/worker-7n7rawi0
distributed.worker - INFO -       Local Directory: /tmp/dask-worker-space/worker-9e1bf33w
distributed.worker - INFO - -------------------------------------------------
distributed.worker - INFO -          dashboard at:            10.7.0.14:46412
distributed.worker - INFO - Waiting to connect to:        tcp://10.7.0.1:8786
distributed.worker - INFO -                Memory:                 160.00 GiB
distributed.worker - INFO - -------------------------------------------------
distributed.worker - INFO -       Start worker at:      tcp://10.7.0.17:45157
distributed.worker - INFO -               Threads:                         40
distributed.worker - INFO -          Listening to:      tcp://10.7.0.17:45157
distributed.worker - INFO -          Listening to:      tcp://10.7.0.13:45991
distributed.worker - INFO -                Memory:                 160.00 GiB
distributed.worker - INFO -          dashboard at:            10.7.0.17:46803
distributed.worker - INFO -       Start worker at:      tcp://10.7.0.14:36622
distributed.worker - INFO - -------------------------------------------------
distributed.worker - INFO -          Listening to:      tcp://10.7.0.14:38960
distributed.worker - INFO -       Local Directory: /tmp/dask-worker-space/worker-y9litfej
distributed.worker - INFO -          Listening to:      tcp://10.7.0.13:33405
distributed.worker - INFO - Waiting to connect to:        tcp://10.7.0.1:8786
distributed.worker - INFO -          dashboard at:            10.7.0.13:35869
distributed.worker - INFO -       Start worker at:      tcp://10.7.0.17:38947
distributed.worker - INFO - -------------------------------------------------
distributed.worker - INFO - -------------------------------------------------
distributed.worker - INFO -               Threads:                         40
distributed.worker - INFO -       Start worker at:      tcp://10.7.0.14:43226
distributed.worker - INFO -       Local Directory: /tmp/dask-worker-space/worker-vi9_wys6
distributed.worker - INFO - -------------------------------------------------
distributed.worker - INFO -               Threads:                         40
distributed.worker - INFO -       Start worker at:      tcp://10.7.0.13:33533
distributed.worker - INFO -          dashboard at:            10.7.0.14:40647
distributed.worker - INFO -          Listening to:      tcp://10.7.0.17:38947
distributed.worker - INFO - -------------------------------------------------
distributed.worker - INFO -                Memory:                 160.00 GiB
distributed.worker - INFO -                Memory:                 160.00 GiB
distributed.worker - INFO -       Local Directory: /tmp/dask-worker-space/worker-94nnsvmf
distributed.worker - INFO -          dashboard at:            10.7.0.17:44955
distributed.worker - INFO -          Listening to:      tcp://10.7.0.14:43226
distributed.worker - INFO -          Listening to:      tcp://10.7.0.14:36622
distributed.worker - INFO -          dashboard at:            10.7.0.14:39849
distributed.worker - INFO - Waiting to connect to:        tcp://10.7.0.1:8786
distributed.worker - INFO -          dashboard at:            10.7.0.14:44855
distributed.worker - INFO - -------------------------------------------------
distributed.worker - INFO - -------------------------------------------------
distributed.worker - INFO -       Local Directory: /tmp/dask-worker-space/worker-sbr8pxwh
distributed.worker - INFO - -------------------------------------------------
distributed.worker - INFO - Waiting to connect to:        tcp://10.7.0.1:8786
distributed.worker - INFO - -------------------------------------------------
distributed.worker - INFO - Waiting to connect to:        tcp://10.7.0.1:8786
distributed.worker - INFO -          dashboard at:            10.7.0.13:35094
distributed.worker - INFO -               Threads:                         40
distributed.worker - INFO - -------------------------------------------------
distributed.worker - INFO -               Threads:                         40
distributed.worker - INFO - -------------------------------------------------
distributed.worker - INFO - Waiting to connect to:        tcp://10.7.0.1:8786
distributed.worker - INFO - -------------------------------------------------
distributed.worker - INFO - -------------------------------------------------
distributed.worker - INFO -                Memory:                 160.00 GiB
distributed.worker - INFO -       Local Directory: /tmp/dask-worker-space/worker-9sd0hlut
distributed.worker - INFO -               Threads:                         40
distributed.worker - INFO - -------------------------------------------------
distributed.worker - INFO -                Memory:                 160.00 GiB
distributed.worker - INFO -                Memory:                 160.00 GiB
distributed.worker - INFO -                Memory:                 160.00 GiB
distributed.worker - INFO -       Local Directory: /tmp/dask-worker-space/worker-fdx9_6ze
distributed.worker - INFO -       Local Directory: /tmp/dask-worker-space/worker-lyquclwr
distributed.worker - INFO - -------------------------------------------------
distributed.worker - INFO - Waiting to connect to:        tcp://10.7.0.1:8786
distributed.worker - INFO -       Local Directory: /tmp/dask-worker-space/worker-5susnt2l
distributed.worker - INFO -               Threads:                         40
distributed.worker - INFO - -------------------------------------------------
distributed.worker - INFO - -------------------------------------------------
distributed.worker - INFO -          Listening to:      tcp://10.7.0.13:33533
distributed.worker - INFO -       Start worker at:      tcp://10.7.0.13:42253
distributed.worker - INFO - -------------------------------------------------
distributed.worker - INFO - -------------------------------------------------
distributed.worker - INFO -                Memory:                 160.00 GiB
distributed.worker - INFO - Waiting to connect to:        tcp://10.7.0.1:8786
distributed.worker - INFO -       Local Directory: /tmp/dask-worker-space/worker-pl1pu914
distributed.worker - INFO -       Start worker at:      tcp://10.7.0.14:43542
distributed.worker - INFO -          Listening to:      tcp://10.7.0.14:43542
distributed.worker - INFO -          dashboard at:            10.7.0.14:44370
distributed.worker - INFO - Waiting to connect to:        tcp://10.7.0.1:8786
distributed.worker - INFO -       Start worker at:      tcp://10.7.0.13:43114
distributed.worker - INFO - -------------------------------------------------
distributed.worker - INFO - -------------------------------------------------
distributed.worker - INFO -               Threads:                         40
distributed.worker - INFO -                Memory:                 160.00 GiB
distributed.worker - INFO -       Local Directory: /tmp/dask-worker-space/worker-p74of24j
distributed.worker - INFO -          Listening to:      tcp://10.7.0.13:42253
distributed.worker - INFO -       Start worker at:      tcp://10.7.0.14:44272
distributed.worker - INFO - -------------------------------------------------
distributed.worker - INFO - -------------------------------------------------
distributed.worker - INFO -          dashboard at:            10.7.0.13:38572
distributed.worker - INFO -          Listening to:      tcp://10.7.0.13:43114
distributed.worker - INFO -          Listening to:      tcp://10.7.0.14:44272
distributed.worker - INFO -          dashboard at:            10.7.0.14:44938
distributed.worker - INFO -       Start worker at:      tcp://10.7.0.14:34205
distributed.worker - INFO -          Listening to:      tcp://10.7.0.14:34205
distributed.worker - INFO - -------------------------------------------------
distributed.worker - INFO - Waiting to connect to:        tcp://10.7.0.1:8786
distributed.worker - INFO - -------------------------------------------------
distributed.worker - INFO -       Start worker at:      tcp://10.7.0.14:44544
distributed.worker - INFO -          dashboard at:            10.7.0.14:46773
distributed.worker - INFO - -------------------------------------------------
distributed.worker - INFO -               Threads:                         40
distributed.worker - INFO -               Threads:                         40
distributed.worker - INFO -               Threads:                         40
distributed.worker - INFO - Waiting to connect to:        tcp://10.7.0.1:8786
distributed.worker - INFO - Waiting to connect to:        tcp://10.7.0.1:8786
distributed.worker - INFO -          Listening to:      tcp://10.7.0.14:44544
distributed.worker - INFO - -------------------------------------------------
distributed.worker - INFO -          dashboard at:            10.7.0.14:44238
distributed.worker - INFO -          dashboard at:            10.7.0.13:36632
distributed.worker - INFO -       Start worker at:      tcp://10.7.0.13:41465
distributed.worker - INFO -          dashboard at:            10.7.0.13:39434
distributed.worker - INFO - Waiting to connect to:        tcp://10.7.0.1:8786
distributed.worker - INFO -               Threads:                         40
distributed.worker - INFO -                Memory:                 160.00 GiB
distributed.worker - INFO -                Memory:                 160.00 GiB
distributed.worker - INFO - Waiting to connect to:        tcp://10.7.0.1:8786
distributed.worker - INFO -          dashboard at:            10.7.0.13:39135
distributed.worker - INFO - -------------------------------------------------
distributed.worker - INFO -               Threads:                         40
distributed.worker - INFO - Waiting to connect to:        tcp://10.7.0.1:8786
distributed.worker - INFO - -------------------------------------------------
distributed.worker - INFO -       Local Directory: /tmp/dask-worker-space/worker-bhqt0osw
distributed.worker - INFO -       Local Directory: /tmp/dask-worker-space/worker-zk005qjv
distributed.worker - INFO -       Start worker at:      tcp://10.7.0.14:34401
distributed.worker - INFO - -------------------------------------------------
distributed.worker - INFO -          Listening to:      tcp://10.7.0.14:34401
distributed.worker - INFO -          Listening to:      tcp://10.7.0.13:41465
distributed.worker - INFO - -------------------------------------------------
distributed.worker - INFO -               Threads:                         40
distributed.worker - INFO - -------------------------------------------------
distributed.worker - INFO -          dashboard at:            10.7.0.14:34814
distributed.worker - INFO - Waiting to connect to:        tcp://10.7.0.1:8786
distributed.worker - INFO -                Memory:                 160.00 GiB
distributed.worker - INFO -       Local Directory: /tmp/dask-worker-space/worker-1jzq2bsv
distributed.worker - INFO -                Memory:                 160.00 GiB
distributed.worker - INFO -                Memory:                 160.00 GiB
distributed.worker - INFO - -------------------------------------------------
distributed.worker - INFO - -------------------------------------------------
distributed.worker - INFO -       Local Directory: /tmp/dask-worker-space/worker-bl3z6qrn
distributed.worker - INFO -               Threads:                         40
distributed.worker - INFO -                Memory:                 160.00 GiB
distributed.worker - INFO -       Local Directory: /tmp/dask-worker-space/worker-a0x41tzv
distributed.worker - INFO -               Threads:                         40
distributed.worker - INFO -                Memory:                 160.00 GiB
distributed.worker - INFO -       Local Directory: /tmp/dask-worker-space/worker-9t5t7mfe
distributed.worker - INFO -       Start worker at:      tcp://10.7.0.14:44712
distributed.worker - INFO - -------------------------------------------------
distributed.worker - INFO -          dashboard at:            10.7.0.13:34167
distributed.worker - INFO -               Threads:                         40
distributed.worker - INFO - -------------------------------------------------
distributed.worker - INFO -          Listening to:      tcp://10.7.0.14:44712
distributed.worker - INFO -          dashboard at:            10.7.0.14:39582
distributed.worker - INFO - Waiting to connect to:        tcp://10.7.0.1:8786
distributed.worker - INFO - -------------------------------------------------
distributed.worker - INFO -       Start worker at:      tcp://10.7.0.13:33053
distributed.worker - INFO -          Listening to:      tcp://10.7.0.13:33053
distributed.worker - INFO - Waiting to connect to:        tcp://10.7.0.1:8786
distributed.worker - INFO -       Local Directory: /tmp/dask-worker-space/worker-wfzrvqb_
distributed.worker - INFO -               Threads:                         40
distributed.worker - INFO -                Memory:                 160.00 GiB
distributed.worker - INFO -       Local Directory: /tmp/dask-worker-space/worker-nxbgncjj
distributed.worker - INFO - -------------------------------------------------
distributed.worker - INFO -                Memory:                 160.00 GiB
distributed.worker - INFO -       Local Directory: /tmp/dask-worker-space/worker-fhfk160v
distributed.worker - INFO - Waiting to connect to:        tcp://10.7.0.1:8786
distributed.worker - INFO - -------------------------------------------------
distributed.worker - INFO -                Memory:                 160.00 GiB
distributed.worker - INFO -       Local Directory: /tmp/dask-worker-space/worker-d36yq14q
distributed.worker - INFO -       Start worker at:      tcp://10.7.0.13:44034
distributed.worker - INFO -          Listening to:      tcp://10.7.0.13:44034
distributed.worker - INFO -       Start worker at:      tcp://10.7.0.13:46718
distributed.worker - INFO - -------------------------------------------------
distributed.worker - INFO - -------------------------------------------------
distributed.worker - INFO -               Threads:                         40
distributed.worker - INFO -          dashboard at:            10.7.0.13:37330
distributed.worker - INFO - Waiting to connect to:        tcp://10.7.0.1:8786
distributed.worker - INFO - -------------------------------------------------
distributed.worker - INFO - -------------------------------------------------
distributed.worker - INFO -          dashboard at:            10.7.0.13:38522
distributed.worker - INFO - Waiting to connect to:        tcp://10.7.0.1:8786
distributed.worker - INFO -          Listening to:      tcp://10.7.0.13:46718
distributed.worker - INFO -          dashboard at:            10.7.0.13:40209
distributed.worker - INFO - -------------------------------------------------
distributed.worker - INFO -               Threads:                         40
distributed.worker - INFO - -------------------------------------------------
distributed.worker - INFO -               Threads:                         40
distributed.worker - INFO -                Memory:                 160.00 GiB
distributed.worker - INFO -       Local Directory: /tmp/dask-worker-space/worker-2p_6p6a9
distributed.worker - INFO - -------------------------------------------------
distributed.worker - INFO -               Threads:                         40
distributed.worker - INFO - Waiting to connect to:        tcp://10.7.0.1:8786
distributed.worker - INFO - -------------------------------------------------
distributed.worker - INFO -                Memory:                 160.00 GiB
distributed.worker - INFO - -------------------------------------------------
distributed.worker - INFO -                Memory:                 160.00 GiB
distributed.worker - INFO -       Local Directory: /tmp/dask-worker-space/worker-oj5z9mcz
distributed.worker - INFO -                Memory:                 160.00 GiB
distributed.worker - INFO -       Local Directory: /tmp/dask-worker-space/worker-veu05qli
distributed.worker - INFO -       Local Directory: /tmp/dask-worker-space/worker-9oih7xrj
distributed.worker - INFO -               Threads:                         40
distributed.worker - INFO -                Memory:                 160.00 GiB
distributed.worker - INFO - -------------------------------------------------
distributed.worker - INFO -       Local Directory: /tmp/dask-worker-space/worker-sr2wh7by
distributed.worker - INFO - -------------------------------------------------
distributed.worker - INFO - -------------------------------------------------
distributed.worker - INFO - -------------------------------------------------
distributed.worker - INFO -       Start worker at:      tcp://10.7.0.13:46633
distributed.worker - INFO -       Start worker at:      tcp://10.7.0.13:36678
distributed.worker - INFO - -------------------------------------------------
distributed.worker - INFO -          Listening to:      tcp://10.7.0.13:36678
distributed.worker - INFO -          Listening to:      tcp://10.7.0.13:46633
distributed.worker - INFO -          dashboard at:            10.7.0.13:39894
distributed.worker - INFO -          dashboard at:            10.7.0.13:36452
distributed.worker - INFO -       Start worker at:      tcp://10.7.0.13:35922
distributed.worker - INFO - Waiting to connect to:        tcp://10.7.0.1:8786
distributed.worker - INFO - Waiting to connect to:        tcp://10.7.0.1:8786
distributed.worker - INFO - -------------------------------------------------
distributed.worker - INFO -       Start worker at:      tcp://10.7.0.13:41822
distributed.worker - INFO -          Listening to:      tcp://10.7.0.13:35922
distributed.worker - INFO - -------------------------------------------------
distributed.worker - INFO -               Threads:                         40
distributed.worker - INFO -               Threads:                         40
distributed.worker - INFO -          Listening to:      tcp://10.7.0.13:41822
distributed.worker - INFO -          dashboard at:            10.7.0.13:34867
distributed.worker - INFO -          dashboard at:            10.7.0.13:37967
distributed.worker - INFO -       Start worker at:      tcp://10.7.0.13:33326
distributed.worker - INFO -                Memory:                 160.00 GiB
distributed.worker - INFO -       Start worker at:      tcp://10.7.0.13:34985
distributed.worker - INFO -       Start worker at:      tcp://10.7.0.13:43354
distributed.worker - INFO -                Memory:                 160.00 GiB
distributed.worker - INFO -       Local Directory: /tmp/dask-worker-space/worker-q95jjmzb
distributed.worker - INFO -          Listening to:      tcp://10.7.0.13:33326
distributed.worker - INFO -          dashboard at:            10.7.0.13:46710
distributed.worker - INFO -       Local Directory: /tmp/dask-worker-space/worker-8oo2gnu4
distributed.worker - INFO -          Listening to:      tcp://10.7.0.13:34985
distributed.worker - INFO -          dashboard at:            10.7.0.13:41515
distributed.worker - INFO - Waiting to connect to:        tcp://10.7.0.1:8786
distributed.worker - INFO - -------------------------------------------------
distributed.worker - INFO -          Listening to:      tcp://10.7.0.13:43354
distributed.worker - INFO - Waiting to connect to:        tcp://10.7.0.1:8786
distributed.worker - INFO - -------------------------------------------------
distributed.worker - INFO - -------------------------------------------------
distributed.worker - INFO -          dashboard at:            10.7.0.13:43273
distributed.worker - INFO -               Threads:                         40
distributed.worker - INFO -          dashboard at:            10.7.0.13:43673
distributed.worker - INFO -               Threads:                         40
distributed.worker - INFO - -------------------------------------------------
distributed.worker - INFO - Waiting to connect to:        tcp://10.7.0.1:8786
distributed.worker - INFO - -------------------------------------------------
distributed.worker - INFO -       Start worker at:      tcp://10.7.0.13:43338
distributed.worker - INFO - Waiting to connect to:        tcp://10.7.0.1:8786
distributed.worker - INFO - -------------------------------------------------
distributed.worker - INFO -               Threads:                         40
distributed.worker - INFO -                Memory:                 160.00 GiB
distributed.worker - INFO -       Local Directory: /tmp/dask-worker-space/worker-3jff0dmb
distributed.worker - INFO - Waiting to connect to:        tcp://10.7.0.1:8786
distributed.worker - INFO - -------------------------------------------------
distributed.worker - INFO -                Memory:                 160.00 GiB
distributed.worker - INFO -       Local Directory: /tmp/dask-worker-space/worker-rql5wtc1
distributed.worker - INFO -               Threads:                         40
distributed.worker - INFO -                Memory:                 160.00 GiB
distributed.worker - INFO -          Listening to:      tcp://10.7.0.13:43338
distributed.worker - INFO -          dashboard at:            10.7.0.13:43315
distributed.worker - INFO - Waiting to connect to:        tcp://10.7.0.1:8786
distributed.worker - INFO - -------------------------------------------------
distributed.worker - INFO -                Memory:                 160.00 GiB
distributed.worker - INFO -       Local Directory: /tmp/dask-worker-space/worker-vhp2mfe0
distributed.worker - INFO -               Threads:                         40
distributed.worker - INFO -       Local Directory: /tmp/dask-worker-space/worker-jfft0c6i
distributed.worker - INFO - Waiting to connect to:        tcp://10.7.0.1:8786
distributed.worker - INFO - -------------------------------------------------
distributed.worker - INFO -               Threads:                         40
distributed.worker - INFO -                Memory:                 160.00 GiB
distributed.worker - INFO -                Memory:                 160.00 GiB
distributed.worker - INFO -               Threads:                         40
distributed.worker - INFO -       Local Directory: /tmp/dask-worker-space/worker-f9arewlf
distributed.worker - INFO - -------------------------------------------------
distributed.worker - INFO -       Local Directory: /tmp/dask-worker-space/worker-7zeftomh
distributed.worker - INFO - -------------------------------------------------
distributed.worker - INFO -                Memory:                 160.00 GiB
distributed.worker - INFO -       Local Directory: /tmp/dask-worker-space/worker-602m1_i4
distributed.worker - INFO - -------------------------------------------------
distributed.worker - INFO - -------------------------------------------------
distributed.worker - INFO - -------------------------------------------------
distributed.worker - INFO - -------------------------------------------------
distributed.worker - INFO - -------------------------------------------------
distributed.worker - INFO -       Start worker at:      tcp://10.7.0.13:42426
distributed.worker - INFO -       Start worker at:      tcp://10.7.0.13:38357
distributed.worker - INFO -          Listening to:      tcp://10.7.0.13:42426
distributed.worker - INFO -          Listening to:      tcp://10.7.0.13:38357
distributed.worker - INFO -          dashboard at:            10.7.0.13:34202
distributed.worker - INFO -          dashboard at:            10.7.0.13:42020
distributed.worker - INFO - Waiting to connect to:        tcp://10.7.0.1:8786
distributed.worker - INFO - -------------------------------------------------
distributed.worker - INFO -               Threads:                         40
distributed.worker - INFO - Waiting to connect to:        tcp://10.7.0.1:8786
distributed.worker - INFO -       Start worker at:      tcp://10.7.0.13:46473
distributed.worker - INFO -       Start worker at:      tcp://10.7.0.13:37886
distributed.worker - INFO -                Memory:                 160.00 GiB
distributed.worker - INFO -          Listening to:      tcp://10.7.0.13:46473
distributed.worker - INFO - -------------------------------------------------
distributed.worker - INFO -          Listening to:      tcp://10.7.0.13:37886
distributed.worker - INFO -       Local Directory: /tmp/dask-worker-space/worker-4p0odjxg
distributed.worker - INFO -          dashboard at:            10.7.0.13:41966
distributed.worker - INFO -               Threads:                         40
distributed.worker - INFO -          dashboard at:            10.7.0.13:39809
distributed.worker - INFO -                Memory:                 160.00 GiB
distributed.worker - INFO - Waiting to connect to:        tcp://10.7.0.1:8786
distributed.worker - INFO - Waiting to connect to:        tcp://10.7.0.1:8786
distributed.worker - INFO -       Local Directory: /tmp/dask-worker-space/worker-lhg65yoh
distributed.worker - INFO - -------------------------------------------------
distributed.worker - INFO - -------------------------------------------------
distributed.worker - INFO -               Threads:                         40
distributed.worker - INFO - -------------------------------------------------
distributed.worker - INFO -               Threads:                         40
distributed.worker - INFO -                Memory:                 160.00 GiB
distributed.worker - INFO -       Local Directory: /tmp/dask-worker-space/worker-nxrlfbnz
distributed.worker - INFO -                Memory:                 160.00 GiB
distributed.worker - INFO -       Local Directory: /tmp/dask-worker-space/worker-3hb734ak
distributed.worker - INFO - -------------------------------------------------
distributed.worker - INFO - -------------------------------------------------
distributed.worker - INFO - -------------------------------------------------
distributed.worker - INFO -       Start worker at:      tcp://10.7.0.13:36715
distributed.worker - INFO -          Listening to:      tcp://10.7.0.13:36715
distributed.worker - INFO -          dashboard at:            10.7.0.13:39895
distributed.worker - INFO - Waiting to connect to:        tcp://10.7.0.1:8786
distributed.worker - INFO - -------------------------------------------------
distributed.worker - INFO -               Threads:                         40
distributed.worker - INFO -                Memory:                 160.00 GiB
distributed.worker - INFO -       Local Directory: /tmp/dask-worker-space/worker-ns4l1aql
distributed.worker - INFO - -------------------------------------------------
distributed.worker - INFO -         Registered to:        tcp://10.7.0.1:8786
distributed.worker - INFO - -------------------------------------------------
distributed.core - INFO - Starting established connection
distributed.worker - INFO -         Registered to:        tcp://10.7.0.1:8786
distributed.worker - INFO - -------------------------------------------------
distributed.worker - INFO -         Registered to:        tcp://10.7.0.1:8786
distributed.worker - INFO - -------------------------------------------------
distributed.core - INFO - Starting established connection
distributed.core - INFO - Starting established connection
distributed.worker - INFO -         Registered to:        tcp://10.7.0.1:8786
distributed.worker - INFO - -------------------------------------------------
distributed.core - INFO - Starting established connection
distributed.worker - INFO -         Registered to:        tcp://10.7.0.1:8786
distributed.worker - INFO - -------------------------------------------------
distributed.worker - INFO -         Registered to:        tcp://10.7.0.1:8786
distributed.worker - INFO - -------------------------------------------------
distributed.core - INFO - Starting established connection
distributed.worker - INFO -         Registered to:        tcp://10.7.0.1:8786
distributed.core - INFO - Starting established connection
distributed.worker - INFO - -------------------------------------------------
distributed.worker - INFO -         Registered to:        tcp://10.7.0.1:8786
distributed.worker - INFO - -------------------------------------------------
distributed.core - INFO - Starting established connection
distributed.worker - INFO -         Registered to:        tcp://10.7.0.1:8786
distributed.worker - INFO - -------------------------------------------------
distributed.worker - INFO -         Registered to:        tcp://10.7.0.1:8786
distributed.worker - INFO - -------------------------------------------------
distributed.core - INFO - Starting established connection
distributed.core - INFO - Starting established connection
distributed.core - INFO - Starting established connection
distributed.worker - INFO -         Registered to:        tcp://10.7.0.1:8786
distributed.worker - INFO - -------------------------------------------------
distributed.worker - INFO -         Registered to:        tcp://10.7.0.1:8786
distributed.worker - INFO - -------------------------------------------------
distributed.core - INFO - Starting established connection
distributed.core - INFO - Starting established connection
distributed.worker - INFO -         Registered to:        tcp://10.7.0.1:8786
distributed.worker - INFO - -------------------------------------------------
distributed.core - INFO - Starting established connection
distributed.worker - INFO -         Registered to:        tcp://10.7.0.1:8786
distributed.worker - INFO - -------------------------------------------------
distributed.core - INFO - Starting established connection
distributed.worker - INFO -         Registered to:        tcp://10.7.0.1:8786
distributed.worker - INFO - -------------------------------------------------
distributed.worker - INFO -         Registered to:        tcp://10.7.0.1:8786
distributed.worker - INFO - -------------------------------------------------
distributed.core - INFO - Starting established connection
distributed.core - INFO - Starting established connection
distributed.worker - INFO -         Registered to:        tcp://10.7.0.1:8786
distributed.worker - INFO - -------------------------------------------------
distributed.core - INFO - Starting established connection
distributed.worker - INFO -         Registered to:        tcp://10.7.0.1:8786
distributed.worker - INFO - -------------------------------------------------
distributed.worker - INFO -         Registered to:        tcp://10.7.0.1:8786
distributed.worker - INFO - -------------------------------------------------
distributed.core - INFO - Starting established connection
distributed.core - INFO - Starting established connection
distributed.worker - INFO -         Registered to:        tcp://10.7.0.1:8786
distributed.worker - INFO - -------------------------------------------------
distributed.worker - INFO -         Registered to:        tcp://10.7.0.1:8786
distributed.worker - INFO - -------------------------------------------------
distributed.core - INFO - Starting established connection
distributed.worker - INFO -         Registered to:        tcp://10.7.0.1:8786
distributed.worker - INFO - -------------------------------------------------
distributed.core - INFO - Starting established connection
distributed.worker - INFO -         Registered to:        tcp://10.7.0.1:8786
distributed.core - INFO - Starting established connection
distributed.worker - INFO - -------------------------------------------------
distributed.core - INFO - Starting established connection
distributed.worker - INFO -         Registered to:        tcp://10.7.0.1:8786
distributed.worker - INFO - -------------------------------------------------
distributed.worker - INFO -         Registered to:        tcp://10.7.0.1:8786
distributed.worker - INFO - -------------------------------------------------
distributed.core - INFO - Starting established connection
distributed.worker - INFO -         Registered to:        tcp://10.7.0.1:8786
distributed.core - INFO - Starting established connection
distributed.worker - INFO - -------------------------------------------------
distributed.core - INFO - Starting established connection
distributed.worker - INFO -         Registered to:        tcp://10.7.0.1:8786
distributed.worker - INFO - -------------------------------------------------
distributed.core - INFO - Starting established connection
distributed.worker - INFO -         Registered to:        tcp://10.7.0.1:8786
distributed.worker - INFO - -------------------------------------------------
distributed.core - INFO - Starting established connection
distributed.worker - INFO -         Registered to:        tcp://10.7.0.1:8786
distributed.worker - INFO - -------------------------------------------------
distributed.core - INFO - Starting established connection
distributed.worker - INFO -         Registered to:        tcp://10.7.0.1:8786
distributed.worker - INFO - -------------------------------------------------
distributed.worker - INFO -         Registered to:        tcp://10.7.0.1:8786
distributed.worker - INFO - -------------------------------------------------
distributed.core - INFO - Starting established connection
distributed.core - INFO - Starting established connection
distributed.worker - INFO -         Registered to:        tcp://10.7.0.1:8786
distributed.worker - INFO - -------------------------------------------------
distributed.worker - INFO -         Registered to:        tcp://10.7.0.1:8786
distributed.worker - INFO - -------------------------------------------------
distributed.core - INFO - Starting established connection
distributed.worker - INFO -         Registered to:        tcp://10.7.0.1:8786
distributed.worker - INFO - -------------------------------------------------
distributed.core - INFO - Starting established connection
distributed.worker - INFO -         Registered to:        tcp://10.7.0.1:8786
distributed.worker - INFO - -------------------------------------------------
distributed.core - INFO - Starting established connection
distributed.worker - INFO -         Registered to:        tcp://10.7.0.1:8786
distributed.core - INFO - Starting established connection
distributed.worker - INFO - -------------------------------------------------
distributed.core - INFO - Starting established connection
distributed.worker - INFO -         Registered to:        tcp://10.7.0.1:8786
distributed.worker - INFO - -------------------------------------------------
distributed.core - INFO - Starting established connection
distributed.worker - INFO -         Registered to:        tcp://10.7.0.1:8786
distributed.worker - INFO - -------------------------------------------------
distributed.worker - INFO -         Registered to:        tcp://10.7.0.1:8786
distributed.worker - INFO - -------------------------------------------------
distributed.core - INFO - Starting established connection
distributed.worker - INFO -         Registered to:        tcp://10.7.0.1:8786
distributed.worker - INFO - -------------------------------------------------
distributed.core - INFO - Starting established connection
distributed.core - INFO - Starting established connection
distributed.worker - INFO -         Registered to:        tcp://10.7.0.1:8786
distributed.worker - INFO - -------------------------------------------------
distributed.worker - INFO -         Registered to:        tcp://10.7.0.1:8786
distributed.worker - INFO - -------------------------------------------------
distributed.core - INFO - Starting established connection
distributed.worker - INFO -         Registered to:        tcp://10.7.0.1:8786
distributed.worker - INFO - -------------------------------------------------
distributed.core - INFO - Starting established connection
distributed.core - INFO - Starting established connection
distributed.worker - INFO -         Registered to:        tcp://10.7.0.1:8786
distributed.worker - INFO - -------------------------------------------------
distributed.core - INFO - Starting established connection
distributed.worker - INFO -         Registered to:        tcp://10.7.0.1:8786
distributed.worker - INFO - -------------------------------------------------
distributed.worker - INFO -         Registered to:        tcp://10.7.0.1:8786
distributed.worker - INFO - -------------------------------------------------
distributed.core - INFO - Starting established connection
distributed.worker - INFO -         Registered to:        tcp://10.7.0.1:8786
distributed.worker - INFO - -------------------------------------------------
distributed.core - INFO - Starting established connection
distributed.worker - INFO -         Registered to:        tcp://10.7.0.1:8786
distributed.worker - INFO - -------------------------------------------------
distributed.core - INFO - Starting established connection
distributed.worker - INFO -         Registered to:        tcp://10.7.0.1:8786
distributed.worker - INFO - -------------------------------------------------
distributed.core - INFO - Starting established connection
distributed.worker - INFO -         Registered to:        tcp://10.7.0.1:8786
distributed.worker - INFO - -------------------------------------------------
distributed.core - INFO - Starting established connection
distributed.core - INFO - Starting established connection
distributed.worker - INFO -         Registered to:        tcp://10.7.0.1:8786
distributed.worker - INFO - -------------------------------------------------
distributed.worker - INFO -         Registered to:        tcp://10.7.0.1:8786
distributed.worker - INFO - -------------------------------------------------
distributed.core - INFO - Starting established connection
distributed.worker - INFO -         Registered to:        tcp://10.7.0.1:8786
distributed.worker - INFO - -------------------------------------------------
distributed.core - INFO - Starting established connection
distributed.worker - INFO -         Registered to:        tcp://10.7.0.1:8786
distributed.core - INFO - Starting established connection
distributed.worker - INFO -         Registered to:        tcp://10.7.0.1:8786
distributed.worker - INFO - -------------------------------------------------
distributed.worker - INFO - -------------------------------------------------
distributed.core - INFO - Starting established connection
distributed.core - INFO - Starting established connection
distributed.worker - INFO -         Registered to:        tcp://10.7.0.1:8786
distributed.worker - INFO - -------------------------------------------------
distributed.worker - INFO -         Registered to:        tcp://10.7.0.1:8786
distributed.worker - INFO - -------------------------------------------------
distributed.core - INFO - Starting established connection
distributed.worker - INFO -         Registered to:        tcp://10.7.0.1:8786
distributed.worker - INFO - -------------------------------------------------
distributed.core - INFO - Starting established connection
distributed.worker - INFO -         Registered to:        tcp://10.7.0.1:8786
distributed.worker - INFO - -------------------------------------------------
distributed.core - INFO - Starting established connection
distributed.core - INFO - Starting established connection
distributed.worker - INFO -         Registered to:        tcp://10.7.0.1:8786
distributed.worker - INFO - -------------------------------------------------
distributed.worker - INFO -         Registered to:        tcp://10.7.0.1:8786
distributed.worker - INFO - -------------------------------------------------
distributed.core - INFO - Starting established connection
distributed.worker - INFO -         Registered to:        tcp://10.7.0.1:8786
distributed.worker - INFO - -------------------------------------------------
distributed.core - INFO - Starting established connection
distributed.worker - INFO -         Registered to:        tcp://10.7.0.1:8786
distributed.worker - INFO - -------------------------------------------------
distributed.core - INFO - Starting established connection
distributed.core - INFO - Starting established connection
distributed.worker - INFO -         Registered to:        tcp://10.7.0.1:8786
distributed.worker - INFO - -------------------------------------------------
distributed.worker - INFO -         Registered to:        tcp://10.7.0.1:8786
distributed.worker - INFO - -------------------------------------------------
distributed.core - INFO - Starting established connection
distributed.core - INFO - Starting established connection
distributed.worker - INFO -         Registered to:        tcp://10.7.0.1:8786
distributed.worker - INFO - -------------------------------------------------
distributed.worker - INFO -         Registered to:        tcp://10.7.0.1:8786
distributed.core - INFO - Starting established connection
distributed.worker - INFO - -------------------------------------------------
distributed.worker - INFO -         Registered to:        tcp://10.7.0.1:8786
distributed.worker - INFO - -------------------------------------------------
distributed.core - INFO - Starting established connection
distributed.worker - INFO -         Registered to:        tcp://10.7.0.1:8786
distributed.worker - INFO - -------------------------------------------------
distributed.core - INFO - Starting established connection
distributed.core - INFO - Starting established connection
distributed.worker - INFO -         Registered to:        tcp://10.7.0.1:8786
distributed.worker - INFO - -------------------------------------------------
distributed.worker - INFO -         Registered to:        tcp://10.7.0.1:8786
distributed.core - INFO - Starting established connection
distributed.worker - INFO - -------------------------------------------------
distributed.worker - INFO -         Registered to:        tcp://10.7.0.1:8786
distributed.worker - INFO - -------------------------------------------------
distributed.core - INFO - Starting established connection
distributed.core - INFO - Starting established connection
distributed.worker - INFO -         Registered to:        tcp://10.7.0.1:8786
distributed.worker - INFO - -------------------------------------------------
distributed.worker - INFO -         Registered to:        tcp://10.7.0.1:8786
distributed.worker - INFO - -------------------------------------------------
distributed.core - INFO - Starting established connection
distributed.core - INFO - Starting established connection
distributed.worker - INFO -         Registered to:        tcp://10.7.0.1:8786
distributed.worker - INFO - -------------------------------------------------
distributed.worker - INFO -         Registered to:        tcp://10.7.0.1:8786
distributed.worker - INFO - -------------------------------------------------
distributed.core - INFO - Starting established connection
distributed.worker - INFO -         Registered to:        tcp://10.7.0.1:8786
distributed.worker - INFO - -------------------------------------------------
distributed.core - INFO - Starting established connection
distributed.worker - INFO -         Registered to:        tcp://10.7.0.1:8786
distributed.worker - INFO - -------------------------------------------------
distributed.core - INFO - Starting established connection
distributed.core - INFO - Starting established connection
distributed.worker - INFO -         Registered to:        tcp://10.7.0.1:8786
distributed.worker - INFO - -------------------------------------------------
distributed.worker - INFO -         Registered to:        tcp://10.7.0.1:8786
distributed.worker - INFO - -------------------------------------------------
distributed.core - INFO - Starting established connection
distributed.worker - INFO -         Registered to:        tcp://10.7.0.1:8786
distributed.core - INFO - Starting established connection
distributed.worker - INFO - -------------------------------------------------
distributed.worker - INFO -         Registered to:        tcp://10.7.0.1:8786
distributed.worker - INFO - -------------------------------------------------
distributed.core - INFO - Starting established connection
distributed.worker - INFO -         Registered to:        tcp://10.7.0.1:8786
distributed.worker - INFO - -------------------------------------------------
distributed.core - INFO - Starting established connection
distributed.worker - INFO -         Registered to:        tcp://10.7.0.1:8786
distributed.core - INFO - Starting established connection
distributed.worker - INFO - -------------------------------------------------
distributed.worker - INFO -         Registered to:        tcp://10.7.0.1:8786
distributed.worker - INFO - -------------------------------------------------
distributed.core - INFO - Starting established connection
distributed.worker - INFO -         Registered to:        tcp://10.7.0.1:8786
distributed.worker - INFO - -------------------------------------------------
distributed.core - INFO - Starting established connection
distributed.worker - INFO -         Registered to:        tcp://10.7.0.1:8786
distributed.worker - INFO - -------------------------------------------------
distributed.core - INFO - Starting established connection
distributed.worker - INFO -         Registered to:        tcp://10.7.0.1:8786
distributed.worker - INFO - -------------------------------------------------
distributed.core - INFO - Starting established connection
distributed.worker - INFO -         Registered to:        tcp://10.7.0.1:8786
distributed.worker - INFO - -------------------------------------------------
distributed.core - INFO - Starting established connection
distributed.worker - INFO -         Registered to:        tcp://10.7.0.1:8786
distributed.core - INFO - Starting established connection
distributed.worker - INFO - -------------------------------------------------
distributed.worker - INFO -         Registered to:        tcp://10.7.0.1:8786
distributed.worker - INFO - -------------------------------------------------
distributed.core - INFO - Starting established connection
distributed.worker - INFO -         Registered to:        tcp://10.7.0.1:8786
distributed.worker - INFO - -------------------------------------------------
distributed.core - INFO - Starting established connection
distributed.core - INFO - Starting established connection
distributed.worker - INFO -         Registered to:        tcp://10.7.0.1:8786
distributed.worker - INFO - -------------------------------------------------
distributed.worker - INFO -         Registered to:        tcp://10.7.0.1:8786
distributed.worker - INFO - -------------------------------------------------
distributed.core - INFO - Starting established connection
distributed.worker - INFO -         Registered to:        tcp://10.7.0.1:8786
distributed.worker - INFO - -------------------------------------------------
distributed.core - INFO - Starting established connection
distributed.core - INFO - Starting established connection
distributed.worker - INFO -         Registered to:        tcp://10.7.0.1:8786
distributed.worker - INFO - -------------------------------------------------
distributed.core - INFO - Starting established connection
distributed.worker - INFO -         Registered to:        tcp://10.7.0.1:8786
distributed.worker - INFO - -------------------------------------------------
distributed.core - INFO - Starting established connection
distributed.worker - INFO -         Registered to:        tcp://10.7.0.1:8786
distributed.worker - INFO - -------------------------------------------------
distributed.worker - INFO -         Registered to:        tcp://10.7.0.1:8786
distributed.worker - INFO - -------------------------------------------------
distributed.core - INFO - Starting established connection
distributed.worker - INFO -         Registered to:        tcp://10.7.0.1:8786
distributed.worker - INFO - -------------------------------------------------
distributed.core - INFO - Starting established connection
distributed.core - INFO - Starting established connection
distributed.worker - INFO -         Registered to:        tcp://10.7.0.1:8786
distributed.worker - INFO - -------------------------------------------------
distributed.worker - INFO -         Registered to:        tcp://10.7.0.1:8786
distributed.worker - INFO - -------------------------------------------------
distributed.core - INFO - Starting established connection
distributed.core - INFO - Starting established connection
distributed.worker - INFO -         Registered to:        tcp://10.7.0.1:8786
distributed.worker - INFO - -------------------------------------------------
distributed.worker - INFO -         Registered to:        tcp://10.7.0.1:8786
distributed.worker - INFO - -------------------------------------------------
distributed.core - INFO - Starting established connection
distributed.worker - INFO -         Registered to:        tcp://10.7.0.1:8786
distributed.worker - INFO - -------------------------------------------------
distributed.core - INFO - Starting established connection
distributed.worker - INFO -         Registered to:        tcp://10.7.0.1:8786
distributed.worker - INFO - -------------------------------------------------
distributed.core - INFO - Starting established connection
distributed.worker - INFO -         Registered to:        tcp://10.7.0.1:8786
distributed.worker - INFO - -------------------------------------------------
distributed.core - INFO - Starting established connection
distributed.core - INFO - Starting established connection
distributed.worker - INFO -         Registered to:        tcp://10.7.0.1:8786
distributed.worker - INFO - -------------------------------------------------
distributed.core - INFO - Starting established connection
distributed.worker - INFO -         Registered to:        tcp://10.7.0.1:8786
distributed.worker - INFO - -------------------------------------------------
distributed.worker - INFO -         Registered to:        tcp://10.7.0.1:8786
distributed.worker - INFO - -------------------------------------------------
distributed.core - INFO - Starting established connection
distributed.worker - INFO -         Registered to:        tcp://10.7.0.1:8786
distributed.worker - INFO - -------------------------------------------------
distributed.core - INFO - Starting established connection
distributed.core - INFO - Starting established connection
distributed.worker - INFO -         Registered to:        tcp://10.7.0.1:8786
distributed.worker - INFO - -------------------------------------------------
distributed.worker - INFO -         Registered to:        tcp://10.7.0.1:8786
distributed.worker - INFO - -------------------------------------------------
distributed.core - INFO - Starting established connection
distributed.core - INFO - Starting established connection
distributed.worker - INFO -         Registered to:        tcp://10.7.0.1:8786
distributed.worker - INFO - -------------------------------------------------
distributed.worker - INFO -         Registered to:        tcp://10.7.0.1:8786
distributed.worker - INFO - -------------------------------------------------
distributed.core - INFO - Starting established connection
distributed.core - INFO - Starting established connection
distributed.worker - INFO -         Registered to:        tcp://10.7.0.1:8786
distributed.worker - INFO - -------------------------------------------------
distributed.core - INFO - Starting established connection
distributed.worker - INFO -         Registered to:        tcp://10.7.0.1:8786
distributed.worker - INFO - -------------------------------------------------
distributed.worker - INFO -         Registered to:        tcp://10.7.0.1:8786
distributed.worker - INFO - -------------------------------------------------
distributed.core - INFO - Starting established connection
distributed.worker - INFO -         Registered to:        tcp://10.7.0.1:8786
distributed.worker - INFO - -------------------------------------------------
distributed.core - INFO - Starting established connection
distributed.worker - INFO -         Registered to:        tcp://10.7.0.1:8786
distributed.worker - INFO - -------------------------------------------------
distributed.core - INFO - Starting established connection
distributed.core - INFO - Starting established connection
distributed.core - INFO - Event loop was unresponsive in Worker for 11.01s.  This is often caused by long-running GIL-holding functions or moving large chunks of data. This can cause timeouts and instability.
distributed.core - INFO - Event loop was unresponsive in Worker for 10.86s.  This is often caused by long-running GIL-holding functions or moving large chunks of data. This can cause timeouts and instability.
distributed.core - INFO - Event loop was unresponsive in Worker for 10.90s.  This is often caused by long-running GIL-holding functions or moving large chunks of data. This can cause timeouts and instability.
distributed.core - INFO - Event loop was unresponsive in Worker for 10.88s.  This is often caused by long-running GIL-holding functions or moving large chunks of data. This can cause timeouts and instability.
distributed.core - INFO - Event loop was unresponsive in Worker for 10.86s.  This is often caused by long-running GIL-holding functions or moving large chunks of data. This can cause timeouts and instability.
distributed.core - INFO - Event loop was unresponsive in Worker for 10.89s.  This is often caused by long-running GIL-holding functions or moving large chunks of data. This can cause timeouts and instability.
distributed.core - INFO - Event loop was unresponsive in Worker for 10.94s.  This is often caused by long-running GIL-holding functions or moving large chunks of data. This can cause timeouts and instability.
distributed.core - INFO - Event loop was unresponsive in Worker for 10.96s.  This is often caused by long-running GIL-holding functions or moving large chunks of data. This can cause timeouts and instability.
distributed.worker - INFO - Stopping worker at tcp://10.7.0.13:33053
distributed.worker - INFO - Stopping worker at tcp://10.7.0.13:33405
distributed.worker - INFO - Stopping worker at tcp://10.7.0.13:33326
distributed.worker - INFO - Stopping worker at tcp://10.7.0.13:38449
distributed.worker - INFO - Stopping worker at tcp://10.7.0.13:40042
distributed.worker - INFO - Stopping worker at tcp://10.7.0.13:36005
distributed.worker - INFO - Stopping worker at tcp://10.7.0.14:33984
distributed.worker - INFO - Stopping worker at tcp://10.7.0.13:34985
distributed.worker - INFO - Stopping worker at tcp://10.7.0.14:34401
distributed.worker - INFO - Stopping worker at tcp://10.7.0.13:35922
distributed.worker - INFO - Stopping worker at tcp://10.7.0.14:39259
distributed.worker - INFO - Stopping worker at tcp://10.7.0.13:34047
distributed.worker - INFO - Stopping worker at tcp://10.7.0.14:37311
distributed.worker - INFO - Stopping worker at tcp://10.7.0.13:35420
distributed.worker - INFO - Stopping worker at tcp://10.7.0.14:36666
distributed.worker - INFO - Stopping worker at tcp://10.7.0.13:33942
distributed.worker - INFO - Stopping worker at tcp://10.7.0.14:35171
distributed.worker - INFO - Stopping worker at tcp://10.7.0.13:38357
distributed.worker - INFO - Stopping worker at tcp://10.7.0.13:36715
distributed.worker - INFO - Stopping worker at tcp://10.7.0.13:37886
distributed.worker - INFO - Stopping worker at tcp://10.7.0.14:34205
distributed.worker - INFO - Stopping worker at tcp://10.7.0.13:42426
distributed.worker - INFO - Stopping worker at tcp://10.7.0.13:41822
distributed.worker - INFO - Stopping worker at tcp://10.7.0.14:34508
distributed.worker - INFO - Stopping worker at tcp://10.7.0.13:41465
distributed.worker - INFO - Stopping worker at tcp://10.7.0.14:34237
distributed.worker - INFO - Stopping worker at tcp://10.7.0.13:42253
distributed.worker - INFO - Stopping worker at tcp://10.7.0.14:34136
distributed.worker - INFO - Stopping worker at tcp://10.7.0.13:43354
distributed.worker - INFO - Stopping worker at tcp://10.7.0.13:33533
distributed.worker - INFO - Stopping worker at tcp://10.7.0.14:38387
distributed.worker - INFO - Stopping worker at tcp://10.7.0.13:36678
distributed.worker - INFO - Stopping worker at tcp://10.7.0.13:40809
distributed.worker - INFO - Stopping worker at tcp://10.7.0.14:41673
distributed.worker - INFO - Stopping worker at tcp://10.7.0.13:43338
distributed.worker - INFO - Stopping worker at tcp://10.7.0.14:43226
distributed.worker - INFO - Stopping worker at tcp://10.7.0.14:36622
distributed.worker - INFO - Stopping worker at tcp://10.7.0.13:45991
distributed.worker - INFO - Stopping worker at tcp://10.7.0.13:44213
distributed.worker - INFO - Stopping worker at tcp://10.7.0.13:46633
distributed.worker - INFO - Stopping worker at tcp://10.7.0.14:37538
distributed.worker - INFO - Stopping worker at tcp://10.7.0.17:35056
distributed.worker - INFO - Stopping worker at tcp://10.7.0.13:46718
distributed.worker - INFO - Stopping worker at tcp://10.7.0.13:44034
distributed.worker - INFO - Stopping worker at tcp://10.7.0.14:38960
distributed.worker - INFO - Stopping worker at tcp://10.7.0.17:36318
distributed.worker - INFO - Stopping worker at tcp://10.7.0.14:43542
distributed.worker - INFO - Stopping worker at tcp://10.7.0.17:42020
distributed.worker - INFO - Stopping worker at tcp://10.7.0.14:39759
distributed.worker - INFO - Stopping worker at tcp://10.7.0.17:35151
distributed.worker - INFO - Stopping worker at tcp://10.7.0.14:37249
distributed.worker - INFO - Stopping worker at tcp://10.7.0.17:36184
distributed.worker - INFO - Stopping worker at tcp://10.7.0.14:35615
distributed.worker - INFO - Stopping worker at tcp://10.7.0.17:39876
distributed.worker - INFO - Stopping worker at tcp://10.7.0.14:44544
distributed.worker - INFO - Stopping worker at tcp://10.7.0.17:38947
distributed.worker - INFO - Stopping worker at tcp://10.7.0.17:36373
distributed.worker - INFO - Stopping worker at tcp://10.7.0.14:44272
distributed.worker - INFO - Stopping worker at tcp://10.7.0.17:34888
distributed.worker - INFO - Stopping worker at tcp://10.7.0.13:43114
distributed.worker - INFO - Stopping worker at tcp://10.7.0.14:44133
distributed.worker - INFO - Stopping worker at tcp://10.7.0.17:37934
distributed.worker - INFO - Stopping worker at tcp://10.7.0.13:46473
distributed.worker - INFO - Stopping worker at tcp://10.7.0.14:44415
distributed.worker - INFO - Stopping worker at tcp://10.7.0.17:36617
distributed.worker - INFO - Stopping worker at tcp://10.7.0.14:44712
distributed.worker - INFO - Stopping worker at tcp://10.7.0.17:39211
distributed.worker - INFO - Stopping worker at tcp://10.7.0.17:44176
distributed.worker - INFO - Stopping worker at tcp://10.7.0.14:44721
distributed.worker - INFO - Stopping worker at tcp://10.7.0.17:39201
distributed.worker - INFO - Stopping worker at tcp://10.7.0.14:40802
distributed.worker - INFO - Stopping worker at tcp://10.7.0.2:32844
distributed.worker - INFO - Stopping worker at tcp://10.7.0.14:45538
distributed.worker - INFO - Stopping worker at tcp://10.7.0.17:44328
distributed.worker - INFO - Stopping worker at tcp://10.7.0.17:43966
distributed.worker - INFO - Stopping worker at tcp://10.7.0.14:45695
distributed.worker - INFO - Stopping worker at tcp://10.7.0.17:44119
distributed.worker - INFO - Stopping worker at tcp://10.7.0.17:41161
distributed.worker - INFO - Stopping worker at tcp://10.7.0.14:45345
distributed.worker - INFO - Stopping worker at tcp://10.7.0.17:42996
distributed.worker - INFO - Stopping worker at tcp://10.7.0.2:39589
distributed.worker - INFO - Stopping worker at tcp://10.7.0.17:34286
distributed.worker - INFO - Stopping worker at tcp://10.7.0.17:46363
distributed.worker - INFO - Stopping worker at tcp://10.7.0.17:46461
distributed.worker - INFO - Stopping worker at tcp://10.7.0.2:33944
distributed.worker - INFO - Stopping worker at tcp://10.7.0.17:44709
distributed.worker - INFO - Stopping worker at tcp://10.7.0.2:34764
distributed.worker - INFO - Stopping worker at tcp://10.7.0.17:46883
distributed.worker - INFO - Stopping worker at tcp://10.7.0.2:38448
distributed.worker - INFO - Stopping worker at tcp://10.7.0.17:46375
distributed.worker - INFO - Stopping worker at tcp://10.7.0.2:35641
distributed.worker - INFO - Stopping worker at tcp://10.7.0.17:46832
distributed.worker - INFO - Stopping worker at tcp://10.7.0.2:36803
distributed.worker - INFO - Stopping worker at tcp://10.7.0.2:35296
distributed.worker - INFO - Stopping worker at tcp://10.7.0.2:34646
distributed.worker - INFO - Stopping worker at tcp://10.7.0.2:36137
distributed.worker - INFO - Stopping worker at tcp://10.7.0.2:38655
distributed.worker - INFO - Stopping worker at tcp://10.7.0.2:36280
distributed.worker - INFO - Stopping worker at tcp://10.7.0.17:44814
distributed.worker - INFO - Stopping worker at tcp://10.7.0.2:39230
distributed.worker - INFO - Stopping worker at tcp://10.7.0.2:40907
distributed.worker - INFO - Stopping worker at tcp://10.7.0.2:43271
distributed.worker - INFO - Stopping worker at tcp://10.7.0.2:45308
distributed.worker - INFO - Stopping worker at tcp://10.7.0.2:41486
distributed.worker - INFO - Stopping worker at tcp://10.7.0.2:41793
distributed.worker - INFO - Stopping worker at tcp://10.7.0.2:42098
distributed.worker - INFO - Stopping worker at tcp://10.7.0.2:42976
distributed.worker - INFO - Stopping worker at tcp://10.7.0.2:43492
distributed.worker - INFO - Stopping worker at tcp://10.7.0.2:45608
distributed.worker - INFO - Stopping worker at tcp://10.7.0.17:37774
distributed.worker - INFO - Stopping worker at tcp://10.7.0.17:46241
distributed.worker - INFO - Stopping worker at tcp://10.7.0.2:46731
distributed.worker - INFO - Stopping worker at tcp://10.7.0.2:44684
distributed.worker - INFO - Stopping worker at tcp://10.7.0.2:46369
distributed.worker - INFO - Stopping worker at tcp://10.7.0.2:35033
distributed.worker - INFO - Stopping worker at tcp://10.7.0.2:37984
distributed.worker - INFO - Stopping worker at tcp://10.7.0.17:45157
distributed.worker - INFO - Stopping worker at tcp://10.7.0.2:44735
distributed.worker - INFO - Stopping worker at tcp://10.7.0.2:38600
distributed.worker - INFO - Stopping worker at tcp://10.7.0.2:46293
distributed.nanny - INFO -         Start Nanny at: 'tcp://10.7.0.13:33330'
distributed.nanny - INFO -         Start Nanny at: 'tcp://10.7.0.13:37376'
distributed.nanny - INFO -         Start Nanny at: 'tcp://10.7.0.13:41406'
distributed.nanny - INFO -         Start Nanny at: 'tcp://10.7.0.13:37308'
distributed.nanny - INFO -         Start Nanny at: 'tcp://10.7.0.13:38537'
distributed.nanny - INFO -         Start Nanny at: 'tcp://10.7.0.13:37955'
distributed.nanny - INFO -         Start Nanny at: 'tcp://10.7.0.13:33284'
distributed.nanny - INFO -         Start Nanny at: 'tcp://10.7.0.13:34224'
distributed.nanny - INFO -         Start Nanny at: 'tcp://10.7.0.13:37619'
distributed.nanny - INFO -         Start Nanny at: 'tcp://10.7.0.13:41092'
distributed.nanny - INFO -         Start Nanny at: 'tcp://10.7.0.13:39061'
distributed.nanny - INFO -         Start Nanny at: 'tcp://10.7.0.13:35651'
distributed.nanny - INFO -         Start Nanny at: 'tcp://10.7.0.13:45027'
distributed.nanny - INFO -         Start Nanny at: 'tcp://10.7.0.14:43687'
distributed.nanny - INFO -         Start Nanny at: 'tcp://10.7.0.14:37204'
distributed.nanny - INFO -         Start Nanny at: 'tcp://10.7.0.13:33738'
distributed.nanny - INFO -         Start Nanny at: 'tcp://10.7.0.13:36535'
distributed.nanny - INFO -         Start Nanny at: 'tcp://10.7.0.14:38402'
distributed.nanny - INFO -         Start Nanny at: 'tcp://10.7.0.13:40586'
distributed.nanny - INFO -         Start Nanny at: 'tcp://10.7.0.13:37363'
distributed.nanny - INFO -         Start Nanny at: 'tcp://10.7.0.13:41858'
distributed.nanny - INFO -         Start Nanny at: 'tcp://10.7.0.13:39627'
distributed.nanny - INFO -         Start Nanny at: 'tcp://10.7.0.13:38508'
distributed.nanny - INFO -         Start Nanny at: 'tcp://10.7.0.13:34814'
distributed.nanny - INFO -         Start Nanny at: 'tcp://10.7.0.13:35758'
distributed.nanny - INFO -         Start Nanny at: 'tcp://10.7.0.14:34300'
distributed.nanny - INFO -         Start Nanny at: 'tcp://10.7.0.13:36293'
distributed.nanny - INFO -         Start Nanny at: 'tcp://10.7.0.13:33100'
distributed.nanny - INFO -         Start Nanny at: 'tcp://10.7.0.14:44711'
distributed.nanny - INFO -         Start Nanny at: 'tcp://10.7.0.13:35254'
distributed.nanny - INFO -         Start Nanny at: 'tcp://10.7.0.13:39473'
distributed.nanny - INFO -         Start Nanny at: 'tcp://10.7.0.14:33486'
distributed.nanny - INFO -         Start Nanny at: 'tcp://10.7.0.14:41551'
distributed.nanny - INFO -         Start Nanny at: 'tcp://10.7.0.13:44949'
distributed.nanny - INFO -         Start Nanny at: 'tcp://10.7.0.14:39178'
distributed.nanny - INFO -         Start Nanny at: 'tcp://10.7.0.13:34537'
distributed.nanny - INFO -         Start Nanny at: 'tcp://10.7.0.14:39231'
distributed.nanny - INFO -         Start Nanny at: 'tcp://10.7.0.14:38804'
distributed.nanny - INFO -         Start Nanny at: 'tcp://10.7.0.14:42049'
distributed.nanny - INFO -         Start Nanny at: 'tcp://10.7.0.14:40123'
distributed.nanny - INFO -         Start Nanny at: 'tcp://10.7.0.14:38022'
distributed.nanny - INFO -         Start Nanny at: 'tcp://10.7.0.14:43204'
distributed.nanny - INFO -         Start Nanny at: 'tcp://10.7.0.13:34719'
distributed.nanny - INFO -         Start Nanny at: 'tcp://10.7.0.14:33790'
distributed.nanny - INFO -         Start Nanny at: 'tcp://10.7.0.14:45988'
distributed.nanny - INFO -         Start Nanny at: 'tcp://10.7.0.14:32953'
distributed.nanny - INFO -         Start Nanny at: 'tcp://10.7.0.14:39210'
distributed.nanny - INFO -         Start Nanny at: 'tcp://10.7.0.17:36843'
distributed.nanny - INFO -         Start Nanny at: 'tcp://10.7.0.14:45320'
distributed.nanny - INFO -         Start Nanny at: 'tcp://10.7.0.14:34615'
distributed.nanny - INFO -         Start Nanny at: 'tcp://10.7.0.14:33961'
distributed.nanny - INFO -         Start Nanny at: 'tcp://10.7.0.14:42691'
distributed.nanny - INFO -         Start Nanny at: 'tcp://10.7.0.14:44477'
distributed.nanny - INFO -         Start Nanny at: 'tcp://10.7.0.14:44287'
distributed.nanny - INFO -         Start Nanny at: 'tcp://10.7.0.2:42165'
distributed.nanny - INFO -         Start Nanny at: 'tcp://10.7.0.17:39547'
distributed.nanny - INFO - Worker closed
distributed.nanny - INFO -         Start Nanny at: 'tcp://10.7.0.14:38916'
distributed.nanny - INFO -         Start Nanny at: 'tcp://10.7.0.2:36077'
distributed.nanny - INFO -         Start Nanny at: 'tcp://10.7.0.14:36819'
distributed.nanny - INFO -         Start Nanny at: 'tcp://10.7.0.2:35726'
distributed.nanny - INFO -         Start Nanny at: 'tcp://10.7.0.14:46709'
distributed.nanny - INFO -         Start Nanny at: 'tcp://10.7.0.2:42376'
distributed.nanny - INFO -         Start Nanny at: 'tcp://10.7.0.17:41527'
distributed.nanny - INFO -         Start Nanny at: 'tcp://10.7.0.14:38708'
distributed.nanny - INFO -         Start Nanny at: 'tcp://10.7.0.2:36328'
distributed.nanny - INFO -         Start Nanny at: 'tcp://10.7.0.2:37364'
distributed.nanny - INFO -         Start Nanny at: 'tcp://10.7.0.2:46520'
distributed.nanny - INFO -         Start Nanny at: 'tcp://10.7.0.17:34369'
distributed.nanny - INFO -         Start Nanny at: 'tcp://10.7.0.2:37962'
distributed.nanny - INFO - Worker closed
distributed.nanny - INFO -         Start Nanny at: 'tcp://10.7.0.17:36786'
distributed.nanny - INFO - Worker closed
distributed.nanny - INFO -         Start Nanny at: 'tcp://10.7.0.17:36659'
distributed.nanny - INFO -         Start Nanny at: 'tcp://10.7.0.2:38463'
distributed.nanny - INFO - Worker closed
distributed.nanny - INFO -         Start Nanny at: 'tcp://10.7.0.17:37863'
distributed.nanny - INFO -         Start Nanny at: 'tcp://10.7.0.17:40449'
distributed.nanny - INFO -         Start Nanny at: 'tcp://10.7.0.2:32895'
distributed.nanny - INFO - Worker closed
distributed.nanny - INFO - Worker closed
distributed.nanny - INFO - Worker closed
distributed.nanny - INFO -         Start Nanny at: 'tcp://10.7.0.14:41315'
distributed.nanny - INFO - Worker closed
distributed.nanny - INFO -         Start Nanny at: 'tcp://10.7.0.17:42343'
distributed.nanny - INFO - Worker closed
distributed.nanny - INFO -         Start Nanny at: 'tcp://10.7.0.2:46118'
distributed.nanny - INFO -         Start Nanny at: 'tcp://10.7.0.17:38029'
distributed.nanny - INFO -         Start Nanny at: 'tcp://10.7.0.17:37247'
distributed.nanny - INFO - Worker closed
distributed.nanny - INFO - Worker closed
distributed.nanny - INFO - Worker closed
distributed.nanny - INFO - Worker closed
distributed.nanny - INFO - Worker closed
distributed.nanny - INFO - Worker closed
distributed.nanny - INFO - Worker closed
distributed.nanny - INFO - Worker closed
distributed.nanny - INFO - Worker closed
distributed.nanny - INFO - Worker closed
distributed.nanny - INFO -         Start Nanny at: 'tcp://10.7.0.13:42585'
distributed.nanny - INFO - Worker closed
distributed.nanny - INFO - Worker closed
distributed.nanny - INFO - Worker closed
distributed.nanny - INFO - Worker closed
distributed.nanny - INFO - Worker closed
distributed.nanny - INFO - Worker closed
distributed.nanny - INFO - Worker closed
distributed.nanny - INFO - Worker closed
distributed.nanny - INFO - Worker closed
distributed.nanny - INFO - Worker closed
distributed.nanny - INFO - Worker closed
distributed.nanny - INFO - Worker closed
distributed.nanny - INFO - Worker closed
distributed.nanny - INFO - Worker closed
distributed.nanny - INFO - Worker closed
distributed.worker - WARNING - Heartbeat to scheduler failed
Traceback (most recent call last):
  File "/gpfs/users/fernandezx/spack/opt/spack/linux-centos7-cascadelake/gcc-11.2.0/py-distributed-deisa-tvck22hdjddjrkrb4clzsednvt2igzro/lib/python3.10/site-packages/distributed/comm/tcp.py", line 205, in read
    frames_nbytes = await stream.read_bytes(fmt_size)
tornado.iostream.StreamClosedError: Stream is closed

The above exception was the direct cause of the following exception:

Traceback (most recent call last):
  File "/gpfs/users/fernandezx/spack/opt/spack/linux-centos7-cascadelake/gcc-11.2.0/py-distributed-deisa-tvck22hdjddjrkrb4clzsednvt2igzro/lib/python3.10/site-packages/distributed/worker.py", line 1235, in heartbeat
    response = await retry_operation(
  File "/gpfs/users/fernandezx/spack/opt/spack/linux-centos7-cascadelake/gcc-11.2.0/py-distributed-deisa-tvck22hdjddjrkrb4clzsednvt2igzro/lib/python3.10/site-packages/distributed/utils_comm.py", line 366, in retry_operation
    return await retry(
  File "/gpfs/users/fernandezx/spack/opt/spack/linux-centos7-cascadelake/gcc-11.2.0/py-distributed-deisa-tvck22hdjddjrkrb4clzsednvt2igzro/lib/python3.10/site-packages/distributed/utils_comm.py", line 351, in retry
    return await coro()
  File "/gpfs/users/fernandezx/spack/opt/spack/linux-centos7-cascadelake/gcc-11.2.0/py-distributed-deisa-tvck22hdjddjrkrb4clzsednvt2igzro/lib/python3.10/site-packages/distributed/core.py", line 887, in send_recv_from_rpc
    result = await send_recv(comm=comm, op=key, **kwargs)
  File "/gpfs/users/fernandezx/spack/opt/spack/linux-centos7-cascadelake/gcc-11.2.0/py-distributed-deisa-tvck22hdjddjrkrb4clzsednvt2igzro/lib/python3.10/site-packages/distributed/core.py", line 664, in send_recv
    response = await comm.read(deserializers=deserializers)
  File "/gpfs/users/fernandezx/spack/opt/spack/linux-centos7-cascadelake/gcc-11.2.0/py-distributed-deisa-tvck22hdjddjrkrb4clzsednvt2igzro/lib/python3.10/site-packages/distributed/comm/tcp.py", line 221, in read
    convert_stream_closed_error(self, e)
  File "/gpfs/users/fernandezx/spack/opt/spack/linux-centos7-cascadelake/gcc-11.2.0/py-distributed-deisa-tvck22hdjddjrkrb4clzsednvt2igzro/lib/python3.10/site-packages/distributed/comm/tcp.py", line 128, in convert_stream_closed_error
    raise CommClosedError(f"in {obj}: {exc}") from exc
distributed.comm.core.CommClosedError: in <TCP (closed) ConnectionPool.heartbeat_worker local=tcp://10.7.0.14:50836 remote=tcp://10.7.0.1:8786>: Stream is closed
distributed.nanny - INFO - Worker closed
distributed.nanny - INFO - Worker closed
distributed.nanny - INFO - Worker closed
distributed.nanny - INFO - Worker closed
distributed.nanny - INFO - Worker closed
distributed.nanny - INFO - Worker closed
distributed.nanny - INFO - Worker closed
distributed.nanny - INFO - Worker closed
distributed.nanny - INFO - Worker closed
distributed.nanny - INFO - Worker closed
distributed.nanny - INFO - Worker closed
distributed.nanny - INFO -         Start Nanny at: 'tcp://10.7.0.17:44171'
distributed.nanny - INFO - Worker closed
distributed.nanny - INFO -         Start Nanny at: 'tcp://10.7.0.17:40840'
distributed.worker - WARNING - Heartbeat to scheduler failed
Traceback (most recent call last):
  File "/gpfs/users/fernandezx/spack/opt/spack/linux-centos7-cascadelake/gcc-11.2.0/py-distributed-deisa-tvck22hdjddjrkrb4clzsednvt2igzro/lib/python3.10/site-packages/distributed/comm/tcp.py", line 205, in read
    frames_nbytes = await stream.read_bytes(fmt_size)
tornado.iostream.StreamClosedError: Stream is closed

The above exception was the direct cause of the following exception:

Traceback (most recent call last):
  File "/gpfs/users/fernandezx/spack/opt/spack/linux-centos7-cascadelake/gcc-11.2.0/py-distributed-deisa-tvck22hdjddjrkrb4clzsednvt2igzro/lib/python3.10/site-packages/distributed/worker.py", line 1235, in heartbeat
    response = await retry_operation(
  File "/gpfs/users/fernandezx/spack/opt/spack/linux-centos7-cascadelake/gcc-11.2.0/py-distributed-deisa-tvck22hdjddjrkrb4clzsednvt2igzro/lib/python3.10/site-packages/distributed/utils_comm.py", line 366, in retry_operation
    return await retry(
  File "/gpfs/users/fernandezx/spack/opt/spack/linux-centos7-cascadelake/gcc-11.2.0/py-distributed-deisa-tvck22hdjddjrkrb4clzsednvt2igzro/lib/python3.10/site-packages/distributed/utils_comm.py", line 351, in retry
    return await coro()
  File "/gpfs/users/fernandezx/spack/opt/spack/linux-centos7-cascadelake/gcc-11.2.0/py-distributed-deisa-tvck22hdjddjrkrb4clzsednvt2igzro/lib/python3.10/site-packages/distributed/core.py", line 887, in send_recv_from_rpc
    result = await send_recv(comm=comm, op=key, **kwargs)
  File "/gpfs/users/fernandezx/spack/opt/spack/linux-centos7-cascadelake/gcc-11.2.0/py-distributed-deisa-tvck22hdjddjrkrb4clzsednvt2igzro/lib/python3.10/site-packages/distributed/core.py", line 664, in send_recv
    response = await comm.read(deserializers=deserializers)
  File "/gpfs/users/fernandezx/spack/opt/spack/linux-centos7-cascadelake/gcc-11.2.0/py-distributed-deisa-tvck22hdjddjrkrb4clzsednvt2igzro/lib/python3.10/site-packages/distributed/comm/tcp.py", line 221, in read
distributed.nanny - INFO -         Start Nanny at: 'tcp://10.7.0.17:43072'
    convert_stream_closed_error(self, e)
  File "/gpfs/users/fernandezx/spack/opt/spack/linux-centos7-cascadelake/gcc-11.2.0/py-distributed-deisa-tvck22hdjddjrkrb4clzsednvt2igzro/lib/python3.10/site-packages/distributed/comm/tcp.py", line 128, in convert_stream_closed_error
    raise CommClosedError(f"in {obj}: {exc}") from exc
distributed.comm.core.CommClosedError: in <TCP (closed) ConnectionPool.heartbeat_worker local=tcp://10.7.0.14:50838 remote=tcp://10.7.0.1:8786>: Stream is closed
distributed.nanny - INFO -         Start Nanny at: 'tcp://10.7.0.2:36390'
distributed.nanny - INFO - Worker closed
distributed.nanny - INFO - Worker closed
distributed.nanny - INFO -         Start Nanny at: 'tcp://10.7.0.2:42945'
distributed.nanny - INFO - Worker closed
distributed.nanny - INFO -         Start Nanny at: 'tcp://10.7.0.2:36467'
distributed.nanny - INFO - Worker closed
distributed.nanny - INFO - Worker closed
distributed.nanny - INFO -         Start Nanny at: 'tcp://10.7.0.14:38946'
distributed.worker - WARNING - Heartbeat to scheduler failed
Traceback (most recent call last):
  File "/gpfs/users/fernandezx/spack/opt/spack/linux-centos7-cascadelake/gcc-11.2.0/py-distributed-deisa-tvck22hdjddjrkrb4clzsednvt2igzro/lib/python3.10/site-packages/distributed/comm/tcp.py", line 205, in read
    frames_nbytes = await stream.read_bytes(fmt_size)
tornado.iostream.StreamClosedError: Stream is closed

The above exception was the direct cause of the following exception:

Traceback (most recent call last):
  File "/gpfs/users/fernandezx/spack/opt/spack/linux-centos7-cascadelake/gcc-11.2.0/py-distributed-deisa-tvck22hdjddjrkrb4clzsednvt2igzro/lib/python3.10/site-packages/distributed/worker.py", line 1235, in heartbeat
    response = await retry_operation(
  File "/gpfs/users/fernandezx/spack/opt/spack/linux-centos7-cascadelake/gcc-11.2.0/py-distributed-deisa-tvck22hdjddjrkrb4clzsednvt2igzro/lib/python3.10/site-packages/distributed/utils_comm.py", line 366, in retry_operation
    return await retry(
  File "/gpfs/users/fernandezx/spack/opt/spack/linux-centos7-cascadelake/gcc-11.2.0/py-distributed-deisa-tvck22hdjddjrkrb4clzsednvt2igzro/lib/python3.10/site-packages/distributed/utils_comm.py", line 351, in retry
    return await coro()
  File "/gpfs/users/fernandezx/spack/opt/spack/linux-centos7-cascadelake/gcc-11.2.0/py-distributed-deisa-tvck22hdjddjrkrb4clzsednvt2igzro/lib/python3.10/site-packages/distributed/core.py", line 887, in send_recv_from_rpc
    result = await send_recv(comm=comm, op=key, **kwargs)
  File "/gpfs/users/fernandezx/spack/opt/spack/linux-centos7-cascadelake/gcc-11.2.0/py-distributed-deisa-tvck22hdjddjrkrb4clzsednvt2igzro/lib/python3.10/site-packages/distributed/core.py", line 664, in send_recv
    response = await comm.read(deserializers=deserializers)
  File "/gpfs/users/fernandezx/spack/opt/spack/linux-centos7-cascadelake/gcc-11.2.0/py-distributed-deisa-tvck22hdjddjrkrb4clzsednvt2igzro/lib/python3.10/site-packages/distributed/comm/tcp.py", line 221, in read
distributed.nanny - INFO -         Start Nanny at: 'tcp://10.7.0.17:46002'
    convert_stream_closed_error(self, e)
  File "/gpfs/users/fernandezx/spack/opt/spack/linux-centos7-cascadelake/gcc-11.2.0/py-distributed-deisa-tvck22hdjddjrkrb4clzsednvt2igzro/lib/python3.10/site-packages/distributed/comm/tcp.py", line 128, in convert_stream_closed_error
    raise CommClosedError(f"in {obj}: {exc}") from exc
distributed.comm.core.CommClosedError: in <TCP (closed) ConnectionPool.heartbeat_worker local=tcp://10.7.0.2:45782 remote=tcp://10.7.0.1:8786>: Stream is closed
distributed.nanny - INFO -         Start Nanny at: 'tcp://10.7.0.17:39684'
distributed.nanny - INFO - Worker closed
distributed.nanny - INFO -         Start Nanny at: 'tcp://10.7.0.17:36040'
distributed.nanny - INFO - Worker closed
distributed.nanny - INFO - Worker closed
distributed.nanny - INFO -         Start Nanny at: 'tcp://10.7.0.17:37866'
distributed.nanny - INFO - Worker closed
distributed.nanny - INFO -         Start Nanny at: 'tcp://10.7.0.2:39326'
distributed.nanny - INFO -         Start Nanny at: 'tcp://10.7.0.17:42049'
distributed.nanny - INFO - Worker closed
distributed.nanny - INFO - Worker closed
distributed.nanny - INFO - Worker closed
distributed.nanny - INFO -         Start Nanny at: 'tcp://10.7.0.17:45664'
distributed.nanny - INFO - Worker closed
distributed.nanny - INFO -         Start Nanny at: 'tcp://10.7.0.2:39897'
distributed.nanny - INFO -         Start Nanny at: 'tcp://10.7.0.17:43745'
distributed.nanny - INFO - Worker closed
distributed.nanny - INFO - Worker closed
distributed.nanny - INFO -         Start Nanny at: 'tcp://10.7.0.17:39669'
distributed.nanny - INFO - Worker closed
distributed.nanny - INFO -         Start Nanny at: 'tcp://10.7.0.2:33237'
distributed.worker - WARNING - Heartbeat to scheduler failed
Traceback (most recent call last):
  File "/gpfs/users/fernandezx/spack/opt/spack/linux-centos7-cascadelake/gcc-11.2.0/py-distributed-deisa-tvck22hdjddjrkrb4clzsednvt2igzro/lib/python3.10/site-packages/distributed/comm/tcp.py", line 205, in read
    frames_nbytes = await stream.read_bytes(fmt_size)
tornado.iostream.StreamClosedError: Stream is closed

The above exception was the direct cause of the following exception:

Traceback (most recent call last):
  File "/gpfs/users/fernandezx/spack/opt/spack/linux-centos7-cascadelake/gcc-11.2.0/py-distributed-deisa-tvck22hdjddjrkrb4clzsednvt2igzro/lib/python3.10/site-packages/distributed/worker.py", line 1235, in heartbeat
    response = await retry_operation(
  File "/gpfs/users/fernandezx/spack/opt/spack/linux-centos7-cascadelake/gcc-11.2.0/py-distributed-deisa-tvck22hdjddjrkrb4clzsednvt2igzro/lib/python3.10/site-packages/distributed/utils_comm.py", line 366, in retry_operation
    return await retry(
distributed.nanny - INFO -         Start Nanny at: 'tcp://10.7.0.2:39794'
  File "/gpfs/users/fernandezx/spack/opt/spack/linux-centos7-cascadelake/gcc-11.2.0/py-distributed-deisa-tvck22hdjddjrkrb4clzsednvt2igzro/lib/python3.10/site-packages/distributed/utils_comm.py", line 351, in retry
    return await coro()
  File "/gpfs/users/fernandezx/spack/opt/spack/linux-centos7-cascadelake/gcc-11.2.0/py-distributed-deisa-tvck22hdjddjrkrb4clzsednvt2igzro/lib/python3.10/site-packages/distributed/core.py", line 887, in send_recv_from_rpc
    result = await send_recv(comm=comm, op=key, **kwargs)
  File "/gpfs/users/fernandezx/spack/opt/spack/linux-centos7-cascadelake/gcc-11.2.0/py-distributed-deisa-tvck22hdjddjrkrb4clzsednvt2igzro/lib/python3.10/site-packages/distributed/core.py", line 664, in send_recv
    response = await comm.read(deserializers=deserializers)
  File "/gpfs/users/fernandezx/spack/opt/spack/linux-centos7-cascadelake/gcc-11.2.0/py-distributed-deisa-tvck22hdjddjrkrb4clzsednvt2igzro/lib/python3.10/site-packages/distributed/comm/tcp.py", line 221, in read
    convert_stream_closed_error(self, e)
  File "/gpfs/users/fernandezx/spack/opt/spack/linux-centos7-cascadelake/gcc-11.2.0/py-distributed-deisa-tvck22hdjddjrkrb4clzsednvt2igzro/lib/python3.10/site-packages/distributed/comm/tcp.py", line 128, in convert_stream_closed_error
    raise CommClosedError(f"in {obj}: {exc}") from exc
distributed.comm.core.CommClosedError: in <TCP (closed) ConnectionPool.heartbeat_worker local=tcp://10.7.0.17:40476 remote=tcp://10.7.0.1:8786>: Stream is closed
distributed.nanny - INFO - Worker closed
distributed.nanny - INFO - Worker closed
distributed.nanny - INFO -         Start Nanny at: 'tcp://10.7.0.2:34364'
distributed.nanny - INFO - Worker closed
distributed.nanny - INFO -         Start Nanny at: 'tcp://10.7.0.2:38694'
distributed.nanny - INFO - Worker closed
distributed.nanny - INFO -         Start Nanny at: 'tcp://10.7.0.2:37861'
distributed.nanny - INFO -         Start Nanny at: 'tcp://10.7.0.17:45232'
distributed.nanny - INFO -         Start Nanny at: 'tcp://10.7.0.17:37919'
distributed.nanny - INFO -         Start Nanny at: 'tcp://10.7.0.17:39414'
distributed.nanny - INFO -         Start Nanny at: 'tcp://10.7.0.2:34596'
distributed.nanny - INFO -         Start Nanny at: 'tcp://10.7.0.2:46508'
distributed.nanny - INFO -         Start Nanny at: 'tcp://10.7.0.2:42961'
distributed.nanny - INFO - Worker closed
distributed.nanny - INFO - Worker closed
distributed.nanny - INFO - Worker closed
distributed.nanny - INFO -         Start Nanny at: 'tcp://10.7.0.2:36105'
distributed.nanny - INFO -         Start Nanny at: 'tcp://10.7.0.17:41472'
distributed.nanny - INFO -         Start Nanny at: 'tcp://10.7.0.2:37789'
distributed.nanny - INFO - Worker closed
distributed.nanny - INFO -         Start Nanny at: 'tcp://10.7.0.17:35314'
distributed.nanny - INFO - Worker closed
distributed.nanny - INFO - Worker closed
distributed.nanny - INFO - Worker closed
distributed.nanny - INFO -         Start Nanny at: 'tcp://10.7.0.2:46488'
distributed.nanny - INFO -         Start Nanny at: 'tcp://10.7.0.17:44880'
distributed.nanny - INFO -         Start Nanny at: 'tcp://10.7.0.2:43820'
distributed.nanny - INFO -         Start Nanny at: 'tcp://10.7.0.17:39813'
distributed.nanny - INFO - Worker closed
distributed.nanny - INFO - Worker closed
distributed.nanny - INFO - Worker closed
distributed.nanny - INFO - Worker closed
distributed.nanny - INFO -         Start Nanny at: 'tcp://10.7.0.2:42280'
distributed.nanny - INFO -         Start Nanny at: 'tcp://10.7.0.17:35805'
distributed.nanny - INFO -         Start Nanny at: 'tcp://10.7.0.2:34923'
distributed.nanny - INFO - Worker closed
distributed.nanny - INFO - Worker closed
distributed.nanny - INFO - Worker closed
distributed.nanny - INFO - Worker closed
distributed.nanny - INFO - Worker closed
distributed.nanny - INFO - Worker closed
distributed.nanny - INFO - Worker closed
distributed.nanny - INFO - Worker closed
distributed.nanny - INFO - Worker closed
distributed.nanny - INFO - Worker closed
distributed.nanny - INFO - Worker closed
distributed.nanny - INFO - Worker closed
distributed.worker - WARNING - Heartbeat to scheduler failed
Traceback (most recent call last):
  File "/gpfs/users/fernandezx/spack/opt/spack/linux-centos7-cascadelake/gcc-11.2.0/py-distributed-deisa-tvck22hdjddjrkrb4clzsednvt2igzro/lib/python3.10/site-packages/distributed/comm/tcp.py", line 205, in read
    frames_nbytes = await stream.read_bytes(fmt_size)
tornado.iostream.StreamClosedError: Stream is closed

The above exception was the direct cause of the following exception:

Traceback (most recent call last):
  File "/gpfs/users/fernandezx/spack/opt/spack/linux-centos7-cascadelake/gcc-11.2.0/py-distributed-deisa-tvck22hdjddjrkrb4clzsednvt2igzro/lib/python3.10/site-packages/distributed/worker.py", line 1235, in heartbeat
    response = await retry_operation(
  File "/gpfs/users/fernandezx/spack/opt/spack/linux-centos7-cascadelake/gcc-11.2.0/py-distributed-deisa-tvck22hdjddjrkrb4clzsednvt2igzro/lib/python3.10/site-packages/distributed/utils_comm.py", line 366, in retry_operation
    return await retry(
  File "/gpfs/users/fernandezx/spack/opt/spack/linux-centos7-cascadelake/gcc-11.2.0/py-distributed-deisa-tvck22hdjddjrkrb4clzsednvt2igzro/lib/python3.10/site-packages/distributed/utils_comm.py", line 351, in retry
    return await coro()
  File "/gpfs/users/fernandezx/spack/opt/spack/linux-centos7-cascadelake/gcc-11.2.0/py-distributed-deisa-tvck22hdjddjrkrb4clzsednvt2igzro/lib/python3.10/site-packages/distributed/core.py", line 887, in send_recv_from_rpc
    result = await send_recv(comm=comm, op=key, **kwargs)
  File "/gpfs/users/fernandezx/spack/opt/spack/linux-centos7-cascadelake/gcc-11.2.0/py-distributed-deisa-tvck22hdjddjrkrb4clzsednvt2igzro/lib/python3.10/site-packages/distributed/core.py", line 664, in send_recv
    response = await comm.read(deserializers=deserializers)
  File "/gpfs/users/fernandezx/spack/opt/spack/linux-centos7-cascadelake/gcc-11.2.0/py-distributed-deisa-tvck22hdjddjrkrb4clzsednvt2igzro/lib/python3.10/site-packages/distributed/comm/tcp.py", line 221, in read
distributed.nanny - INFO - Worker closed
    convert_stream_closed_error(self, e)
  File "/gpfs/users/fernandezx/spack/opt/spack/linux-centos7-cascadelake/gcc-11.2.0/py-distributed-deisa-tvck22hdjddjrkrb4clzsednvt2igzro/lib/python3.10/site-packages/distributed/comm/tcp.py", line 128, in convert_stream_closed_error
    raise CommClosedError(f"in {obj}: {exc}") from exc
distributed.comm.core.CommClosedError: in <TCP (closed) ConnectionPool.heartbeat_worker local=tcp://10.7.0.17:40478 remote=tcp://10.7.0.1:8786>: Stream is closed
distributed.nanny - INFO - Worker closed
distributed.nanny - INFO - Worker closed
distributed.nanny - INFO - Worker closed
distributed.nanny - INFO - Worker closed
distributed.nanny - INFO - Worker closed
distributed.nanny - INFO - Worker closed
distributed.nanny - INFO - Worker closed
distributed.nanny - INFO - Worker closed
distributed.nanny - INFO - Worker closed
distributed.nanny - INFO - Worker closed
distributed.nanny - INFO - Worker closed
distributed.nanny - INFO - Worker closed
distributed.nanny - INFO - Worker closed
distributed.nanny - INFO - Worker closed
distributed.nanny - INFO - Worker closed
distributed.nanny - INFO - Worker closed
distributed.nanny - INFO - Worker closed
distributed.nanny - INFO - Worker closed
distributed.nanny - INFO - Worker closed
distributed.nanny - INFO - Worker closed
distributed.nanny - INFO - Worker closed
distributed.nanny - INFO - Worker closed
distributed.nanny - INFO - Worker closed
distributed.nanny - INFO - Worker closed
distributed.nanny - INFO - Worker closed
distributed.worker - WARNING - Heartbeat to scheduler failed
Traceback (most recent call last):
  File "/gpfs/users/fernandezx/spack/opt/spack/linux-centos7-cascadelake/gcc-11.2.0/py-distributed-deisa-tvck22hdjddjrkrb4clzsednvt2igzro/lib/python3.10/site-packages/distributed/comm/tcp.py", line 205, in read
    frames_nbytes = await stream.read_bytes(fmt_size)
tornado.iostream.StreamClosedError: Stream is closed

The above exception was the direct cause of the following exception:

Traceback (most recent call last):
  File "/gpfs/users/fernandezx/spack/opt/spack/linux-centos7-cascadelake/gcc-11.2.0/py-distributed-deisa-tvck22hdjddjrkrb4clzsednvt2igzro/lib/python3.10/site-packages/distributed/worker.py", line 1235, in heartbeat
    response = await retry_operation(
  File "/gpfs/users/fernandezx/spack/opt/spack/linux-centos7-cascadelake/gcc-11.2.0/py-distributed-deisa-tvck22hdjddjrkrb4clzsednvt2igzro/lib/python3.10/site-packages/distributed/utils_comm.py", line 366, in retry_operation
    return await retry(
  File "/gpfs/users/fernandezx/spack/opt/spack/linux-centos7-cascadelake/gcc-11.2.0/py-distributed-deisa-tvck22hdjddjrkrb4clzsednvt2igzro/lib/python3.10/site-packages/distributed/utils_comm.py", line 351, in retry
    return await coro()
  File "/gpfs/users/fernandezx/spack/opt/spack/linux-centos7-cascadelake/gcc-11.2.0/py-distributed-deisa-tvck22hdjddjrkrb4clzsednvt2igzro/lib/python3.10/site-packages/distributed/core.py", line 887, in send_recv_from_rpc
    result = await send_recv(comm=comm, op=key, **kwargs)
  File "/gpfs/users/fernandezx/spack/opt/spack/linux-centos7-cascadelake/gcc-11.2.0/py-distributed-deisa-tvck22hdjddjrkrb4clzsednvt2igzro/lib/python3.10/site-packages/distributed/core.py", line 664, in send_recv
    response = await comm.read(deserializers=deserializers)
  File "/gpfs/users/fernandezx/spack/opt/spack/linux-centos7-cascadelake/gcc-11.2.0/py-distributed-deisa-tvck22hdjddjrkrb4clzsednvt2igzro/lib/python3.10/site-packages/distributed/comm/tcp.py", line 221, in read
    convert_stream_closed_error(self, e)
  File "/gpfs/users/fernandezx/spack/opt/spack/linux-centos7-cascadelake/gcc-11.2.0/py-distributed-deisa-tvck22hdjddjrkrb4clzsednvt2igzro/lib/python3.10/site-packages/distributed/comm/tcp.py", line 128, in convert_stream_closed_error
    raise CommClosedError(f"in {obj}: {exc}") from exc
distributed.comm.core.CommClosedError: in <TCP (closed) ConnectionPool.heartbeat_worker local=tcp://10.7.0.2:45784 remote=tcp://10.7.0.1:8786>: Stream is closed
distributed.nanny - INFO - Worker closed
distributed.nanny - INFO - Worker closed
distributed.nanny - INFO - Worker closed
distributed.nanny - INFO - Worker closed
distributed.nanny - INFO - Worker closed
distributed.nanny - INFO - Closing Nanny at 'tcp://10.7.0.2:42280'
distributed.dask_worker - INFO - End worker
distributed.nanny - INFO - Closing Nanny at 'tcp://10.7.0.2:39897'
distributed.nanny - INFO - Closing Nanny at 'tcp://10.7.0.2:42945'
distributed.dask_worker - INFO - End worker
distributed.nanny - INFO - Closing Nanny at 'tcp://10.7.0.2:37364'
distributed.dask_worker - INFO - End worker
distributed.dask_worker - INFO - End worker
distributed.nanny - INFO - Closing Nanny at 'tcp://10.7.0.14:43687'
distributed.dask_worker - INFO - End worker
distributed.nanny - INFO - Closing Nanny at 'tcp://10.7.0.17:45664'
distributed.dask_worker - INFO - End worker
distributed.nanny - INFO - Closing Nanny at 'tcp://10.7.0.14:34615'
distributed.dask_worker - INFO - End worker
distributed.nanny - INFO - Closing Nanny at 'tcp://10.7.0.13:37955'
distributed.nanny - INFO - Closing Nanny at 'tcp://10.7.0.13:37308'
distributed.nanny - INFO - Closing Nanny at 'tcp://10.7.0.17:43745'
distributed.dask_worker - INFO - End worker
distributed.nanny - INFO - Closing Nanny at 'tcp://10.7.0.17:40449'
distributed.dask_worker - INFO - End worker
distributed.nanny - INFO - Closing Nanny at 'tcp://10.7.0.14:42691'
distributed.nanny - INFO - Closing Nanny at 'tcp://10.7.0.13:35254'
distributed.dask_worker - INFO - End worker
distributed.dask_worker - INFO - End worker
distributed.dask_worker - INFO - End worker
distributed.dask_worker - INFO - End worker
distributed.nanny - INFO - Closing Nanny at 'tcp://10.7.0.13:34537'
distributed.dask_worker - INFO - End worker
distributed.nanny - INFO - Closing Nanny at 'tcp://10.7.0.2:36105'
distributed.dask_worker - INFO - End worker
distributed.nanny - INFO - Closing Nanny at 'tcp://10.7.0.13:36293'
distributed.dask_worker - INFO - End worker
distributed.nanny - INFO - Closing Nanny at 'tcp://10.7.0.14:38708'
distributed.nanny - INFO - Closing Nanny at 'tcp://10.7.0.2:39326'
distributed.nanny - INFO - Closing Nanny at 'tcp://10.7.0.14:38022'
distributed.dask_worker - INFO - End worker
distributed.dask_worker - INFO - End worker
distributed.nanny - INFO - Closing Nanny at 'tcp://10.7.0.17:39669'
distributed.nanny - INFO - Closing Nanny at 'tcp://10.7.0.2:36390'
distributed.nanny - INFO - Closing Nanny at 'tcp://10.7.0.13:37376'
distributed.dask_worker - INFO - End worker
distributed.nanny - INFO - Closing Nanny at 'tcp://10.7.0.13:33100'
distributed.dask_worker - INFO - End worker
distributed.dask_worker - INFO - End worker
distributed.dask_worker - INFO - End worker
distributed.dask_worker - INFO - End worker
distributed.nanny - INFO - Closing Nanny at 'tcp://10.7.0.14:41315'
distributed.dask_worker - INFO - End worker
distributed.nanny - INFO - Closing Nanny at 'tcp://10.7.0.17:39414'
distributed.nanny - INFO - Closing Nanny at 'tcp://10.7.0.14:36819'
distributed.dask_worker - INFO - End worker
distributed.nanny - INFO - Closing Nanny at 'tcp://10.7.0.13:39627'
distributed.dask_worker - INFO - End worker
distributed.dask_worker - INFO - End worker
distributed.nanny - INFO - Closing Nanny at 'tcp://10.7.0.17:39684'
distributed.nanny - INFO - Closing Nanny at 'tcp://10.7.0.14:39178'
distributed.nanny - INFO - Closing Nanny at 'tcp://10.7.0.14:33486'
distributed.nanny - INFO - Closing Nanny at 'tcp://10.7.0.14:41551'
distributed.dask_worker - INFO - End worker
distributed.dask_worker - INFO - End worker
distributed.dask_worker - INFO - End worker
distributed.dask_worker - INFO - End worker
distributed.nanny - INFO - Closing Nanny at 'tcp://10.7.0.17:37919'
distributed.nanny - INFO - Closing Nanny at 'tcp://10.7.0.2:34923'
distributed.nanny - INFO - Closing Nanny at 'tcp://10.7.0.14:44287'
distributed.nanny - INFO - Closing Nanny at 'tcp://10.7.0.2:37861'
distributed.dask_worker - INFO - End worker
distributed.dask_worker - INFO - End worker
distributed.nanny - INFO - Closing Nanny at 'tcp://10.7.0.17:36659'
distributed.dask_worker - INFO - End worker
distributed.dask_worker - INFO - End worker
distributed.nanny - INFO - Closing Nanny at 'tcp://10.7.0.14:43204'
distributed.nanny - INFO - Closing Nanny at 'tcp://10.7.0.17:44171'
distributed.dask_worker - INFO - End worker
distributed.dask_worker - INFO - End worker
distributed.nanny - INFO - Closing Nanny at 'tcp://10.7.0.13:37619'
distributed.dask_worker - INFO - End worker
distributed.dask_worker - INFO - End worker
distributed.nanny - INFO - Closing Nanny at 'tcp://10.7.0.13:38537'
distributed.nanny - INFO - Closing Nanny at 'tcp://10.7.0.2:39794'
distributed.nanny - INFO - Closing Nanny at 'tcp://10.7.0.2:46488'
distributed.dask_worker - INFO - End worker
distributed.dask_worker - INFO - End worker
distributed.nanny - INFO - Closing Nanny at 'tcp://10.7.0.14:38804'
distributed.dask_worker - INFO - End worker
distributed.dask_worker - INFO - End worker
distributed.nanny - INFO - Closing Nanny at 'tcp://10.7.0.17:37863'
distributed.nanny - INFO - Closing Nanny at 'tcp://10.7.0.17:36843'
distributed.dask_worker - INFO - End worker
distributed.dask_worker - INFO - End worker
distributed.nanny - INFO - Closing Nanny at 'tcp://10.7.0.17:35805'
distributed.nanny - INFO - Closing Nanny at 'tcp://10.7.0.17:42343'
distributed.dask_worker - INFO - End worker
distributed.dask_worker - INFO - End worker
distributed.nanny - INFO - Closing Nanny at 'tcp://10.7.0.14:38916'
distributed.dask_worker - INFO - End worker
distributed.nanny - INFO - Closing Nanny at 'tcp://10.7.0.17:39547'
distributed.nanny - INFO - Closing Nanny at 'tcp://10.7.0.13:38508'
distributed.dask_worker - INFO - End worker
distributed.nanny - INFO - Closing Nanny at 'tcp://10.7.0.17:39813'
distributed.nanny - INFO - Closing Nanny at 'tcp://10.7.0.14:40123'
distributed.nanny - INFO - Closing Nanny at 'tcp://10.7.0.14:44711'
distributed.dask_worker - INFO - End worker
distributed.dask_worker - INFO - End worker
distributed.nanny - INFO - Closing Nanny at 'tcp://10.7.0.17:34369'
distributed.dask_worker - INFO - End worker
distributed.nanny - INFO - Closing Nanny at 'tcp://10.7.0.17:42049'
distributed.dask_worker - INFO - End worker
distributed.dask_worker - INFO - End worker
distributed.nanny - INFO - Closing Nanny at 'tcp://10.7.0.13:34814'
distributed.nanny - INFO - Closing Nanny at 'tcp://10.7.0.14:44477'
distributed.nanny - INFO - Closing Nanny at 'tcp://10.7.0.2:34596'
distributed.nanny - INFO - Closing Nanny at 'tcp://10.7.0.17:36786'
distributed.dask_worker - INFO - End worker
distributed.dask_worker - INFO - End worker
distributed.dask_worker - INFO - End worker
distributed.dask_worker - INFO - End worker
distributed.nanny - INFO - Closing Nanny at 'tcp://10.7.0.17:44880'
distributed.dask_worker - INFO - End worker
distributed.nanny - INFO - Closing Nanny at 'tcp://10.7.0.13:44949'
distributed.nanny - INFO - Closing Nanny at 'tcp://10.7.0.13:45027'
distributed.dask_worker - INFO - End worker
distributed.nanny - INFO - Closing Nanny at 'tcp://10.7.0.2:36328'
distributed.dask_worker - INFO - End worker
distributed.nanny - INFO - Closing Nanny at 'tcp://10.7.0.2:36077'
distributed.dask_worker - INFO - End worker
distributed.nanny - INFO - Closing Nanny at 'tcp://10.7.0.17:37866'
distributed.dask_worker - INFO - End worker
distributed.dask_worker - INFO - End worker
distributed.dask_worker - INFO - End worker
distributed.nanny - INFO - Closing Nanny at 'tcp://10.7.0.14:46709'
distributed.nanny - INFO - Closing Nanny at 'tcp://10.7.0.2:33237'
distributed.nanny - INFO - Closing Nanny at 'tcp://10.7.0.13:33738'
distributed.dask_worker - INFO - End worker
distributed.dask_worker - INFO - End worker
distributed.dask_worker - INFO - End worker
distributed.nanny - INFO - Closing Nanny at 'tcp://10.7.0.2:38463'
distributed.nanny - INFO - Closing Nanny at 'tcp://10.7.0.14:38402'
distributed.nanny - INFO - Closing Nanny at 'tcp://10.7.0.2:43820'
distributed.dask_worker - INFO - End worker
distributed.nanny - INFO - Closing Nanny at 'tcp://10.7.0.14:33961'
distributed.dask_worker - INFO - End worker
distributed.dask_worker - INFO - End worker
distributed.nanny - INFO - Closing Nanny at 'tcp://10.7.0.2:35726'
distributed.nanny - INFO - Closing Nanny at 'tcp://10.7.0.2:42165'
distributed.dask_worker - INFO - End worker
distributed.dask_worker - INFO - End worker
distributed.dask_worker - INFO - End worker
distributed.nanny - INFO - Closing Nanny at 'tcp://10.7.0.2:46520'
distributed.nanny - INFO - Closing Nanny at 'tcp://10.7.0.2:46508'
distributed.nanny - INFO - Closing Nanny at 'tcp://10.7.0.13:34224'
distributed.nanny - INFO - Closing Nanny at 'tcp://10.7.0.2:34364'
distributed.dask_worker - INFO - End worker
distributed.dask_worker - INFO - End worker
distributed.nanny - INFO - Closing Nanny at 'tcp://10.7.0.2:38694'
distributed.dask_worker - INFO - End worker
distributed.dask_worker - INFO - End worker
distributed.nanny - INFO - Closing Nanny at 'tcp://10.7.0.14:42049'
distributed.nanny - INFO - Closing Nanny at 'tcp://10.7.0.14:37204'
distributed.nanny - INFO - Closing Nanny at 'tcp://10.7.0.13:39061'
distributed.nanny - INFO - Closing Nanny at 'tcp://10.7.0.2:46118'
distributed.dask_worker - INFO - End worker
distributed.dask_worker - INFO - End worker
distributed.dask_worker - INFO - End worker
distributed.nanny - INFO - Closing Nanny at 'tcp://10.7.0.13:33330'
distributed.dask_worker - INFO - End worker
distributed.dask_worker - INFO - End worker
distributed.nanny - INFO - Closing Nanny at 'tcp://10.7.0.17:41472'
distributed.dask_worker - INFO - End worker
distributed.nanny - INFO - Closing Nanny at 'tcp://10.7.0.13:34719'
distributed.nanny - INFO - Closing Nanny at 'tcp://10.7.0.14:32953'
distributed.dask_worker - INFO - End worker
distributed.dask_worker - INFO - End worker
distributed.nanny - INFO - Closing Nanny at 'tcp://10.7.0.17:38029'
distributed.nanny - INFO - Closing Nanny at 'tcp://10.7.0.2:42961'
distributed.dask_worker - INFO - End worker
distributed.dask_worker - INFO - End worker
distributed.nanny - INFO - Closing Nanny at 'tcp://10.7.0.13:37363'
distributed.nanny - INFO - Closing Nanny at 'tcp://10.7.0.2:37962'
distributed.dask_worker - INFO - End worker
distributed.nanny - INFO - Closing Nanny at 'tcp://10.7.0.14:33790'
distributed.dask_worker - INFO - End worker
distributed.nanny - INFO - Closing Nanny at 'tcp://10.7.0.14:45320'
distributed.dask_worker - INFO - End worker
distributed.nanny - INFO - Closing Nanny at 'tcp://10.7.0.13:40586'
distributed.dask_worker - INFO - End worker
distributed.dask_worker - INFO - End worker
distributed.nanny - INFO - Closing Nanny at 'tcp://10.7.0.14:39231'
distributed.nanny - INFO - Closing Nanny at 'tcp://10.7.0.17:35314'
distributed.nanny - INFO - Closing Nanny at 'tcp://10.7.0.13:39473'
distributed.nanny - INFO - Closing Nanny at 'tcp://10.7.0.17:36040'
distributed.dask_worker - INFO - End worker
distributed.nanny - INFO - Closing Nanny at 'tcp://10.7.0.13:36535'
distributed.nanny - INFO - Closing Nanny at 'tcp://10.7.0.2:37789'
distributed.nanny - INFO - Closing Nanny at 'tcp://10.7.0.13:41858'
distributed.dask_worker - INFO - End worker
distributed.dask_worker - INFO - End worker
distributed.dask_worker - INFO - End worker
distributed.dask_worker - INFO - End worker
distributed.dask_worker - INFO - End worker
distributed.dask_worker - INFO - End worker
distributed.nanny - INFO - Closing Nanny at 'tcp://10.7.0.13:35651'
distributed.nanny - INFO - Closing Nanny at 'tcp://10.7.0.13:41092'
distributed.dask_worker - INFO - End worker
distributed.dask_worker - INFO - End worker
distributed.dask_worker - INFO - End worker
distributed.nanny - INFO - Closing Nanny at 'tcp://10.7.0.13:41406'
distributed.nanny - INFO - Closing Nanny at 'tcp://10.7.0.13:42585'
distributed.dask_worker - INFO - End worker
distributed.nanny - INFO - Closing Nanny at 'tcp://10.7.0.14:38946'
distributed.dask_worker - INFO - End worker
distributed.dask_worker - INFO - End worker
distributed.nanny - INFO - Closing Nanny at 'tcp://10.7.0.17:37247'
distributed.nanny - INFO - Closing Nanny at 'tcp://10.7.0.17:46002'
distributed.dask_worker - INFO - End worker
distributed.dask_worker - INFO - End worker
distributed.nanny - INFO - Closing Nanny at 'tcp://10.7.0.14:34300'
distributed.dask_worker - INFO - End worker
distributed.nanny - INFO - Closing Nanny at 'tcp://10.7.0.14:39210'
distributed.nanny - INFO - Closing Nanny at 'tcp://10.7.0.17:43072'
distributed.nanny - INFO - Closing Nanny at 'tcp://10.7.0.13:35758'
distributed.nanny - INFO - Closing Nanny at 'tcp://10.7.0.17:45232'
distributed.dask_worker - INFO - End worker
distributed.dask_worker - INFO - End worker
distributed.dask_worker - INFO - End worker
distributed.dask_worker - INFO - End worker
distributed.nanny - INFO - Closing Nanny at 'tcp://10.7.0.17:40840'
distributed.dask_worker - INFO - End worker
distributed.nanny - INFO - Closing Nanny at 'tcp://10.7.0.2:42376'
distributed.dask_worker - INFO - End worker
distributed.nanny - INFO - Closing Nanny at 'tcp://10.7.0.2:32895'
distributed.nanny - INFO - Closing Nanny at 'tcp://10.7.0.14:45988'
distributed.nanny - INFO - Closing Nanny at 'tcp://10.7.0.2:36467'
distributed.dask_worker - INFO - End worker
distributed.dask_worker - INFO - End worker
distributed.dask_worker - INFO - End worker
distributed.nanny - INFO - Closing Nanny at 'tcp://10.7.0.13:33284'
distributed.dask_worker - INFO - End worker
distributed.nanny - INFO - Closing Nanny at 'tcp://10.7.0.17:41527'
distributed.dask_worker - INFO - End worker
