distributed.nanny - INFO -         Start Nanny at: 'tcp://10.7.0.2:36143'
distributed.nanny - INFO -         Start Nanny at: 'tcp://10.7.0.2:36987'
distributed.nanny - INFO -         Start Nanny at: 'tcp://10.7.0.2:44471'
distributed.nanny - INFO -         Start Nanny at: 'tcp://10.7.0.2:33860'
distributed.nanny - INFO -         Start Nanny at: 'tcp://10.7.0.2:35836'
distributed.nanny - INFO -         Start Nanny at: 'tcp://10.7.0.2:38558'
distributed.nanny - INFO -         Start Nanny at: 'tcp://10.7.0.2:42240'
distributed.nanny - INFO -         Start Nanny at: 'tcp://10.7.0.2:35668'
distributed.nanny - INFO -         Start Nanny at: 'tcp://10.7.0.2:38400'
distributed.nanny - INFO -         Start Nanny at: 'tcp://10.7.0.2:39251'
distributed.nanny - INFO -         Start Nanny at: 'tcp://10.7.0.2:34491'
distributed.nanny - INFO -         Start Nanny at: 'tcp://10.7.0.2:41594'
distributed.nanny - INFO -         Start Nanny at: 'tcp://10.7.0.2:43357'
distributed.nanny - INFO -         Start Nanny at: 'tcp://10.7.0.2:35079'
distributed.nanny - INFO -         Start Nanny at: 'tcp://10.7.0.2:40446'
distributed.nanny - INFO -         Start Nanny at: 'tcp://10.7.0.2:34976'
distributed.nanny - INFO -         Start Nanny at: 'tcp://10.7.0.2:43938'
distributed.nanny - INFO -         Start Nanny at: 'tcp://10.7.0.2:39221'
distributed.nanny - INFO -         Start Nanny at: 'tcp://10.7.0.2:36141'
distributed.nanny - INFO -         Start Nanny at: 'tcp://10.7.0.2:33735'
distributed.nanny - INFO -         Start Nanny at: 'tcp://10.7.0.2:36553'
distributed.nanny - INFO -         Start Nanny at: 'tcp://10.7.0.2:40465'
distributed.nanny - INFO -         Start Nanny at: 'tcp://10.7.0.2:41647'
distributed.nanny - INFO -         Start Nanny at: 'tcp://10.7.0.2:36279'
distributed.nanny - INFO -         Start Nanny at: 'tcp://10.7.0.2:39649'
distributed.nanny - INFO -         Start Nanny at: 'tcp://10.7.0.2:32979'
distributed.nanny - INFO -         Start Nanny at: 'tcp://10.7.0.2:38827'
distributed.nanny - INFO -         Start Nanny at: 'tcp://10.7.0.2:44401'
distributed.nanny - INFO -         Start Nanny at: 'tcp://10.7.0.2:41804'
distributed.nanny - INFO -         Start Nanny at: 'tcp://10.7.0.2:33213'
distributed.nanny - INFO -         Start Nanny at: 'tcp://10.7.0.2:42005'
distributed.nanny - INFO -         Start Nanny at: 'tcp://10.7.0.2:45519'
distributed.nanny - INFO -         Start Nanny at: 'tcp://10.7.0.2:43211'
distributed.nanny - INFO -         Start Nanny at: 'tcp://10.7.0.2:42168'
distributed.nanny - INFO -         Start Nanny at: 'tcp://10.7.0.2:38208'
distributed.nanny - INFO -         Start Nanny at: 'tcp://10.7.0.2:46062'
distributed.nanny - INFO -         Start Nanny at: 'tcp://10.7.0.2:34010'
distributed.nanny - INFO -         Start Nanny at: 'tcp://10.7.0.2:33474'
distributed.nanny - INFO -         Start Nanny at: 'tcp://10.7.0.2:42700'
distributed.nanny - INFO -         Start Nanny at: 'tcp://10.7.0.2:40136'
distributed.nanny - INFO -         Start Nanny at: 'tcp://10.7.0.3:36947'
distributed.nanny - INFO -         Start Nanny at: 'tcp://10.7.0.3:43306'
distributed.nanny - INFO -         Start Nanny at: 'tcp://10.7.0.3:35865'
distributed.nanny - INFO -         Start Nanny at: 'tcp://10.7.0.3:36677'
distributed.nanny - INFO -         Start Nanny at: 'tcp://10.7.0.3:34741'
distributed.nanny - INFO -         Start Nanny at: 'tcp://10.7.0.3:40794'
distributed.nanny - INFO -         Start Nanny at: 'tcp://10.7.0.3:42243'
distributed.nanny - INFO -         Start Nanny at: 'tcp://10.7.0.3:44945'
distributed.nanny - INFO -         Start Nanny at: 'tcp://10.7.0.3:41196'
distributed.nanny - INFO -         Start Nanny at: 'tcp://10.7.0.3:43030'
distributed.nanny - INFO -         Start Nanny at: 'tcp://10.7.0.3:40286'
distributed.nanny - INFO -         Start Nanny at: 'tcp://10.7.0.3:42770'
distributed.nanny - INFO -         Start Nanny at: 'tcp://10.7.0.3:39323'
distributed.nanny - INFO -         Start Nanny at: 'tcp://10.7.0.3:33601'
distributed.nanny - INFO -         Start Nanny at: 'tcp://10.7.0.3:34445'
distributed.nanny - INFO -         Start Nanny at: 'tcp://10.7.0.3:39594'
distributed.nanny - INFO -         Start Nanny at: 'tcp://10.7.0.3:37899'
distributed.nanny - INFO -         Start Nanny at: 'tcp://10.7.0.3:43432'
distributed.nanny - INFO -         Start Nanny at: 'tcp://10.7.0.3:43823'
distributed.nanny - INFO -         Start Nanny at: 'tcp://10.7.0.3:41284'
distributed.nanny - INFO -         Start Nanny at: 'tcp://10.7.0.3:37171'
distributed.nanny - INFO -         Start Nanny at: 'tcp://10.7.0.3:42494'
distributed.nanny - INFO -         Start Nanny at: 'tcp://10.7.0.3:35398'
distributed.nanny - INFO -         Start Nanny at: 'tcp://10.7.0.3:45217'
distributed.nanny - INFO -         Start Nanny at: 'tcp://10.7.0.3:44968'
distributed.nanny - INFO -         Start Nanny at: 'tcp://10.7.0.3:45759'
distributed.nanny - INFO -         Start Nanny at: 'tcp://10.7.0.3:40192'
distributed.nanny - INFO -         Start Nanny at: 'tcp://10.7.0.3:36477'
distributed.nanny - INFO -         Start Nanny at: 'tcp://10.7.0.3:42532'
distributed.nanny - INFO -         Start Nanny at: 'tcp://10.7.0.3:41826'
distributed.nanny - INFO -         Start Nanny at: 'tcp://10.7.0.3:42808'
distributed.nanny - INFO -         Start Nanny at: 'tcp://10.7.0.3:42185'
distributed.nanny - INFO -         Start Nanny at: 'tcp://10.7.0.3:46589'
distributed.nanny - INFO -         Start Nanny at: 'tcp://10.7.0.3:45607'
distributed.nanny - INFO -         Start Nanny at: 'tcp://10.7.0.3:39715'
distributed.nanny - INFO -         Start Nanny at: 'tcp://10.7.0.3:35788'
distributed.nanny - INFO -         Start Nanny at: 'tcp://10.7.0.3:39699'
distributed.nanny - INFO -         Start Nanny at: 'tcp://10.7.0.3:46798'
distributed.nanny - INFO -         Start Nanny at: 'tcp://10.7.0.3:36993'
distributed.nanny - INFO -         Start Nanny at: 'tcp://10.7.0.3:33050'
Exception in thread Profile:
Traceback (most recent call last):
  File "/gpfs/users/fernandezx/spack/opt/spack/linux-centos7-cascadelake/gcc-11.2.0/py-distributed-deisa-tvck22hdjddjrkrb4clzsednvt2igzro/lib/python3.10/site-packages/distributed/profile.py", line 115, in process
    d = state["children"][ident]
KeyError: '_overridden_defaults;/gpfs/users/fernandezx/spack/opt/spack/linux-centos7-cascadelake/gcc-11.2.0/py-bokeh-2.4.3-ymv7xmpcwmkqptf5n2cxjjfpcbesgkp4/lib/python3.10/site-packages/bokeh/core/has_props.py;111'

During handling of the above exception, another exception occurred:

Traceback (most recent call last):
  File "/gpfs/users/fernandezx/spack/opt/spack/linux-centos7-cascadelake/gcc-11.2.0/python-3.10.8-gr23wncdlkfsy2ky42hcmljvrpvextag/lib/python3.10/threading.py", line 1016, in _bootstrap_inner
    self.run()
  File "/gpfs/users/fernandezx/spack/opt/spack/linux-centos7-cascadelake/gcc-11.2.0/python-3.10.8-gr23wncdlkfsy2ky42hcmljvrpvextag/lib/python3.10/threading.py", line 953, in run
    self._target(*self._args, **self._kwargs)
  File "/gpfs/users/fernandezx/spack/opt/spack/linux-centos7-cascadelake/gcc-11.2.0/py-distributed-deisa-tvck22hdjddjrkrb4clzsednvt2igzro/lib/python3.10/site-packages/distributed/profile.py", line 274, in _watch
    process(frame, None, recent, omit=omit)
  File "/gpfs/users/fernandezx/spack/opt/spack/linux-centos7-cascadelake/gcc-11.2.0/py-distributed-deisa-tvck22hdjddjrkrb4clzsednvt2igzro/lib/python3.10/site-packages/distributed/profile.py", line 119, in process
    "description": info_frame(frame),
  File "/gpfs/users/fernandezx/spack/opt/spack/linux-centos7-cascadelake/gcc-11.2.0/py-distributed-deisa-tvck22hdjddjrkrb4clzsednvt2igzro/lib/python3.10/site-packages/distributed/profile.py", line 72, in info_frame
    line = linecache.getline(co.co_filename, frame.f_lineno, frame.f_globals).lstrip()
  File "/gpfs/users/fernandezx/spack/opt/spack/linux-centos7-cascadelake/gcc-11.2.0/python-3.10.8-gr23wncdlkfsy2ky42hcmljvrpvextag/lib/python3.10/linecache.py", line 31, in getline
    if 1 <= lineno <= len(lines):
TypeError: '<=' not supported between instances of 'int' and 'NoneType'
Exception in thread Profile:
Traceback (most recent call last):
  File "/gpfs/users/fernandezx/spack/opt/spack/linux-centos7-cascadelake/gcc-11.2.0/py-distributed-deisa-tvck22hdjddjrkrb4clzsednvt2igzro/lib/python3.10/site-packages/distributed/profile.py", line 115, in process
    d = state["children"][ident]
KeyError: '_signature_fromstr;/gpfs/users/fernandezx/spack/opt/spack/linux-centos7-cascadelake/gcc-11.2.0/python-3.10.8-gr23wncdlkfsy2ky42hcmljvrpvextag/lib/python3.10/inspect.py;2125'

During handling of the above exception, another exception occurred:

Traceback (most recent call last):
  File "/gpfs/users/fernandezx/spack/opt/spack/linux-centos7-cascadelake/gcc-11.2.0/python-3.10.8-gr23wncdlkfsy2ky42hcmljvrpvextag/lib/python3.10/threading.py", line 1016, in _bootstrap_inner
    self.run()
  File "/gpfs/users/fernandezx/spack/opt/spack/linux-centos7-cascadelake/gcc-11.2.0/python-3.10.8-gr23wncdlkfsy2ky42hcmljvrpvextag/lib/python3.10/threading.py", line 953, in run
    self._target(*self._args, **self._kwargs)
  File "/gpfs/users/fernandezx/spack/opt/spack/linux-centos7-cascadelake/gcc-11.2.0/py-distributed-deisa-tvck22hdjddjrkrb4clzsednvt2igzro/lib/python3.10/site-packages/distributed/profile.py", line 274, in _watch
    process(frame, None, recent, omit=omit)
  File "/gpfs/users/fernandezx/spack/opt/spack/linux-centos7-cascadelake/gcc-11.2.0/py-distributed-deisa-tvck22hdjddjrkrb4clzsednvt2igzro/lib/python3.10/site-packages/distributed/profile.py", line 119, in process
    "description": info_frame(frame),
  File "/gpfs/users/fernandezx/spack/opt/spack/linux-centos7-cascadelake/gcc-11.2.0/py-distributed-deisa-tvck22hdjddjrkrb4clzsednvt2igzro/lib/python3.10/site-packages/distributed/profile.py", line 72, in info_frame
    line = linecache.getline(co.co_filename, frame.f_lineno, frame.f_globals).lstrip()
  File "/gpfs/users/fernandezx/spack/opt/spack/linux-centos7-cascadelake/gcc-11.2.0/python-3.10.8-gr23wncdlkfsy2ky42hcmljvrpvextag/lib/python3.10/linecache.py", line 31, in getline
    if 1 <= lineno <= len(lines):
TypeError: '<=' not supported between instances of 'int' and 'NoneType'
distributed.worker - INFO -       Start worker at:       tcp://10.7.0.3:33889
distributed.worker - INFO -          Listening to:       tcp://10.7.0.3:33889
distributed.worker - INFO -          dashboard at:             10.7.0.3:43534
distributed.worker - INFO -       Start worker at:       tcp://10.7.0.3:39463
distributed.worker - INFO -          Listening to:       tcp://10.7.0.3:39463
distributed.worker - INFO -          dashboard at:             10.7.0.3:41600
distributed.worker - INFO - Waiting to connect to:        tcp://10.7.0.1:8786
distributed.worker - INFO - -------------------------------------------------
distributed.worker - INFO -               Threads:                          1
distributed.worker - INFO -                Memory:                 160.00 GiB
distributed.worker - INFO -       Start worker at:       tcp://10.7.0.3:35346
distributed.worker - INFO -       Start worker at:       tcp://10.7.0.3:35869
distributed.worker - INFO -       Local Directory: /tmp/dask-worker-space/worker-wpmmpqlz
distributed.worker - INFO -       Start worker at:       tcp://10.7.0.3:37363
distributed.worker - INFO -          Listening to:       tcp://10.7.0.3:35346
distributed.worker - INFO -       Start worker at:       tcp://10.7.0.3:45359
distributed.worker - INFO -       Start worker at:       tcp://10.7.0.3:43962
distributed.worker - INFO -          Listening to:       tcp://10.7.0.3:35869
distributed.worker - INFO -          dashboard at:             10.7.0.3:44992
distributed.worker - INFO - -------------------------------------------------
distributed.worker - INFO -       Start worker at:       tcp://10.7.0.3:36209
distributed.worker - INFO -          Listening to:       tcp://10.7.0.3:36209
distributed.worker - INFO -          dashboard at:             10.7.0.3:37841
distributed.worker - INFO - Waiting to connect to:        tcp://10.7.0.1:8786
distributed.worker - INFO - -------------------------------------------------
distributed.worker - INFO -          Listening to:       tcp://10.7.0.3:45359
distributed.worker - INFO -          Listening to:       tcp://10.7.0.3:43962
distributed.worker - INFO -          dashboard at:             10.7.0.3:40247
distributed.worker - INFO -          Listening to:       tcp://10.7.0.3:37363
distributed.worker - INFO -          dashboard at:             10.7.0.3:35055
distributed.worker - INFO - Waiting to connect to:        tcp://10.7.0.1:8786
distributed.worker - INFO - Waiting to connect to:        tcp://10.7.0.1:8786
distributed.worker - INFO - -------------------------------------------------
distributed.worker - INFO -       Start worker at:       tcp://10.7.0.3:34656
distributed.worker - INFO -       Start worker at:       tcp://10.7.0.3:35963
distributed.worker - INFO -          Listening to:       tcp://10.7.0.3:35963
distributed.worker - INFO -          dashboard at:             10.7.0.3:34009
distributed.worker - INFO -               Threads:                          1
distributed.worker - INFO -                Memory:                 160.00 GiB
distributed.worker - INFO -       Start worker at:       tcp://10.7.0.3:40825
distributed.worker - INFO -          Listening to:       tcp://10.7.0.3:40825
distributed.worker - INFO -          dashboard at:             10.7.0.3:38378
distributed.worker - INFO - Waiting to connect to:        tcp://10.7.0.1:8786
distributed.worker - INFO - Waiting to connect to:        tcp://10.7.0.1:8786
distributed.worker - INFO - -------------------------------------------------
distributed.worker - INFO - -------------------------------------------------
distributed.worker - INFO -               Threads:                          1
distributed.worker - INFO -               Threads:                          1
distributed.worker - INFO -                Memory:                 160.00 GiB
distributed.worker - INFO -          Listening to:       tcp://10.7.0.3:34656
distributed.worker - INFO -          dashboard at:             10.7.0.3:39107
distributed.worker - INFO - Waiting to connect to:        tcp://10.7.0.1:8786
distributed.worker - INFO - -------------------------------------------------
distributed.worker - INFO -       Start worker at:       tcp://10.7.0.3:32797
distributed.worker - INFO -          Listening to:       tcp://10.7.0.3:32797
distributed.worker - INFO -          dashboard at:             10.7.0.3:39486
distributed.worker - INFO - Waiting to connect to:        tcp://10.7.0.1:8786
distributed.worker - INFO - -------------------------------------------------
distributed.worker - INFO -               Threads:                          1
distributed.worker - INFO -       Local Directory: /tmp/dask-worker-space/worker-23a0hd6x
distributed.worker - INFO -          dashboard at:             10.7.0.3:38488
distributed.worker - INFO - Waiting to connect to:        tcp://10.7.0.1:8786
distributed.worker - INFO - -------------------------------------------------
distributed.worker - INFO - -------------------------------------------------
distributed.worker - INFO -               Threads:                          1
distributed.worker - INFO -               Threads:                          1
distributed.worker - INFO -                Memory:                 160.00 GiB
distributed.worker - INFO -                Memory:                 160.00 GiB
distributed.worker - INFO -       Local Directory: /tmp/dask-worker-space/worker-wzjmddzq
distributed.worker - INFO -       Local Directory: /tmp/dask-worker-space/worker-7_my4qid
distributed.worker - INFO - Waiting to connect to:        tcp://10.7.0.1:8786
distributed.worker - INFO - -------------------------------------------------
distributed.worker - INFO -               Threads:                          1
distributed.worker - INFO -                Memory:                 160.00 GiB
distributed.worker - INFO -       Local Directory: /tmp/dask-worker-space/worker-o48gayjd
distributed.worker - INFO -       Start worker at:       tcp://10.7.0.3:40009
distributed.worker - INFO -          dashboard at:             10.7.0.3:36848
distributed.worker - INFO - Waiting to connect to:        tcp://10.7.0.1:8786
distributed.worker - INFO -                Memory:                 160.00 GiB
distributed.worker - INFO -       Local Directory: /tmp/dask-worker-space/worker-afwyupbl
distributed.worker - INFO -       Start worker at:       tcp://10.7.0.3:42181
distributed.worker - INFO -          Listening to:       tcp://10.7.0.3:42181
distributed.worker - INFO -          dashboard at:             10.7.0.3:46748
distributed.worker - INFO - -------------------------------------------------
distributed.worker - INFO -                Memory:                 160.00 GiB
distributed.worker - INFO -       Local Directory: /tmp/dask-worker-space/worker-i2jzama1
distributed.worker - INFO -       Local Directory: /tmp/dask-worker-space/worker-0qacvanw
distributed.worker - INFO - -------------------------------------------------
distributed.worker - INFO - -------------------------------------------------
distributed.worker - INFO - -------------------------------------------------
distributed.worker - INFO -       Start worker at:       tcp://10.7.0.3:36605
distributed.worker - INFO -               Threads:                          1
distributed.worker - INFO -                Memory:                 160.00 GiB
distributed.worker - INFO -       Local Directory: /tmp/dask-worker-space/worker-swzndh66
distributed.worker - INFO -          Listening to:       tcp://10.7.0.3:40009
distributed.worker - INFO -          dashboard at:             10.7.0.3:36976
distributed.worker - INFO - -------------------------------------------------
distributed.worker - INFO -               Threads:                          1
distributed.worker - INFO -                Memory:                 160.00 GiB
distributed.worker - INFO - -------------------------------------------------
distributed.worker - INFO - Waiting to connect to:        tcp://10.7.0.1:8786
distributed.worker - INFO - -------------------------------------------------
distributed.worker - INFO -               Threads:                          1
distributed.worker - INFO -       Start worker at:       tcp://10.7.0.3:39388
distributed.worker - INFO -          Listening to:       tcp://10.7.0.3:39388
distributed.worker - INFO -          dashboard at:             10.7.0.3:46635
distributed.worker - INFO -               Threads:                          1
distributed.worker - INFO -                Memory:                 160.00 GiB
distributed.worker - INFO -       Local Directory: /tmp/dask-worker-space/worker-0g8eqerw
distributed.worker - INFO - -------------------------------------------------
distributed.worker - INFO -       Start worker at:       tcp://10.7.0.3:36638
distributed.worker - INFO -          Listening to:       tcp://10.7.0.3:36605
distributed.worker - INFO -          dashboard at:             10.7.0.3:37219
distributed.worker - INFO - Waiting to connect to:        tcp://10.7.0.1:8786
distributed.worker - INFO - -------------------------------------------------
distributed.worker - INFO - Waiting to connect to:        tcp://10.7.0.1:8786
distributed.worker - INFO - -------------------------------------------------
distributed.worker - INFO -               Threads:                          1
distributed.worker - INFO -       Local Directory: /tmp/dask-worker-space/worker-r0d82w5y
distributed.worker - INFO - Waiting to connect to:        tcp://10.7.0.1:8786
distributed.worker - INFO - -------------------------------------------------
distributed.worker - INFO - -------------------------------------------------
distributed.worker - INFO -       Start worker at:       tcp://10.7.0.3:36411
distributed.worker - INFO -          Listening to:       tcp://10.7.0.3:36411
distributed.worker - INFO -          dashboard at:             10.7.0.3:37389
distributed.worker - INFO -       Start worker at:       tcp://10.7.0.3:40154
distributed.worker - INFO -          Listening to:       tcp://10.7.0.3:40154
distributed.worker - INFO -       Start worker at:       tcp://10.7.0.3:33114
distributed.worker - INFO -          Listening to:       tcp://10.7.0.3:33114
distributed.worker - INFO -          Listening to:       tcp://10.7.0.3:36638
distributed.worker - INFO -          dashboard at:             10.7.0.3:34168
distributed.worker - INFO - -------------------------------------------------
distributed.worker - INFO -               Threads:                          1
distributed.worker - INFO -                Memory:                 160.00 GiB
distributed.worker - INFO - -------------------------------------------------
distributed.worker - INFO -                Memory:                 160.00 GiB
distributed.worker - INFO -       Local Directory: /tmp/dask-worker-space/worker-qgph7a5a
distributed.worker - INFO - -------------------------------------------------
distributed.worker - INFO -                Memory:                 160.00 GiB
distributed.worker - INFO -       Local Directory: /tmp/dask-worker-space/worker-9apustrs
distributed.worker - INFO - -------------------------------------------------
distributed.worker - INFO -               Threads:                          1
distributed.worker - INFO -                Memory:                 160.00 GiB
distributed.worker - INFO -       Local Directory: /tmp/dask-worker-space/worker-45qby4ip
distributed.worker - INFO - Waiting to connect to:        tcp://10.7.0.1:8786
distributed.worker - INFO - -------------------------------------------------
distributed.worker - INFO -               Threads:                          1
distributed.worker - INFO -          dashboard at:             10.7.0.3:46270
distributed.worker - INFO - Waiting to connect to:        tcp://10.7.0.1:8786
distributed.worker - INFO - -------------------------------------------------
distributed.worker - INFO -       Start worker at:       tcp://10.7.0.3:34896
distributed.worker - INFO -          Listening to:       tcp://10.7.0.3:34896
distributed.worker - INFO -          dashboard at:             10.7.0.3:35662
distributed.worker - INFO - Waiting to connect to:        tcp://10.7.0.1:8786
distributed.worker - INFO - -------------------------------------------------
distributed.worker - INFO -               Threads:                          1
distributed.worker - INFO -                Memory:                 160.00 GiB
distributed.worker - INFO -       Local Directory: /tmp/dask-worker-space/worker-qlv6e87u
distributed.worker - INFO - -------------------------------------------------
distributed.worker - INFO - -------------------------------------------------
distributed.worker - INFO - -------------------------------------------------
distributed.worker - INFO -       Start worker at:       tcp://10.7.0.3:34981
distributed.worker - INFO -          Listening to:       tcp://10.7.0.3:34981
distributed.worker - INFO -          dashboard at:             10.7.0.3:35471
distributed.worker - INFO -                Memory:                 160.00 GiB
distributed.worker - INFO -       Local Directory: /tmp/dask-worker-space/worker-vln5zbzj
distributed.worker - INFO -          dashboard at:             10.7.0.3:33507
distributed.worker - INFO - Waiting to connect to:        tcp://10.7.0.1:8786
distributed.worker - INFO - -------------------------------------------------
distributed.worker - INFO -               Threads:                          1
distributed.worker - INFO -                Memory:                 160.00 GiB
distributed.worker - INFO -       Local Directory: /tmp/dask-worker-space/worker-7ecufja5
distributed.worker - INFO -               Threads:                          1
distributed.worker - INFO -                Memory:                 160.00 GiB
distributed.worker - INFO -       Local Directory: /tmp/dask-worker-space/worker-o8bv_xb_
distributed.worker - INFO - Waiting to connect to:        tcp://10.7.0.1:8786
distributed.worker - INFO - -------------------------------------------------
distributed.worker - INFO -               Threads:                          1
distributed.worker - INFO -                Memory:                 160.00 GiB
distributed.worker - INFO -       Local Directory: /tmp/dask-worker-space/worker-snnjx5x2
distributed.worker - INFO - -------------------------------------------------
distributed.worker - INFO -       Start worker at:       tcp://10.7.0.3:36788
distributed.worker - INFO -          Listening to:       tcp://10.7.0.3:36788
distributed.worker - INFO -          dashboard at:             10.7.0.3:44151
distributed.worker - INFO - Waiting to connect to:        tcp://10.7.0.1:8786
distributed.worker - INFO - -------------------------------------------------
distributed.worker - INFO -               Threads:                          1
distributed.worker - INFO -                Memory:                 160.00 GiB
distributed.worker - INFO - -------------------------------------------------
distributed.worker - INFO - -------------------------------------------------
distributed.worker - INFO -       Local Directory: /tmp/dask-worker-space/worker-nxi2qjgd
distributed.worker - INFO - -------------------------------------------------
distributed.worker - INFO - Waiting to connect to:        tcp://10.7.0.1:8786
distributed.worker - INFO - -------------------------------------------------
distributed.worker - INFO -       Local Directory: /tmp/dask-worker-space/worker-_f2f0ly_
distributed.worker - INFO -       Start worker at:       tcp://10.7.0.3:35520
distributed.worker - INFO -          Listening to:       tcp://10.7.0.3:35520
distributed.worker - INFO - -------------------------------------------------
distributed.worker - INFO -               Threads:                          1
distributed.worker - INFO -                Memory:                 160.00 GiB
distributed.worker - INFO - -------------------------------------------------
distributed.worker - INFO -          dashboard at:             10.7.0.3:33401
distributed.worker - INFO - Waiting to connect to:        tcp://10.7.0.1:8786
distributed.worker - INFO -       Local Directory: /tmp/dask-worker-space/worker-outa1w6j
distributed.worker - INFO - -------------------------------------------------
distributed.worker - INFO -               Threads:                          1
distributed.worker - INFO -       Start worker at:       tcp://10.7.0.3:35536
distributed.worker - INFO - -------------------------------------------------
distributed.worker - INFO -          Listening to:       tcp://10.7.0.3:35536
distributed.worker - INFO -                Memory:                 160.00 GiB
distributed.worker - INFO -       Local Directory: /tmp/dask-worker-space/worker-9077cg0b
distributed.worker - INFO -       Start worker at:       tcp://10.7.0.3:42743
distributed.worker - INFO -          dashboard at:             10.7.0.3:37916
distributed.worker - INFO - Waiting to connect to:        tcp://10.7.0.1:8786
distributed.worker - INFO -          Listening to:       tcp://10.7.0.3:42743
distributed.worker - INFO - -------------------------------------------------
distributed.worker - INFO -       Start worker at:       tcp://10.7.0.3:36938
distributed.worker - INFO -          Listening to:       tcp://10.7.0.3:36938
distributed.worker - INFO -          dashboard at:             10.7.0.3:34746
distributed.worker - INFO - -------------------------------------------------
distributed.worker - INFO -               Threads:                          1
distributed.worker - INFO -       Start worker at:       tcp://10.7.0.3:40115
distributed.worker - INFO - Waiting to connect to:        tcp://10.7.0.1:8786
distributed.worker - INFO - -------------------------------------------------
distributed.worker - INFO -                Memory:                 160.00 GiB
distributed.worker - INFO -          dashboard at:             10.7.0.3:44471
distributed.worker - INFO - Waiting to connect to:        tcp://10.7.0.1:8786
distributed.worker - INFO -       Start worker at:       tcp://10.7.0.3:39084
distributed.worker - INFO -          Listening to:       tcp://10.7.0.3:39084
distributed.worker - INFO -       Start worker at:       tcp://10.7.0.3:36912
distributed.worker - INFO -          Listening to:       tcp://10.7.0.3:36912
distributed.worker - INFO -          Listening to:       tcp://10.7.0.3:40115
distributed.worker - INFO -               Threads:                          1
distributed.worker - INFO -                Memory:                 160.00 GiB
distributed.worker - INFO -       Start worker at:       tcp://10.7.0.3:39505
distributed.worker - INFO -       Local Directory: /tmp/dask-worker-space/worker-gthyohxt
distributed.worker - INFO - -------------------------------------------------
distributed.worker - INFO -               Threads:                          1
distributed.worker - INFO -          dashboard at:             10.7.0.3:40954
distributed.worker - INFO - Waiting to connect to:        tcp://10.7.0.1:8786
distributed.worker - INFO -          dashboard at:             10.7.0.3:33795
distributed.worker - INFO - Waiting to connect to:        tcp://10.7.0.1:8786
distributed.worker - INFO -       Local Directory: /tmp/dask-worker-space/worker-b6agqd_o
distributed.worker - INFO -          Listening to:       tcp://10.7.0.3:39505
distributed.worker - INFO -          dashboard at:             10.7.0.3:44223
distributed.worker - INFO - -------------------------------------------------
distributed.worker - INFO -       Start worker at:       tcp://10.7.0.3:36490
distributed.worker - INFO -          Listening to:       tcp://10.7.0.3:36490
distributed.worker - INFO -          dashboard at:             10.7.0.3:45739
distributed.worker - INFO -                Memory:                 160.00 GiB
distributed.worker - INFO -       Local Directory: /tmp/dask-worker-space/worker-htj4e3_j
distributed.worker - INFO -          dashboard at:             10.7.0.3:38510
distributed.worker - INFO - Waiting to connect to:        tcp://10.7.0.1:8786
distributed.worker - INFO - -------------------------------------------------
distributed.worker - INFO -               Threads:                          1
distributed.worker - INFO - -------------------------------------------------
distributed.worker - INFO -               Threads:                          1
distributed.worker - INFO - -------------------------------------------------
distributed.worker - INFO -               Threads:                          1
distributed.worker - INFO - -------------------------------------------------
distributed.worker - INFO - Waiting to connect to:        tcp://10.7.0.1:8786
distributed.worker - INFO - -------------------------------------------------
distributed.worker - INFO -               Threads:                          1
distributed.worker - INFO -       Start worker at:       tcp://10.7.0.3:46553
distributed.worker - INFO -          Listening to:       tcp://10.7.0.3:46553
distributed.worker - INFO - Waiting to connect to:        tcp://10.7.0.1:8786
distributed.worker - INFO - -------------------------------------------------
distributed.worker - INFO -               Threads:                          1
distributed.worker - INFO -                Memory:                 160.00 GiB
distributed.worker - INFO -       Local Directory: /tmp/dask-worker-space/worker-8acly5_c
distributed.worker - INFO - -------------------------------------------------
distributed.worker - INFO -                Memory:                 160.00 GiB
distributed.worker - INFO -       Local Directory: /tmp/dask-worker-space/worker-yiuybhdu
distributed.worker - INFO -                Memory:                 160.00 GiB
distributed.worker - INFO -       Local Directory: /tmp/dask-worker-space/worker-irhu4oo_
distributed.worker - INFO -                Memory:                 160.00 GiB
distributed.worker - INFO -          dashboard at:             10.7.0.3:43012
distributed.worker - INFO -       Start worker at:       tcp://10.7.0.3:43687
distributed.worker - INFO -          Listening to:       tcp://10.7.0.3:43687
distributed.worker - INFO -          dashboard at:             10.7.0.3:41478
distributed.worker - INFO -                Memory:                 160.00 GiB
distributed.worker - INFO -       Local Directory: /tmp/dask-worker-space/worker-ssu9lbe_
distributed.worker - INFO - -------------------------------------------------
distributed.worker - INFO - -------------------------------------------------
distributed.worker - INFO - -------------------------------------------------
distributed.worker - INFO -       Local Directory: /tmp/dask-worker-space/worker-ke3co89p
distributed.worker - INFO - -------------------------------------------------
distributed.worker - INFO - Waiting to connect to:        tcp://10.7.0.1:8786
distributed.worker - INFO - -------------------------------------------------
distributed.worker - INFO - Waiting to connect to:        tcp://10.7.0.1:8786
distributed.worker - INFO - -------------------------------------------------
distributed.worker - INFO -               Threads:                          1
distributed.worker - INFO -       Start worker at:       tcp://10.7.0.3:46140
distributed.worker - INFO -          Listening to:       tcp://10.7.0.3:46140
distributed.worker - INFO -               Threads:                          1
distributed.worker - INFO - -------------------------------------------------
distributed.worker - INFO -       Start worker at:       tcp://10.7.0.3:33287
distributed.worker - INFO -          Listening to:       tcp://10.7.0.3:33287
distributed.worker - INFO -          dashboard at:             10.7.0.3:45827
distributed.worker - INFO -                Memory:                 160.00 GiB
distributed.worker - INFO -       Local Directory: /tmp/dask-worker-space/worker-lee0kz8h
distributed.worker - INFO -                Memory:                 160.00 GiB
distributed.worker - INFO -       Local Directory: /tmp/dask-worker-space/worker-mxnuenwu
distributed.worker - INFO - Waiting to connect to:        tcp://10.7.0.1:8786
distributed.worker - INFO -       Start worker at:       tcp://10.7.0.3:46176
distributed.worker - INFO -       Start worker at:       tcp://10.7.0.3:39028
distributed.worker - INFO -          dashboard at:             10.7.0.3:37113
distributed.worker - INFO - Waiting to connect to:        tcp://10.7.0.1:8786
distributed.worker - INFO - -------------------------------------------------
distributed.worker - INFO -               Threads:                          1
distributed.worker - INFO -          Listening to:       tcp://10.7.0.3:46176
distributed.worker - INFO -          Listening to:       tcp://10.7.0.3:39028
distributed.worker - INFO - -------------------------------------------------
distributed.worker - INFO - -------------------------------------------------
distributed.worker - INFO - -------------------------------------------------
distributed.worker - INFO -               Threads:                          1
distributed.worker - INFO -                Memory:                 160.00 GiB
distributed.worker - INFO -          dashboard at:             10.7.0.3:35949
distributed.worker - INFO -          dashboard at:             10.7.0.3:46243
distributed.worker - INFO -       Start worker at:       tcp://10.7.0.3:38306
distributed.worker - INFO -       Start worker at:       tcp://10.7.0.3:38403
distributed.worker - INFO -       Local Directory: /tmp/dask-worker-space/worker-iweud_t4
distributed.worker - INFO - Waiting to connect to:        tcp://10.7.0.1:8786
distributed.worker - INFO - -------------------------------------------------
distributed.worker - INFO - Waiting to connect to:        tcp://10.7.0.1:8786
distributed.worker - INFO - -------------------------------------------------
distributed.worker - INFO -          Listening to:       tcp://10.7.0.3:38306
distributed.worker - INFO -          Listening to:       tcp://10.7.0.3:38403
distributed.worker - INFO -                Memory:                 160.00 GiB
distributed.worker - INFO -       Local Directory: /tmp/dask-worker-space/worker-cys8hu8t
distributed.worker - INFO -               Threads:                          1
distributed.worker - INFO -               Threads:                          1
distributed.worker - INFO -          dashboard at:             10.7.0.3:40802
distributed.worker - INFO -          dashboard at:             10.7.0.3:41904
distributed.worker - INFO - Waiting to connect to:        tcp://10.7.0.1:8786
distributed.worker - INFO -                Memory:                 160.00 GiB
distributed.worker - INFO -                Memory:                 160.00 GiB
distributed.worker - INFO - -------------------------------------------------
distributed.worker - INFO - -------------------------------------------------
distributed.worker - INFO -       Local Directory: /tmp/dask-worker-space/worker-qz4gr0km
distributed.worker - INFO - Waiting to connect to:        tcp://10.7.0.1:8786
distributed.worker - INFO - -------------------------------------------------
distributed.worker - INFO -               Threads:                          1
distributed.worker - INFO -       Local Directory: /tmp/dask-worker-space/worker-_ngbtet2
distributed.worker - INFO -               Threads:                          1
distributed.worker - INFO -                Memory:                 160.00 GiB
distributed.worker - INFO -       Local Directory: /tmp/dask-worker-space/worker-t8fjqppa
distributed.worker - INFO - -------------------------------------------------
distributed.worker - INFO - -------------------------------------------------
distributed.worker - INFO - -------------------------------------------------
distributed.worker - INFO -                Memory:                 160.00 GiB
distributed.worker - INFO -       Local Directory: /tmp/dask-worker-space/worker-yird7mw0
distributed.worker - INFO - -------------------------------------------------
distributed.worker - INFO - -------------------------------------------------
distributed.worker - INFO - Waiting to connect to:        tcp://10.7.0.1:8786
distributed.worker - INFO - -------------------------------------------------
distributed.worker - INFO -               Threads:                          1
distributed.worker - INFO -                Memory:                 160.00 GiB
distributed.worker - INFO -       Local Directory: /tmp/dask-worker-space/worker-yzgcbd2e
distributed.worker - INFO - -------------------------------------------------
distributed.worker - INFO -         Registered to:        tcp://10.7.0.1:8786
distributed.worker - INFO - -------------------------------------------------
distributed.core - INFO - Starting established connection
distributed.worker - INFO -         Registered to:        tcp://10.7.0.1:8786
distributed.worker - INFO - -------------------------------------------------
distributed.core - INFO - Starting established connection
distributed.worker - INFO -         Registered to:        tcp://10.7.0.1:8786
distributed.worker - INFO - -------------------------------------------------
distributed.core - INFO - Starting established connection
distributed.worker - INFO -         Registered to:        tcp://10.7.0.1:8786
distributed.worker - INFO - -------------------------------------------------
distributed.core - INFO - Starting established connection
distributed.worker - INFO -         Registered to:        tcp://10.7.0.1:8786
distributed.worker - INFO - -------------------------------------------------
distributed.core - INFO - Starting established connection
distributed.worker - INFO -         Registered to:        tcp://10.7.0.1:8786
distributed.worker - INFO - -------------------------------------------------
distributed.core - INFO - Starting established connection
distributed.worker - INFO -         Registered to:        tcp://10.7.0.1:8786
distributed.worker - INFO - -------------------------------------------------
distributed.core - INFO - Starting established connection
distributed.worker - INFO -         Registered to:        tcp://10.7.0.1:8786
distributed.worker - INFO - -------------------------------------------------
distributed.core - INFO - Starting established connection
distributed.worker - INFO -         Registered to:        tcp://10.7.0.1:8786
distributed.worker - INFO - -------------------------------------------------
distributed.worker - INFO -       Start worker at:       tcp://10.7.0.2:43732
distributed.worker - INFO -       Start worker at:       tcp://10.7.0.2:33788
distributed.worker - INFO -       Start worker at:       tcp://10.7.0.2:40647
distributed.worker - INFO -       Start worker at:       tcp://10.7.0.2:42505
distributed.worker - INFO -          Listening to:       tcp://10.7.0.2:33788
distributed.worker - INFO -          dashboard at:             10.7.0.2:37868
distributed.worker - INFO - Waiting to connect to:        tcp://10.7.0.1:8786
distributed.worker - INFO -          Listening to:       tcp://10.7.0.2:40647
distributed.worker - INFO - -------------------------------------------------
distributed.worker - INFO -          Listening to:       tcp://10.7.0.2:42505
distributed.worker - INFO -          dashboard at:             10.7.0.2:34559
distributed.worker - INFO -               Threads:                          1
distributed.worker - INFO -          dashboard at:             10.7.0.2:40512
distributed.worker - INFO -       Start worker at:       tcp://10.7.0.2:37734
distributed.worker - INFO - Waiting to connect to:        tcp://10.7.0.1:8786
distributed.core - INFO - Starting established connection
distributed.worker - INFO -                Memory:                 160.00 GiB
distributed.worker - INFO -       Local Directory: /tmp/dask-worker-space/worker-sv6xnbhh
distributed.worker - INFO - Waiting to connect to:        tcp://10.7.0.1:8786
distributed.worker - INFO - -------------------------------------------------
distributed.worker - INFO -               Threads:                          1
distributed.worker - INFO -       Start worker at:       tcp://10.7.0.2:45569
distributed.worker - INFO - -------------------------------------------------
distributed.worker - INFO -               Threads:                          1
distributed.worker - INFO -          Listening to:       tcp://10.7.0.2:37734
distributed.worker - INFO -          dashboard at:             10.7.0.2:39007
distributed.worker - INFO -       Start worker at:       tcp://10.7.0.2:41252
distributed.worker - INFO -         Registered to:        tcp://10.7.0.1:8786
distributed.worker - INFO - -------------------------------------------------
distributed.worker - INFO - -------------------------------------------------
distributed.worker - INFO -       Start worker at:       tcp://10.7.0.2:32845
distributed.worker - INFO -                Memory:                 160.00 GiB
distributed.worker - INFO -       Local Directory: /tmp/dask-worker-space/worker-sutzhnj1
distributed.worker - INFO -          Listening to:       tcp://10.7.0.2:41252
distributed.worker - INFO -          Listening to:       tcp://10.7.0.2:45569
distributed.worker - INFO -          dashboard at:             10.7.0.2:46417
distributed.worker - INFO -                Memory:                 160.00 GiB
distributed.worker - INFO -       Local Directory: /tmp/dask-worker-space/worker-1sffn1um
distributed.worker - INFO -       Start worker at:       tcp://10.7.0.2:43435
distributed.worker - INFO - Waiting to connect to:        tcp://10.7.0.1:8786
distributed.worker - INFO - -------------------------------------------------
distributed.worker - INFO -               Threads:                          1
distributed.worker - INFO -       Start worker at:       tcp://10.7.0.2:42899
distributed.worker - INFO -          dashboard at:             10.7.0.2:43197
distributed.worker - INFO - Waiting to connect to:        tcp://10.7.0.1:8786
distributed.worker - INFO -       Start worker at:       tcp://10.7.0.2:44812
distributed.worker - INFO -       Start worker at:       tcp://10.7.0.2:44158
distributed.worker - INFO -          Listening to:       tcp://10.7.0.2:32845
distributed.worker - INFO -          dashboard at:             10.7.0.2:38984
distributed.worker - INFO -          Listening to:       tcp://10.7.0.2:42899
distributed.worker - INFO - -------------------------------------------------
distributed.worker - INFO -       Start worker at:       tcp://10.7.0.2:40442
distributed.worker - INFO - Waiting to connect to:        tcp://10.7.0.1:8786
distributed.worker - INFO - -------------------------------------------------
distributed.worker - INFO -               Threads:                          1
distributed.worker - INFO -       Start worker at:       tcp://10.7.0.2:40301
distributed.worker - INFO - -------------------------------------------------
distributed.worker - INFO -               Threads:                          1
distributed.worker - INFO -                Memory:                 160.00 GiB
distributed.worker - INFO - -------------------------------------------------
distributed.worker - INFO -       Start worker at:       tcp://10.7.0.2:39602
distributed.worker - INFO -          Listening to:       tcp://10.7.0.2:43435
distributed.worker - INFO -          dashboard at:             10.7.0.2:41077
distributed.worker - INFO - Waiting to connect to:        tcp://10.7.0.1:8786
distributed.worker - INFO -          Listening to:       tcp://10.7.0.2:44812
distributed.worker - INFO -          dashboard at:             10.7.0.2:33377
distributed.worker - INFO -          Listening to:       tcp://10.7.0.2:44158
distributed.worker - INFO -          dashboard at:             10.7.0.2:37736
distributed.worker - INFO -                Memory:                 160.00 GiB
distributed.worker - INFO -       Local Directory: /tmp/dask-worker-space/worker-d5vxbvst
distributed.worker - INFO - -------------------------------------------------
distributed.worker - INFO - Waiting to connect to:        tcp://10.7.0.1:8786
distributed.worker - INFO - -------------------------------------------------
distributed.worker - INFO -               Threads:                          1
distributed.core - INFO - Starting established connection
distributed.worker - INFO -          dashboard at:             10.7.0.2:46126
distributed.worker - INFO - Waiting to connect to:        tcp://10.7.0.1:8786
distributed.worker - INFO - -------------------------------------------------
distributed.worker - INFO -       Start worker at:       tcp://10.7.0.2:33245
distributed.worker - INFO -       Start worker at:       tcp://10.7.0.2:44782
distributed.worker - INFO -          Listening to:       tcp://10.7.0.2:40442
distributed.worker - INFO -          dashboard at:             10.7.0.2:36882
distributed.worker - INFO - Waiting to connect to:        tcp://10.7.0.1:8786
distributed.worker - INFO -                Memory:                 160.00 GiB
distributed.worker - INFO -       Local Directory: /tmp/dask-worker-space/worker-dunyettg
distributed.worker - INFO -       Local Directory: /tmp/dask-worker-space/worker-5wdm9xp6
distributed.worker - INFO - -------------------------------------------------
distributed.worker - INFO - -------------------------------------------------
distributed.worker - INFO -               Threads:                          1
distributed.worker - INFO -                Memory:                 160.00 GiB
distributed.worker - INFO - Waiting to connect to:        tcp://10.7.0.1:8786
distributed.worker - INFO - -------------------------------------------------
distributed.worker - INFO -               Threads:                          1
distributed.worker - INFO - Waiting to connect to:        tcp://10.7.0.1:8786
distributed.worker - INFO - -------------------------------------------------
distributed.worker - INFO -               Threads:                          1
distributed.worker - INFO -                Memory:                 160.00 GiB
distributed.worker - INFO -       Local Directory: /tmp/dask-worker-space/worker-e0y88skq
distributed.worker - INFO -       Start worker at:       tcp://10.7.0.2:40393
distributed.worker - INFO -               Threads:                          1
distributed.worker - INFO -                Memory:                 160.00 GiB
distributed.worker - INFO -          Listening to:       tcp://10.7.0.2:33245
distributed.worker - INFO -          dashboard at:             10.7.0.2:46656
distributed.worker - INFO -          Listening to:       tcp://10.7.0.2:44782
distributed.worker - INFO -          dashboard at:             10.7.0.2:36003
distributed.worker - INFO - -------------------------------------------------
distributed.worker - INFO -               Threads:                          1
distributed.worker - INFO -                Memory:                 160.00 GiB
distributed.worker - INFO - -------------------------------------------------
distributed.worker - INFO -          Listening to:       tcp://10.7.0.2:40301
distributed.worker - INFO -       Start worker at:       tcp://10.7.0.2:39614
distributed.worker - INFO -          Listening to:       tcp://10.7.0.2:39614
distributed.worker - INFO -       Start worker at:       tcp://10.7.0.2:45109
distributed.worker - INFO -          Listening to:       tcp://10.7.0.2:45109
distributed.worker - INFO -       Local Directory: /tmp/dask-worker-space/worker-cue78d9l
distributed.worker - INFO - -------------------------------------------------
distributed.worker - INFO -                Memory:                 160.00 GiB
distributed.worker - INFO -       Local Directory: /tmp/dask-worker-space/worker-rmj59jqc
distributed.worker - INFO -                Memory:                 160.00 GiB
distributed.worker - INFO -       Local Directory: /tmp/dask-worker-space/worker-tygphu8w
distributed.worker - INFO - -------------------------------------------------
distributed.worker - INFO -          Listening to:       tcp://10.7.0.2:40393
distributed.worker - INFO -       Local Directory: /tmp/dask-worker-space/worker-p0w8t3es
distributed.worker - INFO - -------------------------------------------------
distributed.worker - INFO - Waiting to connect to:        tcp://10.7.0.1:8786
distributed.worker - INFO - -------------------------------------------------
distributed.worker - INFO -               Threads:                          1
distributed.worker - INFO - Waiting to connect to:        tcp://10.7.0.1:8786
distributed.worker - INFO - -------------------------------------------------
distributed.worker - INFO -               Threads:                          1
distributed.worker - INFO -       Local Directory: /tmp/dask-worker-space/worker-jtdyfgrb
distributed.worker - INFO - -------------------------------------------------
distributed.worker - INFO -          dashboard at:             10.7.0.2:38421
distributed.worker - INFO - Waiting to connect to:        tcp://10.7.0.1:8786
distributed.worker - INFO -          dashboard at:             10.7.0.2:45592
distributed.worker - INFO - Waiting to connect to:        tcp://10.7.0.1:8786
distributed.worker - INFO -       Start worker at:       tcp://10.7.0.2:33951
distributed.worker - INFO -          Listening to:       tcp://10.7.0.2:33951
distributed.worker - INFO -          dashboard at:             10.7.0.2:44202
distributed.worker - INFO - -------------------------------------------------
distributed.worker - INFO -         Registered to:        tcp://10.7.0.1:8786
distributed.worker - INFO - -------------------------------------------------
distributed.worker - INFO -       Start worker at:       tcp://10.7.0.2:33063
distributed.worker - INFO -          Listening to:       tcp://10.7.0.2:33063
distributed.worker - INFO -          dashboard at:             10.7.0.2:37530
distributed.worker - INFO -          dashboard at:             10.7.0.2:44965
distributed.worker - INFO - Waiting to connect to:        tcp://10.7.0.1:8786
distributed.worker - INFO - -------------------------------------------------
distributed.worker - INFO - -------------------------------------------------
distributed.worker - INFO -                Memory:                 160.00 GiB
distributed.worker - INFO -       Local Directory: /tmp/dask-worker-space/worker-swqoixwp
distributed.worker - INFO -                Memory:                 160.00 GiB
distributed.worker - INFO -       Local Directory: /tmp/dask-worker-space/worker-qtwc9axc
distributed.worker - INFO - -------------------------------------------------
distributed.worker - INFO -               Threads:                          1
distributed.worker - INFO - -------------------------------------------------
distributed.worker - INFO -               Threads:                          1
distributed.worker - INFO - Waiting to connect to:        tcp://10.7.0.1:8786
distributed.worker - INFO - -------------------------------------------------
distributed.worker - INFO -               Threads:                          1
distributed.worker - INFO - Waiting to connect to:        tcp://10.7.0.1:8786
distributed.worker - INFO - -------------------------------------------------
distributed.worker - INFO -               Threads:                          1
distributed.worker - INFO -                Memory:                 160.00 GiB
distributed.worker - INFO -       Local Directory: /tmp/dask-worker-space/worker-go8t7ykw
distributed.worker - INFO - -------------------------------------------------
distributed.worker - INFO - -------------------------------------------------
distributed.worker - INFO -                Memory:                 160.00 GiB
distributed.worker - INFO -       Local Directory: /tmp/dask-worker-space/worker-p9_6h4tx
distributed.worker - INFO -       Start worker at:       tcp://10.7.0.2:41963
distributed.worker - INFO -                Memory:                 160.00 GiB
distributed.worker - INFO -       Local Directory: /tmp/dask-worker-space/worker-0ed_zchb
distributed.worker - INFO -                Memory:                 160.00 GiB
distributed.worker - INFO -       Local Directory: /tmp/dask-worker-space/worker-si90aka8
distributed.worker - INFO -       Start worker at:       tcp://10.7.0.2:33843
distributed.worker - INFO -               Threads:                          1
distributed.worker - INFO -                Memory:                 160.00 GiB
distributed.worker - INFO -       Local Directory: /tmp/dask-worker-space/worker-rpw6rbj4
distributed.worker - INFO -       Start worker at:       tcp://10.7.0.2:34705
distributed.worker - INFO -          Listening to:       tcp://10.7.0.2:34705
distributed.worker - INFO - -------------------------------------------------
distributed.worker - INFO - -------------------------------------------------
distributed.worker - INFO -          Listening to:       tcp://10.7.0.2:41963
distributed.worker - INFO -          dashboard at:             10.7.0.2:35589
distributed.worker - INFO - Waiting to connect to:        tcp://10.7.0.1:8786
distributed.worker - INFO - -------------------------------------------------
distributed.worker - INFO -          Listening to:       tcp://10.7.0.2:33843
distributed.worker - INFO -          dashboard at:             10.7.0.2:46448
distributed.worker - INFO - Waiting to connect to:        tcp://10.7.0.1:8786
distributed.worker - INFO - -------------------------------------------------
distributed.worker - INFO -          dashboard at:             10.7.0.2:42361
distributed.worker - INFO - Waiting to connect to:        tcp://10.7.0.1:8786
distributed.worker - INFO - -------------------------------------------------
distributed.worker - INFO -       Start worker at:       tcp://10.7.0.2:40881
distributed.worker - INFO - -------------------------------------------------
distributed.worker - INFO -               Threads:                          1
distributed.worker - INFO -                Memory:                 160.00 GiB
distributed.worker - INFO -          Listening to:       tcp://10.7.0.2:39602
distributed.worker - INFO -          dashboard at:             10.7.0.2:36039
distributed.worker - INFO - Waiting to connect to:        tcp://10.7.0.1:8786
distributed.worker - INFO - -------------------------------------------------
distributed.worker - INFO - -------------------------------------------------
distributed.worker - INFO -               Threads:                          1
distributed.worker - INFO -                Memory:                 160.00 GiB
distributed.worker - INFO -               Threads:                          1
distributed.worker - INFO -                Memory:                 160.00 GiB
distributed.worker - INFO -       Start worker at:       tcp://10.7.0.2:36340
distributed.worker - INFO -          Listening to:       tcp://10.7.0.2:36340
distributed.worker - INFO -          dashboard at:             10.7.0.2:44982
distributed.worker - INFO -       Start worker at:       tcp://10.7.0.2:46017
distributed.worker - INFO -          Listening to:       tcp://10.7.0.2:40881
distributed.worker - INFO -          dashboard at:             10.7.0.2:44624
distributed.worker - INFO -       Local Directory: /tmp/dask-worker-space/worker-sr6dha7u
distributed.worker - INFO - -------------------------------------------------
distributed.worker - INFO - -------------------------------------------------
distributed.worker - INFO -               Threads:                          1
distributed.worker - INFO -                Memory:                 160.00 GiB
distributed.worker - INFO -       Start worker at:       tcp://10.7.0.2:45289
distributed.worker - INFO -          Listening to:       tcp://10.7.0.2:45289
distributed.worker - INFO -       Local Directory: /tmp/dask-worker-space/worker-2v3wghw5
distributed.worker - INFO - -------------------------------------------------
distributed.worker - INFO -       Local Directory: /tmp/dask-worker-space/worker-amudu0ym
distributed.worker - INFO - -------------------------------------------------
distributed.worker - INFO -          dashboard at:             10.7.0.2:33146
distributed.worker - INFO -       Start worker at:       tcp://10.7.0.2:41405
distributed.worker - INFO -          Listening to:       tcp://10.7.0.2:41405
distributed.worker - INFO -       Start worker at:       tcp://10.7.0.2:45947
distributed.worker - INFO -          Listening to:       tcp://10.7.0.2:45947
distributed.worker - INFO -          Listening to:       tcp://10.7.0.2:46017
distributed.worker - INFO -          dashboard at:             10.7.0.2:36730
distributed.worker - INFO - Waiting to connect to:        tcp://10.7.0.1:8786
distributed.worker - INFO - -------------------------------------------------
distributed.worker - INFO -               Threads:                          1
distributed.worker - INFO -                Memory:                 160.00 GiB
distributed.core - INFO - Starting established connection
distributed.worker - INFO -       Start worker at:       tcp://10.7.0.2:40913
distributed.worker - INFO -       Local Directory: /tmp/dask-worker-space/worker-skhcnfdx
distributed.worker - INFO - -------------------------------------------------
distributed.worker - INFO -          dashboard at:             10.7.0.2:36289
distributed.worker - INFO - Waiting to connect to:        tcp://10.7.0.1:8786
distributed.worker - INFO - Waiting to connect to:        tcp://10.7.0.1:8786
distributed.worker - INFO - -------------------------------------------------
distributed.worker - INFO -               Threads:                          1
distributed.worker - INFO -                Memory:                 160.00 GiB
distributed.worker - INFO -       Local Directory: /tmp/dask-worker-space/worker-7ak4pbw4
distributed.worker - INFO -       Start worker at:       tcp://10.7.0.2:38685
distributed.worker - INFO - Waiting to connect to:        tcp://10.7.0.1:8786
distributed.worker - INFO - -------------------------------------------------
distributed.worker - INFO -               Threads:                          1
distributed.worker - INFO -                Memory:                 160.00 GiB
distributed.worker - INFO -          dashboard at:             10.7.0.2:35060
distributed.worker - INFO - Waiting to connect to:        tcp://10.7.0.1:8786
distributed.worker - INFO -       Start worker at:       tcp://10.7.0.2:42237
distributed.worker - INFO -          Listening to:       tcp://10.7.0.2:42237
distributed.worker - INFO -          dashboard at:             10.7.0.2:34152
distributed.worker - INFO -          dashboard at:             10.7.0.2:44651
distributed.worker - INFO - Waiting to connect to:        tcp://10.7.0.1:8786
distributed.worker - INFO - -------------------------------------------------
distributed.worker - INFO -               Threads:                          1
distributed.worker - INFO - Waiting to connect to:        tcp://10.7.0.1:8786
distributed.worker - INFO - -------------------------------------------------
distributed.worker - INFO -               Threads:                          1
distributed.worker - INFO -                Memory:                 160.00 GiB
distributed.worker - INFO -          Listening to:       tcp://10.7.0.2:40913
distributed.worker - INFO -          dashboard at:             10.7.0.2:42253
distributed.worker - INFO - -------------------------------------------------
distributed.worker - INFO -               Threads:                          1
distributed.worker - INFO -                Memory:                 160.00 GiB
distributed.worker - INFO -       Start worker at:       tcp://10.7.0.2:39894
distributed.worker - INFO -          Listening to:       tcp://10.7.0.2:39894
distributed.worker - INFO -          dashboard at:             10.7.0.2:38038
distributed.worker - INFO -          Listening to:       tcp://10.7.0.2:38685
distributed.worker - INFO -       Local Directory: /tmp/dask-worker-space/worker-uq9px07_
distributed.worker - INFO - -------------------------------------------------
distributed.worker - INFO - -------------------------------------------------
distributed.worker - INFO -               Threads:                          1
distributed.worker - INFO - Waiting to connect to:        tcp://10.7.0.1:8786
distributed.worker - INFO - -------------------------------------------------
distributed.worker - INFO -               Threads:                          1
distributed.worker - INFO -                Memory:                 160.00 GiB
distributed.worker - INFO -                Memory:                 160.00 GiB
distributed.worker - INFO -       Local Directory: /tmp/dask-worker-space/worker-_tm4o2_z
distributed.worker - INFO -       Local Directory: /tmp/dask-worker-space/worker-brt105d6
distributed.worker - INFO - -------------------------------------------------
distributed.worker - INFO -       Local Directory: /tmp/dask-worker-space/worker-x1wb4ve6
distributed.worker - INFO - -------------------------------------------------
distributed.worker - INFO - Waiting to connect to:        tcp://10.7.0.1:8786
distributed.worker - INFO - -------------------------------------------------
distributed.worker - INFO -               Threads:                          1
distributed.worker - INFO -                Memory:                 160.00 GiB
distributed.worker - INFO -       Local Directory: /tmp/dask-worker-space/worker-uu21ltbl
distributed.worker - INFO - -------------------------------------------------
distributed.worker - INFO - Waiting to connect to:        tcp://10.7.0.1:8786
distributed.worker - INFO - -------------------------------------------------
distributed.worker - INFO -               Threads:                          1
distributed.worker - INFO -                Memory:                 160.00 GiB
distributed.worker - INFO -       Start worker at:       tcp://10.7.0.2:39681
distributed.worker - INFO -          Listening to:       tcp://10.7.0.2:39681
distributed.worker - INFO -          dashboard at:             10.7.0.2:33831
distributed.worker - INFO - Waiting to connect to:        tcp://10.7.0.1:8786
distributed.worker - INFO - -------------------------------------------------
distributed.worker - INFO -               Threads:                          1
distributed.worker - INFO -       Start worker at:       tcp://10.7.0.2:38576
distributed.worker - INFO -          Listening to:       tcp://10.7.0.2:38576
distributed.worker - INFO -          dashboard at:             10.7.0.2:45004
distributed.worker - INFO - Waiting to connect to:        tcp://10.7.0.1:8786
distributed.worker - INFO - -------------------------------------------------
distributed.worker - INFO - -------------------------------------------------
distributed.worker - INFO -          dashboard at:             10.7.0.2:44503
distributed.worker - INFO - Waiting to connect to:        tcp://10.7.0.1:8786
distributed.worker - INFO - -------------------------------------------------
distributed.worker - INFO -               Threads:                          1
distributed.worker - INFO -                Memory:                 160.00 GiB
distributed.worker - INFO -       Local Directory: /tmp/dask-worker-space/worker-5pr701tz
distributed.worker - INFO - -------------------------------------------------
distributed.worker - INFO -       Local Directory: /tmp/dask-worker-space/worker-mxh5oru2
distributed.worker - INFO - -------------------------------------------------
distributed.worker - INFO - -------------------------------------------------
distributed.worker - INFO -       Local Directory: /tmp/dask-worker-space/worker-2s9zseuj
distributed.worker - INFO - -------------------------------------------------
distributed.worker - INFO -       Local Directory: /tmp/dask-worker-space/worker-tw8bifmv
distributed.worker - INFO - -------------------------------------------------
distributed.worker - INFO -                Memory:                 160.00 GiB
distributed.worker - INFO -       Local Directory: /tmp/dask-worker-space/worker-4d1n14s8
distributed.worker - INFO -               Threads:                          1
distributed.worker - INFO -                Memory:                 160.00 GiB
distributed.worker - INFO -       Local Directory: /tmp/dask-worker-space/worker-0al_h0ld
distributed.worker - INFO -                Memory:                 160.00 GiB
distributed.worker - INFO -       Local Directory: /tmp/dask-worker-space/worker-kplr1o1f
distributed.worker - INFO - -------------------------------------------------
distributed.worker - INFO - -------------------------------------------------
distributed.worker - INFO - -------------------------------------------------
distributed.worker - INFO -          Listening to:       tcp://10.7.0.2:43732
distributed.worker - INFO -          dashboard at:             10.7.0.2:41884
distributed.worker - INFO - Waiting to connect to:        tcp://10.7.0.1:8786
distributed.worker - INFO - -------------------------------------------------
distributed.worker - INFO -               Threads:                          1
distributed.worker - INFO -                Memory:                 160.00 GiB
distributed.worker - INFO -       Local Directory: /tmp/dask-worker-space/worker-rpqfz01o
distributed.worker - INFO - -------------------------------------------------
distributed.worker - INFO -         Registered to:        tcp://10.7.0.1:8786
distributed.worker - INFO - -------------------------------------------------
distributed.core - INFO - Starting established connection
distributed.worker - INFO -         Registered to:        tcp://10.7.0.1:8786
distributed.worker - INFO - -------------------------------------------------
distributed.core - INFO - Starting established connection
distributed.worker - INFO -         Registered to:        tcp://10.7.0.1:8786
distributed.worker - INFO - -------------------------------------------------
distributed.worker - INFO -         Registered to:        tcp://10.7.0.1:8786
distributed.worker - INFO - -------------------------------------------------
distributed.core - INFO - Starting established connection
distributed.core - INFO - Starting established connection
distributed.worker - INFO -         Registered to:        tcp://10.7.0.1:8786
distributed.worker - INFO - -------------------------------------------------
distributed.core - INFO - Starting established connection
distributed.worker - INFO -         Registered to:        tcp://10.7.0.1:8786
distributed.worker - INFO - -------------------------------------------------
distributed.core - INFO - Starting established connection
distributed.worker - INFO -         Registered to:        tcp://10.7.0.1:8786
distributed.worker - INFO - -------------------------------------------------
distributed.core - INFO - Starting established connection
distributed.worker - INFO -         Registered to:        tcp://10.7.0.1:8786
distributed.worker - INFO - -------------------------------------------------
distributed.core - INFO - Starting established connection
distributed.worker - INFO -         Registered to:        tcp://10.7.0.1:8786
distributed.worker - INFO - -------------------------------------------------
distributed.core - INFO - Starting established connection
distributed.worker - INFO -         Registered to:        tcp://10.7.0.1:8786
distributed.worker - INFO - -------------------------------------------------
distributed.core - INFO - Starting established connection
distributed.worker - INFO -         Registered to:        tcp://10.7.0.1:8786
distributed.worker - INFO - -------------------------------------------------
distributed.core - INFO - Starting established connection
distributed.worker - INFO -         Registered to:        tcp://10.7.0.1:8786
distributed.worker - INFO - -------------------------------------------------
distributed.core - INFO - Starting established connection
distributed.worker - INFO -         Registered to:        tcp://10.7.0.1:8786
distributed.worker - INFO - -------------------------------------------------
distributed.core - INFO - Starting established connection
distributed.worker - INFO -         Registered to:        tcp://10.7.0.1:8786
distributed.worker - INFO - -------------------------------------------------
distributed.core - INFO - Starting established connection
distributed.worker - INFO -         Registered to:        tcp://10.7.0.1:8786
distributed.worker - INFO - -------------------------------------------------
distributed.worker - INFO -         Registered to:        tcp://10.7.0.1:8786
distributed.worker - INFO - -------------------------------------------------
distributed.core - INFO - Starting established connection
distributed.core - INFO - Starting established connection
distributed.worker - INFO -         Registered to:        tcp://10.7.0.1:8786
distributed.worker - INFO - -------------------------------------------------
distributed.core - INFO - Starting established connection
distributed.worker - INFO -         Registered to:        tcp://10.7.0.1:8786
distributed.worker - INFO - -------------------------------------------------
distributed.core - INFO - Starting established connection
distributed.worker - INFO -         Registered to:        tcp://10.7.0.1:8786
distributed.worker - INFO - -------------------------------------------------
distributed.core - INFO - Starting established connection
distributed.worker - INFO -         Registered to:        tcp://10.7.0.1:8786
distributed.worker - INFO - -------------------------------------------------
distributed.core - INFO - Starting established connection
distributed.worker - INFO -         Registered to:        tcp://10.7.0.1:8786
distributed.worker - INFO - -------------------------------------------------
distributed.core - INFO - Starting established connection
distributed.worker - INFO -         Registered to:        tcp://10.7.0.1:8786
distributed.worker - INFO - -------------------------------------------------
distributed.core - INFO - Starting established connection
distributed.worker - INFO -         Registered to:        tcp://10.7.0.1:8786
distributed.worker - INFO - -------------------------------------------------
distributed.worker - INFO -         Registered to:        tcp://10.7.0.1:8786
distributed.worker - INFO - -------------------------------------------------
distributed.core - INFO - Starting established connection
distributed.core - INFO - Starting established connection
distributed.worker - INFO -         Registered to:        tcp://10.7.0.1:8786
distributed.worker - INFO - -------------------------------------------------
distributed.core - INFO - Starting established connection
distributed.worker - INFO -         Registered to:        tcp://10.7.0.1:8786
distributed.worker - INFO - -------------------------------------------------
distributed.core - INFO - Starting established connection
distributed.worker - INFO -         Registered to:        tcp://10.7.0.1:8786
distributed.worker - INFO - -------------------------------------------------
distributed.core - INFO - Starting established connection
distributed.worker - INFO -         Registered to:        tcp://10.7.0.1:8786
distributed.worker - INFO - -------------------------------------------------
distributed.core - INFO - Starting established connection
distributed.worker - INFO -         Registered to:        tcp://10.7.0.1:8786
distributed.worker - INFO - -------------------------------------------------
distributed.core - INFO - Starting established connection
distributed.worker - INFO -         Registered to:        tcp://10.7.0.1:8786
distributed.worker - INFO - -------------------------------------------------
distributed.core - INFO - Starting established connection
distributed.worker - INFO -         Registered to:        tcp://10.7.0.1:8786
distributed.worker - INFO - -------------------------------------------------
distributed.core - INFO - Starting established connection
distributed.worker - INFO -         Registered to:        tcp://10.7.0.1:8786
distributed.worker - INFO - -------------------------------------------------
distributed.core - INFO - Starting established connection
distributed.worker - INFO -         Registered to:        tcp://10.7.0.1:8786
distributed.worker - INFO - -------------------------------------------------
distributed.core - INFO - Starting established connection
distributed.worker - INFO -         Registered to:        tcp://10.7.0.1:8786
distributed.worker - INFO - -------------------------------------------------
distributed.core - INFO - Starting established connection
distributed.worker - INFO -         Registered to:        tcp://10.7.0.1:8786
distributed.worker - INFO - -------------------------------------------------
distributed.core - INFO - Starting established connection
distributed.worker - INFO -         Registered to:        tcp://10.7.0.1:8786
distributed.worker - INFO - -------------------------------------------------
distributed.core - INFO - Starting established connection
distributed.worker - INFO -         Registered to:        tcp://10.7.0.1:8786
distributed.worker - INFO - -------------------------------------------------
distributed.core - INFO - Starting established connection
distributed.worker - INFO -         Registered to:        tcp://10.7.0.1:8786
distributed.worker - INFO - -------------------------------------------------
distributed.core - INFO - Starting established connection
distributed.worker - INFO -         Registered to:        tcp://10.7.0.1:8786
distributed.worker - INFO - -------------------------------------------------
distributed.core - INFO - Starting established connection
distributed.worker - INFO -         Registered to:        tcp://10.7.0.1:8786
distributed.worker - INFO - -------------------------------------------------
distributed.core - INFO - Starting established connection
distributed.worker - INFO -         Registered to:        tcp://10.7.0.1:8786
distributed.worker - INFO - -------------------------------------------------
distributed.core - INFO - Starting established connection
distributed.worker - INFO -         Registered to:        tcp://10.7.0.1:8786
distributed.worker - INFO - -------------------------------------------------
distributed.core - INFO - Starting established connection
distributed.worker - INFO -         Registered to:        tcp://10.7.0.1:8786
distributed.worker - INFO - -------------------------------------------------
distributed.core - INFO - Starting established connection
distributed.worker - INFO -         Registered to:        tcp://10.7.0.1:8786
distributed.worker - INFO - -------------------------------------------------
distributed.core - INFO - Starting established connection
distributed.worker - INFO -         Registered to:        tcp://10.7.0.1:8786
distributed.worker - INFO - -------------------------------------------------
distributed.core - INFO - Starting established connection
distributed.worker - INFO -         Registered to:        tcp://10.7.0.1:8786
distributed.worker - INFO - -------------------------------------------------
distributed.core - INFO - Starting established connection
distributed.worker - INFO -         Registered to:        tcp://10.7.0.1:8786
distributed.worker - INFO - -------------------------------------------------
distributed.core - INFO - Starting established connection
distributed.worker - INFO -         Registered to:        tcp://10.7.0.1:8786
distributed.worker - INFO - -------------------------------------------------
distributed.core - INFO - Starting established connection
distributed.worker - INFO -         Registered to:        tcp://10.7.0.1:8786
distributed.worker - INFO - -------------------------------------------------
distributed.core - INFO - Starting established connection
distributed.worker - INFO -         Registered to:        tcp://10.7.0.1:8786
distributed.worker - INFO - -------------------------------------------------
distributed.core - INFO - Starting established connection
distributed.worker - INFO -         Registered to:        tcp://10.7.0.1:8786
distributed.worker - INFO - -------------------------------------------------
distributed.core - INFO - Starting established connection
distributed.worker - INFO -         Registered to:        tcp://10.7.0.1:8786
distributed.worker - INFO - -------------------------------------------------
distributed.core - INFO - Starting established connection
distributed.worker - INFO -         Registered to:        tcp://10.7.0.1:8786
distributed.worker - INFO - -------------------------------------------------
distributed.core - INFO - Starting established connection
distributed.worker - INFO -         Registered to:        tcp://10.7.0.1:8786
distributed.worker - INFO - -------------------------------------------------
distributed.core - INFO - Starting established connection
distributed.worker - INFO -         Registered to:        tcp://10.7.0.1:8786
distributed.worker - INFO - -------------------------------------------------
distributed.core - INFO - Starting established connection
distributed.worker - INFO -         Registered to:        tcp://10.7.0.1:8786
distributed.worker - INFO - -------------------------------------------------
distributed.core - INFO - Starting established connection
distributed.worker - INFO -         Registered to:        tcp://10.7.0.1:8786
distributed.worker - INFO - -------------------------------------------------
distributed.core - INFO - Starting established connection
distributed.worker - INFO -         Registered to:        tcp://10.7.0.1:8786
distributed.worker - INFO - -------------------------------------------------
distributed.core - INFO - Starting established connection
distributed.worker - INFO -         Registered to:        tcp://10.7.0.1:8786
distributed.worker - INFO - -------------------------------------------------
distributed.core - INFO - Starting established connection
distributed.worker - INFO -         Registered to:        tcp://10.7.0.1:8786
distributed.worker - INFO - -------------------------------------------------
distributed.core - INFO - Starting established connection
distributed.worker - INFO -         Registered to:        tcp://10.7.0.1:8786
distributed.worker - INFO - -------------------------------------------------
distributed.core - INFO - Starting established connection
distributed.worker - INFO -         Registered to:        tcp://10.7.0.1:8786
distributed.worker - INFO - -------------------------------------------------
distributed.core - INFO - Starting established connection
distributed.worker - INFO -         Registered to:        tcp://10.7.0.1:8786
distributed.worker - INFO - -------------------------------------------------
distributed.core - INFO - Starting established connection
distributed.worker - INFO -         Registered to:        tcp://10.7.0.1:8786
distributed.worker - INFO - -------------------------------------------------
distributed.core - INFO - Starting established connection
distributed.worker - INFO -         Registered to:        tcp://10.7.0.1:8786
distributed.worker - INFO - -------------------------------------------------
distributed.core - INFO - Starting established connection
distributed.worker - INFO -         Registered to:        tcp://10.7.0.1:8786
distributed.worker - INFO - -------------------------------------------------
distributed.core - INFO - Starting established connection
distributed.worker - INFO -       Start worker at:       tcp://10.7.0.2:36975
distributed.worker - INFO -          Listening to:       tcp://10.7.0.2:36975
distributed.worker - INFO -          dashboard at:             10.7.0.2:43581
distributed.worker - INFO - Waiting to connect to:        tcp://10.7.0.1:8786
distributed.worker - INFO - -------------------------------------------------
distributed.worker - INFO -               Threads:                          1
distributed.worker - INFO -                Memory:                 160.00 GiB
distributed.worker - INFO -       Local Directory: /tmp/dask-worker-space/worker-64gbueqh
distributed.worker - INFO - -------------------------------------------------
distributed.worker - INFO -       Start worker at:       tcp://10.7.0.2:44297
distributed.worker - INFO -          Listening to:       tcp://10.7.0.2:44297
distributed.worker - INFO -          dashboard at:             10.7.0.2:40797
distributed.worker - INFO - Waiting to connect to:        tcp://10.7.0.1:8786
distributed.worker - INFO - -------------------------------------------------
distributed.worker - INFO -               Threads:                          1
distributed.worker - INFO -                Memory:                 160.00 GiB
distributed.worker - INFO -       Local Directory: /tmp/dask-worker-space/worker-7f_651go
distributed.worker - INFO - -------------------------------------------------
distributed.worker - INFO -         Registered to:        tcp://10.7.0.1:8786
distributed.worker - INFO - -------------------------------------------------
distributed.core - INFO - Starting established connection
distributed.worker - INFO -         Registered to:        tcp://10.7.0.1:8786
distributed.worker - INFO - -------------------------------------------------
distributed.core - INFO - Starting established connection
distributed.worker - INFO -       Start worker at:       tcp://10.7.0.2:42948
distributed.worker - INFO -          Listening to:       tcp://10.7.0.2:42948
distributed.worker - INFO -          dashboard at:             10.7.0.2:33744
distributed.worker - INFO - Waiting to connect to:        tcp://10.7.0.1:8786
distributed.worker - INFO - -------------------------------------------------
distributed.worker - INFO -               Threads:                          1
distributed.worker - INFO -                Memory:                 160.00 GiB
distributed.worker - INFO -       Local Directory: /tmp/dask-worker-space/worker-6tkc_0_f
distributed.worker - INFO - -------------------------------------------------
distributed.worker - INFO -         Registered to:        tcp://10.7.0.1:8786
distributed.worker - INFO - -------------------------------------------------
distributed.core - INFO - Starting established connection
Exception in thread Profile:
Traceback (most recent call last):
  File "/gpfs/users/fernandezx/spack/opt/spack/linux-centos7-cascadelake/gcc-11.2.0/py-distributed-deisa-tvck22hdjddjrkrb4clzsednvt2igzro/lib/python3.10/site-packages/distributed/profile.py", line 115, in process
    d = state["children"][ident]
KeyError: 'unsupported_arguments;/gpfs/users/fernandezx/spack/opt/spack/linux-centos7-cascadelake/gcc-11.2.0/py-dask-2021.11.2-qnri6zi5ys4rmlmir5mv7xdamzlej7rx/lib/python3.10/site-packages/dask/utils.py;720'

During handling of the above exception, another exception occurred:

Traceback (most recent call last):
  File "/gpfs/users/fernandezx/spack/opt/spack/linux-centos7-cascadelake/gcc-11.2.0/python-3.10.8-gr23wncdlkfsy2ky42hcmljvrpvextag/lib/python3.10/threading.py", line 1016, in _bootstrap_inner
    self.run()
  File "/gpfs/users/fernandezx/spack/opt/spack/linux-centos7-cascadelake/gcc-11.2.0/python-3.10.8-gr23wncdlkfsy2ky42hcmljvrpvextag/lib/python3.10/threading.py", line 953, in run
    self._target(*self._args, **self._kwargs)
  File "/gpfs/users/fernandezx/spack/opt/spack/linux-centos7-cascadelake/gcc-11.2.0/py-distributed-deisa-tvck22hdjddjrkrb4clzsednvt2igzro/lib/python3.10/site-packages/distributed/profile.py", line 274, in _watch
    process(frame, None, recent, omit=omit)
  File "/gpfs/users/fernandezx/spack/opt/spack/linux-centos7-cascadelake/gcc-11.2.0/py-distributed-deisa-tvck22hdjddjrkrb4clzsednvt2igzro/lib/python3.10/site-packages/distributed/profile.py", line 119, in process
    "description": info_frame(frame),
  File "/gpfs/users/fernandezx/spack/opt/spack/linux-centos7-cascadelake/gcc-11.2.0/py-distributed-deisa-tvck22hdjddjrkrb4clzsednvt2igzro/lib/python3.10/site-packages/distributed/profile.py", line 72, in info_frame
    line = linecache.getline(co.co_filename, frame.f_lineno, frame.f_globals).lstrip()
  File "/gpfs/users/fernandezx/spack/opt/spack/linux-centos7-cascadelake/gcc-11.2.0/python-3.10.8-gr23wncdlkfsy2ky42hcmljvrpvextag/lib/python3.10/linecache.py", line 31, in getline
    if 1 <= lineno <= len(lines):
TypeError: '<=' not supported between instances of 'int' and 'NoneType'
distributed.core - INFO - Event loop was unresponsive in Worker for 6.58s.  This is often caused by long-running GIL-holding functions or moving large chunks of data. This can cause timeouts and instability.
distributed.core - INFO - Event loop was unresponsive in Worker for 6.52s.  This is often caused by long-running GIL-holding functions or moving large chunks of data. This can cause timeouts and instability.
distributed.core - INFO - Event loop was unresponsive in Worker for 6.43s.  This is often caused by long-running GIL-holding functions or moving large chunks of data. This can cause timeouts and instability.
distributed.core - INFO - Event loop was unresponsive in Worker for 6.53s.  This is often caused by long-running GIL-holding functions or moving large chunks of data. This can cause timeouts and instability.
distributed.core - INFO - Event loop was unresponsive in Worker for 6.46s.  This is often caused by long-running GIL-holding functions or moving large chunks of data. This can cause timeouts and instability.
distributed.core - INFO - Event loop was unresponsive in Worker for 6.52s.  This is often caused by long-running GIL-holding functions or moving large chunks of data. This can cause timeouts and instability.
distributed.core - INFO - Event loop was unresponsive in Worker for 6.49s.  This is often caused by long-running GIL-holding functions or moving large chunks of data. This can cause timeouts and instability.
distributed.core - INFO - Event loop was unresponsive in Worker for 6.45s.  This is often caused by long-running GIL-holding functions or moving large chunks of data. This can cause timeouts and instability.
distributed.core - INFO - Event loop was unresponsive in Worker for 6.70s.  This is often caused by long-running GIL-holding functions or moving large chunks of data. This can cause timeouts and instability.
distributed.core - INFO - Event loop was unresponsive in Worker for 6.50s.  This is often caused by long-running GIL-holding functions or moving large chunks of data. This can cause timeouts and instability.
distributed.core - INFO - Event loop was unresponsive in Worker for 6.69s.  This is often caused by long-running GIL-holding functions or moving large chunks of data. This can cause timeouts and instability.
distributed.core - INFO - Event loop was unresponsive in Worker for 6.53s.  This is often caused by long-running GIL-holding functions or moving large chunks of data. This can cause timeouts and instability.
distributed.core - INFO - Event loop was unresponsive in Worker for 6.44s.  This is often caused by long-running GIL-holding functions or moving large chunks of data. This can cause timeouts and instability.
distributed.core - INFO - Event loop was unresponsive in Worker for 6.69s.  This is often caused by long-running GIL-holding functions or moving large chunks of data. This can cause timeouts and instability.
distributed.core - INFO - Event loop was unresponsive in Worker for 6.58s.  This is often caused by long-running GIL-holding functions or moving large chunks of data. This can cause timeouts and instability.
distributed.core - INFO - Event loop was unresponsive in Worker for 6.69s.  This is often caused by long-running GIL-holding functions or moving large chunks of data. This can cause timeouts and instability.
distributed.core - INFO - Event loop was unresponsive in Worker for 6.69s.  This is often caused by long-running GIL-holding functions or moving large chunks of data. This can cause timeouts and instability.
distributed.core - INFO - Event loop was unresponsive in Worker for 6.50s.  This is often caused by long-running GIL-holding functions or moving large chunks of data. This can cause timeouts and instability.
distributed.core - INFO - Event loop was unresponsive in Worker for 6.58s.  This is often caused by long-running GIL-holding functions or moving large chunks of data. This can cause timeouts and instability.
distributed.core - INFO - Event loop was unresponsive in Worker for 6.70s.  This is often caused by long-running GIL-holding functions or moving large chunks of data. This can cause timeouts and instability.
distributed.core - INFO - Event loop was unresponsive in Worker for 6.65s.  This is often caused by long-running GIL-holding functions or moving large chunks of data. This can cause timeouts and instability.
distributed.core - INFO - Event loop was unresponsive in Worker for 6.52s.  This is often caused by long-running GIL-holding functions or moving large chunks of data. This can cause timeouts and instability.
distributed.core - INFO - Event loop was unresponsive in Worker for 6.66s.  This is often caused by long-running GIL-holding functions or moving large chunks of data. This can cause timeouts and instability.
distributed.core - INFO - Event loop was unresponsive in Worker for 6.53s.  This is often caused by long-running GIL-holding functions or moving large chunks of data. This can cause timeouts and instability.
distributed.core - INFO - Event loop was unresponsive in Worker for 6.52s.  This is often caused by long-running GIL-holding functions or moving large chunks of data. This can cause timeouts and instability.
distributed.core - INFO - Event loop was unresponsive in Worker for 6.66s.  This is often caused by long-running GIL-holding functions or moving large chunks of data. This can cause timeouts and instability.
distributed.core - INFO - Event loop was unresponsive in Worker for 6.47s.  This is often caused by long-running GIL-holding functions or moving large chunks of data. This can cause timeouts and instability.
distributed.core - INFO - Event loop was unresponsive in Worker for 6.58s.  This is often caused by long-running GIL-holding functions or moving large chunks of data. This can cause timeouts and instability.
distributed.core - INFO - Event loop was unresponsive in Worker for 6.70s.  This is often caused by long-running GIL-holding functions or moving large chunks of data. This can cause timeouts and instability.
distributed.core - INFO - Event loop was unresponsive in Worker for 6.44s.  This is often caused by long-running GIL-holding functions or moving large chunks of data. This can cause timeouts and instability.
distributed.core - INFO - Event loop was unresponsive in Worker for 6.57s.  This is often caused by long-running GIL-holding functions or moving large chunks of data. This can cause timeouts and instability.
distributed.core - INFO - Event loop was unresponsive in Worker for 6.66s.  This is often caused by long-running GIL-holding functions or moving large chunks of data. This can cause timeouts and instability.
distributed.core - INFO - Event loop was unresponsive in Worker for 6.66s.  This is often caused by long-running GIL-holding functions or moving large chunks of data. This can cause timeouts and instability.
distributed.core - INFO - Event loop was unresponsive in Worker for 6.46s.  This is often caused by long-running GIL-holding functions or moving large chunks of data. This can cause timeouts and instability.
distributed.core - INFO - Event loop was unresponsive in Worker for 6.48s.  This is often caused by long-running GIL-holding functions or moving large chunks of data. This can cause timeouts and instability.
distributed.core - INFO - Event loop was unresponsive in Worker for 6.43s.  This is often caused by long-running GIL-holding functions or moving large chunks of data. This can cause timeouts and instability.
distributed.core - INFO - Event loop was unresponsive in Worker for 6.44s.  This is often caused by long-running GIL-holding functions or moving large chunks of data. This can cause timeouts and instability.
distributed.core - INFO - Event loop was unresponsive in Worker for 6.47s.  This is often caused by long-running GIL-holding functions or moving large chunks of data. This can cause timeouts and instability.
distributed.core - INFO - Event loop was unresponsive in Worker for 6.70s.  This is often caused by long-running GIL-holding functions or moving large chunks of data. This can cause timeouts and instability.
distributed.core - INFO - Event loop was unresponsive in Worker for 6.50s.  This is often caused by long-running GIL-holding functions or moving large chunks of data. This can cause timeouts and instability.
distributed.core - INFO - Event loop was unresponsive in Worker for 6.56s.  This is often caused by long-running GIL-holding functions or moving large chunks of data. This can cause timeouts and instability.
distributed.core - INFO - Event loop was unresponsive in Worker for 6.45s.  This is often caused by long-running GIL-holding functions or moving large chunks of data. This can cause timeouts and instability.
distributed.core - INFO - Event loop was unresponsive in Worker for 6.43s.  This is often caused by long-running GIL-holding functions or moving large chunks of data. This can cause timeouts and instability.
distributed.core - INFO - Event loop was unresponsive in Worker for 6.49s.  This is often caused by long-running GIL-holding functions or moving large chunks of data. This can cause timeouts and instability.
distributed.core - INFO - Event loop was unresponsive in Worker for 6.54s.  This is often caused by long-running GIL-holding functions or moving large chunks of data. This can cause timeouts and instability.
distributed.core - INFO - Event loop was unresponsive in Worker for 6.49s.  This is often caused by long-running GIL-holding functions or moving large chunks of data. This can cause timeouts and instability.
distributed.core - INFO - Event loop was unresponsive in Worker for 6.49s.  This is often caused by long-running GIL-holding functions or moving large chunks of data. This can cause timeouts and instability.
distributed.core - INFO - Event loop was unresponsive in Worker for 6.66s.  This is often caused by long-running GIL-holding functions or moving large chunks of data. This can cause timeouts and instability.
distributed.core - INFO - Event loop was unresponsive in Worker for 6.54s.  This is often caused by long-running GIL-holding functions or moving large chunks of data. This can cause timeouts and instability.
distributed.core - INFO - Event loop was unresponsive in Worker for 6.49s.  This is often caused by long-running GIL-holding functions or moving large chunks of data. This can cause timeouts and instability.
distributed.core - INFO - Event loop was unresponsive in Worker for 6.50s.  This is often caused by long-running GIL-holding functions or moving large chunks of data. This can cause timeouts and instability.
distributed.core - INFO - Event loop was unresponsive in Worker for 6.51s.  This is often caused by long-running GIL-holding functions or moving large chunks of data. This can cause timeouts and instability.
distributed.core - INFO - Event loop was unresponsive in Worker for 6.47s.  This is often caused by long-running GIL-holding functions or moving large chunks of data. This can cause timeouts and instability.
distributed.core - INFO - Event loop was unresponsive in Worker for 6.48s.  This is often caused by long-running GIL-holding functions or moving large chunks of data. This can cause timeouts and instability.
distributed.core - INFO - Event loop was unresponsive in Worker for 6.76s.  This is often caused by long-running GIL-holding functions or moving large chunks of data. This can cause timeouts and instability.
distributed.core - INFO - Event loop was unresponsive in Worker for 6.56s.  This is often caused by long-running GIL-holding functions or moving large chunks of data. This can cause timeouts and instability.
distributed.core - INFO - Event loop was unresponsive in Worker for 6.45s.  This is often caused by long-running GIL-holding functions or moving large chunks of data. This can cause timeouts and instability.
distributed.core - INFO - Event loop was unresponsive in Worker for 6.48s.  This is often caused by long-running GIL-holding functions or moving large chunks of data. This can cause timeouts and instability.
distributed.core - INFO - Event loop was unresponsive in Worker for 6.53s.  This is often caused by long-running GIL-holding functions or moving large chunks of data. This can cause timeouts and instability.
distributed.core - INFO - Event loop was unresponsive in Worker for 6.70s.  This is often caused by long-running GIL-holding functions or moving large chunks of data. This can cause timeouts and instability.
distributed.core - INFO - Event loop was unresponsive in Worker for 6.70s.  This is often caused by long-running GIL-holding functions or moving large chunks of data. This can cause timeouts and instability.
distributed.core - INFO - Event loop was unresponsive in Worker for 6.51s.  This is often caused by long-running GIL-holding functions or moving large chunks of data. This can cause timeouts and instability.
distributed.core - INFO - Event loop was unresponsive in Worker for 6.87s.  This is often caused by long-running GIL-holding functions or moving large chunks of data. This can cause timeouts and instability.
distributed.core - INFO - Event loop was unresponsive in Worker for 6.78s.  This is often caused by long-running GIL-holding functions or moving large chunks of data. This can cause timeouts and instability.
distributed.core - INFO - Event loop was unresponsive in Worker for 6.46s.  This is often caused by long-running GIL-holding functions or moving large chunks of data. This can cause timeouts and instability.
distributed.core - INFO - Event loop was unresponsive in Worker for 6.76s.  This is often caused by long-running GIL-holding functions or moving large chunks of data. This can cause timeouts and instability.
distributed.core - INFO - Event loop was unresponsive in Worker for 6.70s.  This is often caused by long-running GIL-holding functions or moving large chunks of data. This can cause timeouts and instability.
distributed.core - INFO - Event loop was unresponsive in Worker for 6.59s.  This is often caused by long-running GIL-holding functions or moving large chunks of data. This can cause timeouts and instability.
distributed.core - INFO - Event loop was unresponsive in Worker for 6.77s.  This is often caused by long-running GIL-holding functions or moving large chunks of data. This can cause timeouts and instability.
distributed.core - INFO - Event loop was unresponsive in Worker for 6.77s.  This is often caused by long-running GIL-holding functions or moving large chunks of data. This can cause timeouts and instability.
distributed.core - INFO - Event loop was unresponsive in Worker for 6.77s.  This is often caused by long-running GIL-holding functions or moving large chunks of data. This can cause timeouts and instability.
distributed.core - INFO - Event loop was unresponsive in Worker for 6.50s.  This is often caused by long-running GIL-holding functions or moving large chunks of data. This can cause timeouts and instability.
distributed.core - INFO - Event loop was unresponsive in Worker for 6.77s.  This is often caused by long-running GIL-holding functions or moving large chunks of data. This can cause timeouts and instability.
distributed.core - INFO - Event loop was unresponsive in Worker for 6.45s.  This is often caused by long-running GIL-holding functions or moving large chunks of data. This can cause timeouts and instability.
distributed.core - INFO - Event loop was unresponsive in Worker for 6.77s.  This is often caused by long-running GIL-holding functions or moving large chunks of data. This can cause timeouts and instability.
distributed.core - INFO - Event loop was unresponsive in Worker for 6.70s.  This is often caused by long-running GIL-holding functions or moving large chunks of data. This can cause timeouts and instability.
distributed.core - INFO - Event loop was unresponsive in Worker for 6.70s.  This is often caused by long-running GIL-holding functions or moving large chunks of data. This can cause timeouts and instability.
distributed.core - INFO - Event loop was unresponsive in Worker for 6.83s.  This is often caused by long-running GIL-holding functions or moving large chunks of data. This can cause timeouts and instability.
distributed.core - INFO - Event loop was unresponsive in Worker for 6.71s.  This is often caused by long-running GIL-holding functions or moving large chunks of data. This can cause timeouts and instability.
distributed.core - INFO - Event loop was unresponsive in Worker for 6.80s.  This is often caused by long-running GIL-holding functions or moving large chunks of data. This can cause timeouts and instability.
distributed.worker - INFO - Stopping worker at tcp://10.7.0.2:32845
distributed.worker - INFO - Stopping worker at tcp://10.7.0.2:36340
distributed.worker - INFO - Stopping worker at tcp://10.7.0.2:33245
distributed.worker - INFO - Stopping worker at tcp://10.7.0.2:33951
distributed.worker - INFO - Stopping worker at tcp://10.7.0.2:39681
distributed.worker - INFO - Stopping worker at tcp://10.7.0.2:33843
distributed.worker - INFO - Stopping worker at tcp://10.7.0.2:38576
distributed.worker - INFO - Stopping worker at tcp://10.7.0.2:33063
distributed.worker - INFO - Stopping worker at tcp://10.7.0.2:38685
distributed.worker - INFO - Stopping worker at tcp://10.7.0.2:33788
distributed.worker - INFO - Stopping worker at tcp://10.7.0.2:40647
distributed.worker - INFO - Stopping worker at tcp://10.7.0.2:39894
distributed.worker - INFO - Stopping worker at tcp://10.7.0.2:37734
distributed.worker - INFO - Stopping worker at tcp://10.7.0.3:34896
distributed.worker - INFO - Stopping worker at tcp://10.7.0.2:40442
distributed.worker - INFO - Stopping worker at tcp://10.7.0.3:33889
distributed.worker - INFO - Stopping worker at tcp://10.7.0.2:40301
distributed.worker - INFO - Stopping worker at tcp://10.7.0.2:39602
distributed.worker - INFO - Stopping worker at tcp://10.7.0.3:34981
distributed.worker - INFO - Stopping worker at tcp://10.7.0.2:36975
distributed.worker - INFO - Stopping worker at tcp://10.7.0.2:34705
distributed.worker - INFO - Stopping worker at tcp://10.7.0.2:41252
distributed.worker - INFO - Stopping worker at tcp://10.7.0.3:33114
distributed.worker - INFO - Stopping worker at tcp://10.7.0.2:40913
distributed.worker - INFO - Stopping worker at tcp://10.7.0.2:40393
distributed.worker - INFO - Stopping worker at tcp://10.7.0.2:41405
distributed.worker - INFO - Stopping worker at tcp://10.7.0.3:34656
distributed.worker - INFO - Stopping worker at tcp://10.7.0.2:42237
distributed.worker - INFO - Stopping worker at tcp://10.7.0.2:42505
distributed.worker - INFO - Stopping worker at tcp://10.7.0.2:43732
distributed.worker - INFO - Stopping worker at tcp://10.7.0.3:32797
distributed.worker - INFO - Stopping worker at tcp://10.7.0.2:43435
distributed.worker - INFO - Stopping worker at tcp://10.7.0.2:44782
distributed.worker - INFO - Stopping worker at tcp://10.7.0.2:40881
distributed.worker - INFO - Stopping worker at tcp://10.7.0.2:41963
distributed.worker - INFO - Stopping worker at tcp://10.7.0.3:35869
distributed.worker - INFO - Stopping worker at tcp://10.7.0.2:45569
distributed.worker - INFO - Stopping worker at tcp://10.7.0.3:36411
distributed.worker - INFO - Stopping worker at tcp://10.7.0.2:45109
distributed.worker - INFO - Stopping worker at tcp://10.7.0.2:44297
distributed.worker - INFO - Stopping worker at tcp://10.7.0.3:35520
distributed.worker - INFO - Stopping worker at tcp://10.7.0.2:44812
distributed.worker - INFO - Stopping worker at tcp://10.7.0.2:44158
distributed.worker - INFO - Stopping worker at tcp://10.7.0.3:36638
distributed.worker - INFO - Stopping worker at tcp://10.7.0.2:45947
distributed.worker - INFO - Stopping worker at tcp://10.7.0.2:45289
distributed.worker - INFO - Stopping worker at tcp://10.7.0.3:36605
distributed.worker - INFO - Stopping worker at tcp://10.7.0.2:42948
distributed.worker - INFO - Stopping worker at tcp://10.7.0.3:36209
distributed.worker - INFO - Stopping worker at tcp://10.7.0.2:39614
distributed.worker - INFO - Stopping worker at tcp://10.7.0.3:36788
distributed.worker - INFO - Stopping worker at tcp://10.7.0.2:46017
distributed.worker - INFO - Stopping worker at tcp://10.7.0.3:36490
distributed.worker - INFO - Stopping worker at tcp://10.7.0.3:35536
distributed.worker - INFO - Stopping worker at tcp://10.7.0.3:38306
distributed.worker - INFO - Stopping worker at tcp://10.7.0.3:38403
distributed.worker - INFO - Stopping worker at tcp://10.7.0.3:33287
distributed.worker - INFO - Stopping worker at tcp://10.7.0.3:36912
distributed.worker - INFO - Stopping worker at tcp://10.7.0.3:37363
distributed.worker - INFO - Stopping worker at tcp://10.7.0.3:39505
distributed.worker - INFO - Stopping worker at tcp://10.7.0.3:35963
distributed.worker - INFO - Stopping worker at tcp://10.7.0.3:39028
distributed.worker - INFO - Stopping worker at tcp://10.7.0.3:39388
distributed.worker - INFO - Stopping worker at tcp://10.7.0.3:35346
distributed.worker - INFO - Stopping worker at tcp://10.7.0.3:36938
distributed.worker - INFO - Stopping worker at tcp://10.7.0.3:39084
distributed.worker - INFO - Stopping worker at tcp://10.7.0.3:40115
distributed.worker - INFO - Stopping worker at tcp://10.7.0.3:46176
distributed.worker - INFO - Stopping worker at tcp://10.7.0.3:40009
distributed.worker - INFO - Stopping worker at tcp://10.7.0.3:39463
distributed.worker - INFO - Stopping worker at tcp://10.7.0.2:42899
distributed.worker - INFO - Stopping worker at tcp://10.7.0.3:42743
distributed.worker - INFO - Stopping worker at tcp://10.7.0.3:43962
distributed.worker - INFO - Stopping worker at tcp://10.7.0.3:46553
distributed.worker - INFO - Stopping worker at tcp://10.7.0.3:43687
distributed.worker - INFO - Stopping worker at tcp://10.7.0.3:40154
distributed.worker - INFO - Stopping worker at tcp://10.7.0.3:46140
distributed.worker - INFO - Stopping worker at tcp://10.7.0.3:45359
distributed.worker - INFO - Stopping worker at tcp://10.7.0.3:42181
distributed.worker - INFO - Stopping worker at tcp://10.7.0.3:40825
distributed.nanny - INFO -         Start Nanny at: 'tcp://10.7.0.2:42700'
distributed.nanny - INFO -         Start Nanny at: 'tcp://10.7.0.2:39221'
distributed.nanny - INFO -         Start Nanny at: 'tcp://10.7.0.2:33735'
distributed.nanny - INFO -         Start Nanny at: 'tcp://10.7.0.2:41804'
distributed.nanny - INFO -         Start Nanny at: 'tcp://10.7.0.2:39251'
distributed.nanny - INFO -         Start Nanny at: 'tcp://10.7.0.2:43211'
distributed.nanny - INFO -         Start Nanny at: 'tcp://10.7.0.2:32979'
distributed.nanny - INFO -         Start Nanny at: 'tcp://10.7.0.2:44471'
distributed.nanny - INFO -         Start Nanny at: 'tcp://10.7.0.2:36141'
distributed.nanny - INFO -         Start Nanny at: 'tcp://10.7.0.2:34976'
distributed.nanny - INFO -         Start Nanny at: 'tcp://10.7.0.2:40136'
distributed.nanny - INFO -         Start Nanny at: 'tcp://10.7.0.2:43938'
distributed.nanny - INFO -         Start Nanny at: 'tcp://10.7.0.2:36279'
distributed.nanny - INFO -         Start Nanny at: 'tcp://10.7.0.2:38827'
distributed.nanny - INFO -         Start Nanny at: 'tcp://10.7.0.2:38558'
distributed.nanny - INFO -         Start Nanny at: 'tcp://10.7.0.2:40465'
distributed.nanny - INFO -         Start Nanny at: 'tcp://10.7.0.2:36987'
distributed.nanny - INFO -         Start Nanny at: 'tcp://10.7.0.2:42240'
distributed.nanny - INFO -         Start Nanny at: 'tcp://10.7.0.2:35668'
distributed.nanny - INFO -         Start Nanny at: 'tcp://10.7.0.2:34010'
distributed.nanny - INFO -         Start Nanny at: 'tcp://10.7.0.2:38400'
distributed.nanny - INFO -         Start Nanny at: 'tcp://10.7.0.2:46062'
distributed.nanny - INFO -         Start Nanny at: 'tcp://10.7.0.2:42168'
distributed.nanny - INFO -         Start Nanny at: 'tcp://10.7.0.2:40446'
distributed.nanny - INFO -         Start Nanny at: 'tcp://10.7.0.2:35079'
distributed.nanny - INFO -         Start Nanny at: 'tcp://10.7.0.2:44401'
distributed.nanny - INFO -         Start Nanny at: 'tcp://10.7.0.2:35836'
distributed.nanny - INFO -         Start Nanny at: 'tcp://10.7.0.2:33213'
distributed.nanny - INFO -         Start Nanny at: 'tcp://10.7.0.2:41647'
distributed.nanny - INFO -         Start Nanny at: 'tcp://10.7.0.2:34491'
distributed.nanny - INFO -         Start Nanny at: 'tcp://10.7.0.3:43030'
distributed.nanny - INFO -         Start Nanny at: 'tcp://10.7.0.2:42005'
distributed.nanny - INFO -         Start Nanny at: 'tcp://10.7.0.3:46589'
distributed.nanny - INFO -         Start Nanny at: 'tcp://10.7.0.2:39649'
distributed.nanny - INFO -         Start Nanny at: 'tcp://10.7.0.3:33601'
distributed.nanny - INFO -         Start Nanny at: 'tcp://10.7.0.2:45519'
distributed.nanny - INFO -         Start Nanny at: 'tcp://10.7.0.2:36553'
distributed.nanny - INFO -         Start Nanny at: 'tcp://10.7.0.3:39323'
distributed.nanny - INFO -         Start Nanny at: 'tcp://10.7.0.3:36993'
distributed.nanny - INFO -         Start Nanny at: 'tcp://10.7.0.2:33474'
distributed.nanny - INFO -         Start Nanny at: 'tcp://10.7.0.2:43357'
distributed.nanny - INFO -         Start Nanny at: 'tcp://10.7.0.3:34741'
distributed.nanny - INFO - Worker closed
distributed.nanny - INFO -         Start Nanny at: 'tcp://10.7.0.3:42494'
distributed.nanny - INFO - Worker closed
distributed.nanny - INFO -         Start Nanny at: 'tcp://10.7.0.3:40286'
distributed.nanny - INFO - Worker closed
distributed.nanny - INFO -         Start Nanny at: 'tcp://10.7.0.3:43432'
distributed.nanny - INFO - Worker closed
distributed.nanny - INFO - Worker closed
distributed.nanny - INFO -         Start Nanny at: 'tcp://10.7.0.3:42185'
distributed.nanny - INFO -         Start Nanny at: 'tcp://10.7.0.3:35788'
distributed.nanny - INFO -         Start Nanny at: 'tcp://10.7.0.3:46798'
distributed.nanny - INFO -         Start Nanny at: 'tcp://10.7.0.3:45217'
distributed.nanny - INFO -         Start Nanny at: 'tcp://10.7.0.3:37899'
distributed.nanny - INFO -         Start Nanny at: 'tcp://10.7.0.3:41196'
distributed.nanny - INFO -         Start Nanny at: 'tcp://10.7.0.3:37171'
distributed.nanny - INFO -         Start Nanny at: 'tcp://10.7.0.3:42532'
distributed.nanny - INFO -         Start Nanny at: 'tcp://10.7.0.3:35865'
distributed.nanny - INFO -         Start Nanny at: 'tcp://10.7.0.3:40192'
distributed.nanny - INFO -         Start Nanny at: 'tcp://10.7.0.3:36477'
distributed.nanny - INFO -         Start Nanny at: 'tcp://10.7.0.3:42243'
distributed.nanny - INFO -         Start Nanny at: 'tcp://10.7.0.3:41826'
distributed.nanny - INFO -         Start Nanny at: 'tcp://10.7.0.3:39594'
distributed.nanny - INFO -         Start Nanny at: 'tcp://10.7.0.3:44945'
distributed.nanny - INFO -         Start Nanny at: 'tcp://10.7.0.3:36947'
distributed.nanny - INFO -         Start Nanny at: 'tcp://10.7.0.3:36677'
distributed.nanny - INFO -         Start Nanny at: 'tcp://10.7.0.3:40794'
distributed.nanny - INFO -         Start Nanny at: 'tcp://10.7.0.3:35398'
distributed.nanny - INFO -         Start Nanny at: 'tcp://10.7.0.3:45607'
distributed.nanny - INFO -         Start Nanny at: 'tcp://10.7.0.3:43823'
distributed.nanny - INFO -         Start Nanny at: 'tcp://10.7.0.3:39699'
distributed.nanny - INFO -         Start Nanny at: 'tcp://10.7.0.3:34445'
distributed.nanny - INFO -         Start Nanny at: 'tcp://10.7.0.3:44968'
distributed.nanny - INFO -         Start Nanny at: 'tcp://10.7.0.3:42770'
distributed.nanny - INFO -         Start Nanny at: 'tcp://10.7.0.3:42808'
distributed.nanny - INFO -         Start Nanny at: 'tcp://10.7.0.3:39715'
distributed.nanny - INFO -         Start Nanny at: 'tcp://10.7.0.3:41284'
distributed.nanny - INFO -         Start Nanny at: 'tcp://10.7.0.2:41594'
distributed.nanny - INFO -         Start Nanny at: 'tcp://10.7.0.3:45759'
distributed.nanny - INFO -         Start Nanny at: 'tcp://10.7.0.3:43306'
distributed.worker - WARNING - Heartbeat to scheduler failed
Traceback (most recent call last):
  File "/gpfs/users/fernandezx/spack/opt/spack/linux-centos7-cascadelake/gcc-11.2.0/py-distributed-deisa-tvck22hdjddjrkrb4clzsednvt2igzro/lib/python3.10/site-packages/distributed/comm/tcp.py", line 205, in read
    frames_nbytes = await stream.read_bytes(fmt_size)
tornado.iostream.StreamClosedError: Stream is closed

The above exception was the direct cause of the following exception:

Traceback (most recent call last):
  File "/gpfs/users/fernandezx/spack/opt/spack/linux-centos7-cascadelake/gcc-11.2.0/py-distributed-deisa-tvck22hdjddjrkrb4clzsednvt2igzro/lib/python3.10/site-packages/distributed/worker.py", line 1235, in heartbeat
    response = await retry_operation(
  File "/gpfs/users/fernandezx/spack/opt/spack/linux-centos7-cascadelake/gcc-11.2.0/py-distributed-deisa-tvck22hdjddjrkrb4clzsednvt2igzro/lib/python3.10/site-packages/distributed/utils_comm.py", line 366, in retry_operation
    return await retry(
  File "/gpfs/users/fernandezx/spack/opt/spack/linux-centos7-cascadelake/gcc-11.2.0/py-distributed-deisa-tvck22hdjddjrkrb4clzsednvt2igzro/lib/python3.10/site-packages/distributed/utils_comm.py", line 351, in retry
    return await coro()
  File "/gpfs/users/fernandezx/spack/opt/spack/linux-centos7-cascadelake/gcc-11.2.0/py-distributed-deisa-tvck22hdjddjrkrb4clzsednvt2igzro/lib/python3.10/site-packages/distributed/core.py", line 887, in send_recv_from_rpc
    result = await send_recv(comm=comm, op=key, **kwargs)
  File "/gpfs/users/fernandezx/spack/opt/spack/linux-centos7-cascadelake/gcc-11.2.0/py-distributed-deisa-tvck22hdjddjrkrb4clzsednvt2igzro/lib/python3.10/site-packages/distributed/core.py", line 664, in send_recv
    response = await comm.read(deserializers=deserializers)
  File "/gpfs/users/fernandezx/spack/opt/spack/linux-centos7-cascadelake/gcc-11.2.0/py-distributed-deisa-tvck22hdjddjrkrb4clzsednvt2igzro/lib/python3.10/site-packages/distributed/comm/tcp.py", line 221, in read
    convert_stream_closed_error(self, e)
  File "/gpfs/users/fernandezx/spack/opt/spack/linux-centos7-cascadelake/gcc-11.2.0/py-distributed-deisa-tvck22hdjddjrkrb4clzsednvt2igzro/lib/python3.10/site-packages/distributed/comm/tcp.py", line 128, in convert_stream_closed_error
    raise CommClosedError(f"in {obj}: {exc}") from exc
distributed.comm.core.CommClosedError: in <TCP (closed) ConnectionPool.heartbeat_worker local=tcp://10.7.0.2:34982 remote=tcp://10.7.0.1:8786>: Stream is closed
distributed.nanny - INFO - Worker closed
distributed.nanny - INFO - Worker closed
distributed.nanny - INFO -         Start Nanny at: 'tcp://10.7.0.2:33860'
distributed.nanny - INFO -         Start Nanny at: 'tcp://10.7.0.2:38208'
distributed.nanny - INFO - Worker closed
distributed.nanny - INFO - Worker closed
distributed.nanny - INFO - Worker closed
distributed.nanny - INFO -         Start Nanny at: 'tcp://10.7.0.2:36143'
distributed.nanny - INFO - Worker closed
distributed.nanny - INFO - Worker closed
distributed.nanny - INFO - Worker closed
distributed.nanny - INFO - Worker closed
distributed.nanny - INFO - Worker closed
distributed.nanny - INFO - Worker closed
distributed.nanny - INFO - Worker closed
distributed.nanny - INFO - Worker closed
distributed.nanny - INFO - Worker closed
distributed.nanny - INFO - Worker closed
distributed.nanny - INFO - Worker closed
distributed.nanny - INFO - Worker closed
distributed.nanny - INFO - Worker closed
distributed.nanny - INFO - Worker closed
distributed.nanny - INFO - Worker closed
distributed.nanny - INFO - Worker closed
distributed.nanny - INFO - Worker closed
distributed.nanny - INFO - Worker closed
distributed.nanny - INFO - Worker closed
distributed.nanny - INFO - Worker closed
distributed.nanny - INFO - Worker closed
distributed.nanny - INFO - Worker closed
distributed.nanny - INFO - Worker closed
distributed.nanny - INFO - Worker closed
distributed.nanny - INFO -         Start Nanny at: 'tcp://10.7.0.3:33050'
distributed.nanny - INFO - Worker closed
distributed.nanny - INFO - Worker closed
distributed.worker - WARNING - Heartbeat to scheduler failed
Traceback (most recent call last):
  File "/gpfs/users/fernandezx/spack/opt/spack/linux-centos7-cascadelake/gcc-11.2.0/py-distributed-deisa-tvck22hdjddjrkrb4clzsednvt2igzro/lib/python3.10/site-packages/distributed/comm/tcp.py", line 205, in read
    frames_nbytes = await stream.read_bytes(fmt_size)
tornado.iostream.StreamClosedError: Stream is closed

The above exception was the direct cause of the following exception:

Traceback (most recent call last):
  File "/gpfs/users/fernandezx/spack/opt/spack/linux-centos7-cascadelake/gcc-11.2.0/py-distributed-deisa-tvck22hdjddjrkrb4clzsednvt2igzro/lib/python3.10/site-packages/distributed/worker.py", line 1235, in heartbeat
    response = await retry_operation(
  File "/gpfs/users/fernandezx/spack/opt/spack/linux-centos7-cascadelake/gcc-11.2.0/py-distributed-deisa-tvck22hdjddjrkrb4clzsednvt2igzro/lib/python3.10/site-packages/distributed/utils_comm.py", line 366, in retry_operation
    return await retry(
  File "/gpfs/users/fernandezx/spack/opt/spack/linux-centos7-cascadelake/gcc-11.2.0/py-distributed-deisa-tvck22hdjddjrkrb4clzsednvt2igzro/lib/python3.10/site-packages/distributed/utils_comm.py", line 351, in retry
    return await coro()
  File "/gpfs/users/fernandezx/spack/opt/spack/linux-centos7-cascadelake/gcc-11.2.0/py-distributed-deisa-tvck22hdjddjrkrb4clzsednvt2igzro/lib/python3.10/site-packages/distributed/core.py", line 887, in send_recv_from_rpc
    result = await send_recv(comm=comm, op=key, **kwargs)
  File "/gpfs/users/fernandezx/spack/opt/spack/linux-centos7-cascadelake/gcc-11.2.0/py-distributed-deisa-tvck22hdjddjrkrb4clzsednvt2igzro/lib/python3.10/site-packages/distributed/core.py", line 664, in send_recv
    response = await comm.read(deserializers=deserializers)
  File "/gpfs/users/fernandezx/spack/opt/spack/linux-centos7-cascadelake/gcc-11.2.0/py-distributed-deisa-tvck22hdjddjrkrb4clzsednvt2igzro/lib/python3.10/site-packages/distributed/comm/tcp.py", line 221, in read
    convert_stream_closed_error(self, e)
  File "/gpfs/users/fernandezx/spack/opt/spack/linux-centos7-cascadelake/gcc-11.2.0/py-distributed-deisa-tvck22hdjddjrkrb4clzsednvt2igzro/lib/python3.10/site-packages/distributed/comm/tcp.py", line 128, in convert_stream_closed_error
    raise CommClosedError(f"in {obj}: {exc}") from exc
distributed.comm.core.CommClosedError: in <TCP (closed) ConnectionPool.heartbeat_worker local=tcp://10.7.0.2:34988 remote=tcp://10.7.0.1:8786>: Stream is closed
distributed.nanny - INFO - Worker closed
distributed.nanny - INFO - Worker closed
distributed.nanny - INFO - Worker closed
distributed.nanny - INFO - Worker closed
distributed.nanny - INFO - Worker closed
distributed.nanny - INFO - Worker closed
distributed.nanny - INFO - Worker closed
distributed.nanny - INFO - Worker closed
distributed.nanny - INFO - Worker closed
distributed.nanny - INFO - Worker closed
distributed.nanny - INFO - Worker closed
distributed.nanny - INFO - Worker closed
distributed.nanny - INFO - Worker closed
distributed.nanny - INFO - Worker closed
distributed.nanny - INFO - Worker closed
distributed.nanny - INFO - Worker closed
distributed.nanny - INFO - Worker closed
distributed.nanny - INFO - Worker closed
distributed.nanny - INFO - Worker closed
distributed.nanny - INFO - Worker closed
distributed.nanny - INFO - Worker closed
distributed.nanny - INFO - Worker closed
distributed.nanny - INFO - Worker closed
distributed.nanny - INFO - Worker closed
distributed.nanny - INFO - Worker closed
distributed.nanny - INFO - Worker closed
distributed.nanny - INFO - Worker closed
distributed.nanny - INFO - Worker closed
distributed.nanny - INFO - Worker closed
distributed.nanny - INFO - Worker closed
distributed.nanny - INFO - Worker closed
distributed.nanny - INFO - Worker closed
distributed.nanny - INFO - Worker closed
distributed.nanny - INFO - Worker closed
distributed.nanny - INFO - Worker closed
distributed.nanny - INFO - Worker closed
distributed.nanny - INFO - Worker closed
distributed.nanny - INFO - Worker closed
distributed.nanny - INFO - Worker closed
distributed.nanny - INFO - Worker closed
distributed.nanny - INFO - Worker closed
distributed.nanny - INFO - Worker closed
distributed.nanny - INFO - Worker closed
distributed.nanny - INFO - Worker closed
distributed.nanny - INFO - Closing Nanny at 'tcp://10.7.0.3:35398'
distributed.dask_worker - INFO - End worker
distributed.nanny - INFO - Closing Nanny at 'tcp://10.7.0.3:42243'
distributed.dask_worker - INFO - End worker
distributed.nanny - INFO - Closing Nanny at 'tcp://10.7.0.3:46798'
distributed.dask_worker - INFO - End worker
distributed.nanny - INFO - Closing Nanny at 'tcp://10.7.0.2:36279'
distributed.dask_worker - INFO - End worker
distributed.nanny - INFO - Closing Nanny at 'tcp://10.7.0.2:40446'
distributed.nanny - INFO - Closing Nanny at 'tcp://10.7.0.2:39221'
distributed.dask_worker - INFO - End worker
distributed.dask_worker - INFO - End worker
distributed.nanny - INFO - Closing Nanny at 'tcp://10.7.0.2:36987'
distributed.nanny - INFO - Closing Nanny at 'tcp://10.7.0.2:42700'
distributed.dask_worker - INFO - End worker
distributed.nanny - INFO - Closing Nanny at 'tcp://10.7.0.2:34976'
distributed.nanny - INFO - Closing Nanny at 'tcp://10.7.0.3:45217'
distributed.dask_worker - INFO - End worker
distributed.dask_worker - INFO - End worker
distributed.dask_worker - INFO - End worker
distributed.nanny - INFO - Closing Nanny at 'tcp://10.7.0.2:43211'
distributed.dask_worker - INFO - End worker
distributed.nanny - INFO - Closing Nanny at 'tcp://10.7.0.3:34741'
distributed.dask_worker - INFO - End worker
distributed.nanny - INFO - Closing Nanny at 'tcp://10.7.0.2:46062'
distributed.nanny - INFO - Closing Nanny at 'tcp://10.7.0.2:34491'
distributed.dask_worker - INFO - End worker
distributed.dask_worker - INFO - End worker
distributed.nanny - INFO - Closing Nanny at 'tcp://10.7.0.3:43823'
distributed.nanny - INFO - Closing Nanny at 'tcp://10.7.0.3:43030'
distributed.dask_worker - INFO - End worker
distributed.dask_worker - INFO - End worker
distributed.nanny - INFO - Closing Nanny at 'tcp://10.7.0.2:35668'
distributed.nanny - INFO - Closing Nanny at 'tcp://10.7.0.2:38558'
distributed.dask_worker - INFO - End worker
distributed.nanny - INFO - Closing Nanny at 'tcp://10.7.0.2:33735'
distributed.dask_worker - INFO - End worker
distributed.dask_worker - INFO - End worker
distributed.nanny - INFO - Closing Nanny at 'tcp://10.7.0.3:42185'
distributed.nanny - INFO - Closing Nanny at 'tcp://10.7.0.3:39323'
distributed.dask_worker - INFO - End worker
distributed.nanny - INFO - Closing Nanny at 'tcp://10.7.0.3:35865'
distributed.nanny - INFO - Closing Nanny at 'tcp://10.7.0.3:33601'
distributed.nanny - INFO - Closing Nanny at 'tcp://10.7.0.3:37899'
distributed.dask_worker - INFO - End worker
distributed.dask_worker - INFO - End worker
distributed.dask_worker - INFO - End worker
distributed.dask_worker - INFO - End worker
distributed.nanny - INFO - Closing Nanny at 'tcp://10.7.0.2:36143'
distributed.dask_worker - INFO - End worker
distributed.nanny - INFO - Closing Nanny at 'tcp://10.7.0.3:40794'
distributed.dask_worker - INFO - End worker
distributed.nanny - INFO - Closing Nanny at 'tcp://10.7.0.2:34010'
distributed.dask_worker - INFO - End worker
distributed.nanny - INFO - Closing Nanny at 'tcp://10.7.0.3:41826'
distributed.nanny - INFO - Closing Nanny at 'tcp://10.7.0.2:32979'
distributed.dask_worker - INFO - End worker
distributed.nanny - INFO - Closing Nanny at 'tcp://10.7.0.2:38827'
distributed.dask_worker - INFO - End worker
distributed.dask_worker - INFO - End worker
distributed.nanny - INFO - Closing Nanny at 'tcp://10.7.0.2:38400'
distributed.nanny - INFO - Closing Nanny at 'tcp://10.7.0.2:40136'
distributed.dask_worker - INFO - End worker
distributed.dask_worker - INFO - End worker
distributed.nanny - INFO - Closing Nanny at 'tcp://10.7.0.3:36993'
distributed.nanny - INFO - Closing Nanny at 'tcp://10.7.0.2:40465'
distributed.nanny - INFO - Closing Nanny at 'tcp://10.7.0.2:42168'
distributed.nanny - INFO - Closing Nanny at 'tcp://10.7.0.2:43938'
distributed.dask_worker - INFO - End worker
distributed.nanny - INFO - Closing Nanny at 'tcp://10.7.0.2:36141'
distributed.dask_worker - INFO - End worker
distributed.dask_worker - INFO - End worker
distributed.dask_worker - INFO - End worker
distributed.nanny - INFO - Closing Nanny at 'tcp://10.7.0.2:33860'
distributed.nanny - INFO - Closing Nanny at 'tcp://10.7.0.2:44471'
distributed.nanny - INFO - Closing Nanny at 'tcp://10.7.0.3:44945'
distributed.dask_worker - INFO - End worker
distributed.nanny - INFO - Closing Nanny at 'tcp://10.7.0.2:33474'
distributed.nanny - INFO - Closing Nanny at 'tcp://10.7.0.3:34445'
distributed.dask_worker - INFO - End worker
distributed.nanny - INFO - Closing Nanny at 'tcp://10.7.0.3:43432'
distributed.nanny - INFO - Closing Nanny at 'tcp://10.7.0.3:43306'
distributed.dask_worker - INFO - End worker
distributed.dask_worker - INFO - End worker
distributed.dask_worker - INFO - End worker
distributed.dask_worker - INFO - End worker
distributed.dask_worker - INFO - End worker
distributed.dask_worker - INFO - End worker
distributed.nanny - INFO - Closing Nanny at 'tcp://10.7.0.2:42240'
distributed.nanny - INFO - Closing Nanny at 'tcp://10.7.0.2:35079'
distributed.nanny - INFO - Closing Nanny at 'tcp://10.7.0.3:41196'
distributed.dask_worker - INFO - End worker
distributed.nanny - INFO - Closing Nanny at 'tcp://10.7.0.2:41594'
distributed.dask_worker - INFO - End worker
distributed.nanny - INFO - Closing Nanny at 'tcp://10.7.0.2:35836'
distributed.dask_worker - INFO - End worker
distributed.nanny - INFO - Closing Nanny at 'tcp://10.7.0.2:43357'
distributed.dask_worker - INFO - End worker
distributed.nanny - INFO - Closing Nanny at 'tcp://10.7.0.2:36553'
distributed.dask_worker - INFO - End worker
distributed.nanny - INFO - Closing Nanny at 'tcp://10.7.0.2:38208'
distributed.dask_worker - INFO - End worker
distributed.nanny - INFO - Closing Nanny at 'tcp://10.7.0.2:33213'
distributed.dask_worker - INFO - End worker
distributed.dask_worker - INFO - End worker
distributed.nanny - INFO - Closing Nanny at 'tcp://10.7.0.2:42005'
distributed.dask_worker - INFO - End worker
distributed.nanny - INFO - Closing Nanny at 'tcp://10.7.0.2:41647'
distributed.dask_worker - INFO - End worker
distributed.nanny - INFO - Closing Nanny at 'tcp://10.7.0.2:39251'
distributed.dask_worker - INFO - End worker
distributed.nanny - INFO - Closing Nanny at 'tcp://10.7.0.2:39649'
distributed.dask_worker - INFO - End worker
distributed.nanny - INFO - Closing Nanny at 'tcp://10.7.0.2:44401'
distributed.dask_worker - INFO - End worker
distributed.nanny - INFO - Closing Nanny at 'tcp://10.7.0.2:45519'
distributed.dask_worker - INFO - End worker
distributed.nanny - INFO - Closing Nanny at 'tcp://10.7.0.2:41804'
distributed.dask_worker - INFO - End worker
distributed.nanny - INFO - Closing Nanny at 'tcp://10.7.0.3:35788'
distributed.dask_worker - INFO - End worker
distributed.nanny - INFO - Closing Nanny at 'tcp://10.7.0.3:45759'
distributed.dask_worker - INFO - End worker
distributed.nanny - INFO - Closing Nanny at 'tcp://10.7.0.3:37171'
distributed.dask_worker - INFO - End worker
distributed.nanny - INFO - Closing Nanny at 'tcp://10.7.0.3:36477'
distributed.dask_worker - INFO - End worker
distributed.nanny - INFO - Closing Nanny at 'tcp://10.7.0.3:39699'
distributed.dask_worker - INFO - End worker
distributed.nanny - INFO - Closing Nanny at 'tcp://10.7.0.3:36947'
distributed.dask_worker - INFO - End worker
distributed.nanny - INFO - Closing Nanny at 'tcp://10.7.0.3:36677'
distributed.dask_worker - INFO - End worker
distributed.nanny - INFO - Closing Nanny at 'tcp://10.7.0.3:42532'
distributed.dask_worker - INFO - End worker
distributed.nanny - INFO - Closing Nanny at 'tcp://10.7.0.3:42494'
distributed.dask_worker - INFO - End worker
distributed.nanny - INFO - Closing Nanny at 'tcp://10.7.0.3:40286'
distributed.dask_worker - INFO - End worker
distributed.nanny - INFO - Closing Nanny at 'tcp://10.7.0.3:44968'
distributed.dask_worker - INFO - End worker
distributed.nanny - INFO - Closing Nanny at 'tcp://10.7.0.3:42808'
distributed.dask_worker - INFO - End worker
distributed.nanny - INFO - Closing Nanny at 'tcp://10.7.0.3:39715'
distributed.dask_worker - INFO - End worker
distributed.nanny - INFO - Closing Nanny at 'tcp://10.7.0.3:40192'
distributed.dask_worker - INFO - End worker
distributed.nanny - INFO - Closing Nanny at 'tcp://10.7.0.3:46589'
distributed.dask_worker - INFO - End worker
distributed.nanny - INFO - Closing Nanny at 'tcp://10.7.0.3:42770'
distributed.dask_worker - INFO - End worker
distributed.nanny - INFO - Closing Nanny at 'tcp://10.7.0.3:33050'
distributed.nanny - INFO - Closing Nanny at 'tcp://10.7.0.3:41284'
distributed.dask_worker - INFO - End worker
distributed.dask_worker - INFO - End worker
distributed.nanny - INFO - Closing Nanny at 'tcp://10.7.0.3:39594'
distributed.dask_worker - INFO - End worker
distributed.nanny - INFO - Closing Nanny at 'tcp://10.7.0.3:45607'
distributed.dask_worker - INFO - End worker
distributed.dask_worker - INFO - End worker
